#
# A fatal error has been detected by the Java Runtime Environment:
#
#  Internal Error (classFileParser.cpp:3375), pid=1388, tid=10888
#  Error: ShouldNotReachHere()
#
# JRE version: 6.0_24-b07
# Java VM: Java HotSpot(TM) Client VM (19.1-b02 mixed mode windows-x86 )
# If you would like to submit a bug report, please visit:
#   http://java.sun.com/webapps/bugreport/crash.jsp
#

---------------  T H R E A D  ---------------

Current thread (0x01bbe800):  JavaThread "Unknown thread" [_thread_in_vm, id=10888, stack(0x001b0000,0x00200000)]

Stack: [0x001b0000,0x00200000],  sp=0x001ff87c,  free space=318k
Native frames: (J=compiled Java code, j=interpreted, Vv=VM code, C=native code)
V  [jvm.dll+0x1fa487]
V  [jvm.dll+0xa337b]
V  [jvm.dll+0x747c8]
V  [jvm.dll+0x75fef]
V  [jvm.dll+0x1c9fc5]
V  [jvm.dll+0x1ca826]
V  [jvm.dll+0x1cabd5]
V  [jvm.dll+0x1cac69]
V  [jvm.dll+0x1cad2c]
V  [jvm.dll+0x1cadaa]
V  [jvm.dll+0x1cae8d]
V  [jvm.dll+0x1cb132]
V  [jvm.dll+0x1ea453]
V  [jvm.dll+0x1ea82c]
V  [jvm.dll+0xd9b4c]
V  [jvm.dll+0x1e3b96]
V  [jvm.dll+0x1033b0]
C  [javaw.exe+0x1657]
C  [javaw.exe+0x1e2c]
C  [javaw.exe+0x8614]
C  [kernel32.dll+0x4ed6c]
C  [ntdll.dll+0x637f5]
C  [ntdll.dll+0x637c8]


---------------  P R O C E S S  ---------------

Java Threads: ( => current thread )

Other Threads:

=>0x01bbe800 (exited) JavaThread "Unknown thread" [_thread_in_vm, id=10888, stack(0x001b0000,0x00200000)]

VM state:not at safepoint (not fully initialized)

VM Mutex/Monitor currently owned by a thread: None

Dynamic libraries:
0x00400000 - 0x00424000 	E:\Program Files\Java\jre6\bin\javaw.exe
0x76dc0000 - 0x76efc000 	C:\Windows\SYSTEM32\ntdll.dll
0x75520000 - 0x755f4000 	C:\Windows\system32\kernel32.dll
0x75170000 - 0x751ba000 	C:\Windows\system32\KERNELBASE.dll
0x75870000 - 0x75910000 	C:\Windows\system32\ADVAPI32.dll
0x76f40000 - 0x76fec000 	C:\Windows\system32\msvcrt.dll
0x75910000 - 0x75929000 	C:\Windows\SYSTEM32\sechost.dll
0x75930000 - 0x759d1000 	C:\Windows\system32\RPCRT4.dll
0x75760000 - 0x75829000 	C:\Windows\system32\USER32.dll
0x75610000 - 0x7565e000 	C:\Windows\system32\GDI32.dll
0x75c60000 - 0x75c6a000 	C:\Windows\system32\LPK.dll
0x756c0000 - 0x7575d000 	C:\Windows\system32\USP10.dll
0x76bb0000 - 0x76bcf000 	C:\Windows\system32\IMM32.DLL
0x75450000 - 0x7551c000 	C:\Windows\system32\MSCTF.dll
0x7c340000 - 0x7c396000 	E:\Program Files\Java\jre6\bin\msvcr71.dll
0x6d7f0000 - 0x6da96000 	E:\Program Files\Java\jre6\bin\client\jvm.dll
0x74f30000 - 0x74f62000 	C:\Windows\system32\WINMM.dll
0x74db0000 - 0x74dfc000 	C:\Windows\system32\apphelp.dll
0x6d7a0000 - 0x6d7ac000 	E:\Program Files\Java\jre6\bin\verify.dll
0x6d320000 - 0x6d33f000 	E:\Program Files\Java\jre6\bin\java.dll
0x6d280000 - 0x6d288000 	E:\Program Files\Java\jre6\bin\hpi.dll
0x76f00000 - 0x76f05000 	C:\Windows\system32\PSAPI.DLL
0x6d7e0000 - 0x6d7ef000 	E:\Program Files\Java\jre6\bin\zip.dll

VM Arguments:
jvm_args: -Dfile.encoding=GBK -Xbootclasspath:E:\Program Files\Android\android-sdk-windows\platforms\android-3\android.jar;E:\Program Files\Android\android-sdk-windows\add-ons\addon_google_apis_google_inc_3\libs\maps.jar 
java_command: main.Client
Launcher Type: SUN_STANDARD

Environment Variables:
JAVA_HOME=E:\Program Files\Java\jdk1.6.0_24
CLASSPATH=.;1.302633E+220:\Program Files\Java\jdk1.6.0_24\lib\tools.jar;1.361043E+220:\Program Files\Java\jdk1.6.0_24\lib\dt.jar;D:\±à³Ì\java\jfreechart\jfreechart-1.0.13\lib;E:\Program Files\Java\jre6\lib\ext\QTJava.zip;E:\Program Files\sqljdbc_3.0\enu\sqljdbc4.jar;E:\cygwin\lib
PATH=E:/Program Files/Java/jre6/bin/client;E:/Program Files/Java/jre6/bin;E:/Program Files/Java/jre6/lib/i386;e:\app\Administrator\product\11.2.0\dbhome_1\bin;C:\Windows\system32;C:\Windows;C:\Windows\System32\Wbem;C:\Windows\System32\WindowsPowerShell\v1.0\;C:\Program Files\ATI Technologies\ATI.ACE\Core-Static;C:\Program Files\Common Files\Thunder Network\KanKan\Codecs;E:\Program Files\TortoiseSVN\bin;C:\Program Files\Microsoft SQL Server\90\Tools\binn\;e:\program files\altera\90sp2\quartus\bin;E:\Program Files\MySQL\MySQL Server 5.1\bin;E:\Program Files\Java\jdk1.6.0_24\bin;E:\Program Files\Java\apache-ant-1.8.2\bin;E:\Program Files\Java\jre6;E:\Program Files\SQL Anywhere 12\bin32;e:\CTEX\UserData\miktex\bin;e:\CTEX\MiKTeX\miktex\bin;e:\CTEX\CTeX\ctex\bin;e:\CTEX\CTeX\cct\bin;e:\CTEX\CTeX\ty\bin;e:\CTEX\Ghostscript\gs9.00\bin;e:\CTEX\GSview\gsview;e:\CTEX\WinEdt;C:\Program Files\QuickTime\QTSystem\;C:\Program Files\Microsoft SQL Server\100\Tools\Binn\;C:\Program Files\Microsoft SQL Server\100\DTS\Binn\;E:\Program Files\BCGControlBarPro\Bin;E:\MeeGoSDK_1.2\QtCreator\bin;E:\MeeGoSDK_1.2\Simulator\Qt\bin;C:\Program Files\Microsoft SQL Server\100\Tools\Binn\VSShell\Common7\IDE\;E:\Program Files\Microsoft Visual Studio 9.0\Common7\IDE\PrivateAssemblies\;E:\MeeGoSDK_1.2\MADDE\bin;E:\MeeGoSDK_1.2\QtCreator\bin\qmake.exe;E:\MeeGoSDK_1.2\MADDE\bin\make.exe;E:\MeeGoSDK_1.2\Desktop\Qt\4.7.2\msvc2008\bin;E:\cygwin\bin;E:\MeeGoSDK_1.2\Desktop\Qt\4.7.2\msvc2008\bin;C:\strawberry\c\bin;C:\strawberry\perl\bin;e:\Program Files\Visual Leak Detector\bin\Win32;e:\Program Files\Visual Leak Detector\bin\Win64;C:\Program Files\Microsoft ASP.NET\ASP.NET Web Pages\v1.0\;E:\Program Files\Rational\Common;F:\software\eclipse;
USERNAME=Administrator
OS=Windows_NT
PROCESSOR_IDENTIFIER=x86 Family 6 Model 37 Stepping 5, GenuineIntel



---------------  S Y S T E M  ---------------

OS: Windows 7 Build 7601 Service Pack 1

CPU:total 4 (2 cores per cpu, 2 threads per core) family 6 model 37 stepping 5, cmov, cx8, fxsr, mmx, sse, sse2, sse3, ssse3, sse4.1, sse4.2, popcnt, ht

Memory: 4k page, physical 2012716k(144392k free), swap 5030444k(2146532k free)

vm_info: Java HotSpot(TM) Client VM (19.1-b02) for windows-x86 JRE (1.6.0_24-b07), built on Feb  2 2011 17:44:41 by "java_re" with MS VC++ 7.1 (VS2003)

time: Mon Jul 25 12:43:04 2011
elapsed time: 0 seconds

