[ 2011-11-21T00:03:40+08:00 ] ERR: (ThinkException) 非法操作index
[ 2011-11-21T00:05:23+08:00 ] ERR: (ThinkException) Action:setTitle您所请求的方法不存在！
[ 2011-11-21T00:05:48+08:00 ] ERR: (ThinkException) 模板不存在[./Tpl/default/Home/Public/doLogin.html]
[ 2011-11-21T00:08:32+08:00 ] ERR: (ThinkException) 模板不存在[./Tpl/default/Home/Public/success.html]
[ 2011-11-21T00:10:33+08:00 ] NOTIC: [8] Undefined index: userName PublicAction.class.php 第 18 行.
[ 2011-11-21T00:10:33+08:00 ] NOTIC: [8] Undefined index: password PublicAction.class.php 第 19 行.
[ 2011-11-21T00:10:33+08:00 ] ERR: (ThinkException) 非法操作Header
[ 2011-11-21T00:11:16+08:00 ] ERR: (ThinkException) 非法操作Header
[ 2011-11-21T00:11:17+08:00 ] ERR: (ThinkException) 非法操作Header
[ 2011-11-21T00:11:17+08:00 ] ERR: (ThinkException) 非法操作Header
[ 2011-11-21T00:11:17+08:00 ] ERR: (ThinkException) 非法操作Header
[ 2011-11-21T00:11:20+08:00 ] ERR: (ThinkException) 无法加载模块r
[ 2011-11-21T00:11:27+08:00 ] NOTIC: [8] Undefined index: userName PublicAction.class.php 第 18 行.
[ 2011-11-21T00:11:27+08:00 ] NOTIC: [8] Undefined index: password PublicAction.class.php 第 19 行.
[ 2011-11-21T00:11:27+08:00 ] ERR: (ThinkException) 非法操作Header.html
[ 2011-11-21T00:15:25+08:00 ] NOTIC: [8] Undefined index: userName PublicAction.class.php 第 18 行.
[ 2011-11-21T00:15:25+08:00 ] NOTIC: [8] Undefined index: password PublicAction.class.php 第 19 行.
[ 2011-11-21T00:15:25+08:00 ] ERR: (ThinkException) 模板不存在[./Tpl/default/Home/Public/Header.html]
[ 2011-11-21T00:16:18+08:00 ] NOTIC: [8] Undefined index: userName PublicAction.class.php 第 18 行.
[ 2011-11-21T00:16:18+08:00 ] NOTIC: [8] Undefined index: password PublicAction.class.php 第 19 行.
[ 2011-11-21T00:16:18+08:00 ] ERR: (ThinkException) 模板不存在[./Tpl/default/Home/Public/Header.html]
[ 2011-11-21T00:41:22+08:00 ] NOTIC: [8] Undefined index: pkg 10b325c4e5ca218c6c63a6d2e00506e4.php 第 13 行.
[ 2011-11-21T13:44:24+08:00 ] NOTIC: [8] Undefined variable: data 10b325c4e5ca218c6c63a6d2e00506e4.php 第 12 行.
[ 2011-11-21T13:44:24+08:00 ] NOTIC: [8] Undefined variable: data 10b325c4e5ca218c6c63a6d2e00506e4.php 第 13 行.
[ 2011-11-21T13:45:23+08:00 ] NOTIC: [8] Undefined variable: data 10b325c4e5ca218c6c63a6d2e00506e4.php 第 12 行.
[ 2011-11-21T13:45:23+08:00 ] NOTIC: [8] Undefined variable: data 10b325c4e5ca218c6c63a6d2e00506e4.php 第 13 行.
[ 2011-11-21T13:46:32+08:00 ] NOTIC: [8] Undefined variable: data 10b325c4e5ca218c6c63a6d2e00506e4.php 第 12 行.
[ 2011-11-21T13:46:32+08:00 ] NOTIC: [8] Undefined variable: data 10b325c4e5ca218c6c63a6d2e00506e4.php 第 13 行.
[ 2011-11-21T13:47:09+08:00 ] NOTIC: [8] Undefined variable: data 10b325c4e5ca218c6c63a6d2e00506e4.php 第 12 行.
[ 2011-11-21T13:47:09+08:00 ] NOTIC: [8] Undefined variable: data 10b325c4e5ca218c6c63a6d2e00506e4.php 第 13 行.
[ 2011-11-21T13:47:13+08:00 ] NOTIC: [8] Undefined index: userName PublicAction.class.php 第 17 行.
[ 2011-11-21T13:47:13+08:00 ] NOTIC: [8] Undefined index: password PublicAction.class.php 第 18 行.
[ 2011-11-21T13:47:13+08:00 ] SQL: SHOW COLUMNS FROM `user` [ RunTime:0.003345s ]
[ 2011-11-21T13:47:14+08:00 ] SQL: SELECT * FROM `user` WHERE ( `userName` = null ) LIMIT 1  [ RunTime:0.072974s ]
[ 2011-11-21T13:47:14+08:00 ] ERR: (ThinkException) 模板不存在[./Tpl/default/Home/Public/fail.html]
[ 2011-11-21T13:48:43+08:00 ] NOTIC: [8] Undefined variable: data 10b325c4e5ca218c6c63a6d2e00506e4.php 第 12 行.
[ 2011-11-21T13:48:43+08:00 ] NOTIC: [8] Undefined variable: data 10b325c4e5ca218c6c63a6d2e00506e4.php 第 13 行.
[ 2011-11-21T13:48:47+08:00 ] NOTIC: [8] Undefined index: userName PublicAction.class.php 第 17 行.
[ 2011-11-21T13:48:47+08:00 ] NOTIC: [8] Undefined index: password PublicAction.class.php 第 18 行.
[ 2011-11-21T13:48:47+08:00 ] SQL: SHOW COLUMNS FROM `user` [ RunTime:0.002711s ]
[ 2011-11-21T13:48:47+08:00 ] SQL: SELECT * FROM `user` WHERE ( `username` = null ) LIMIT 1  [ RunTime:0.001599s ]
[ 2011-11-21T13:48:47+08:00 ] ERR: (ThinkException) 模板不存在[./Tpl/default/Home/Public/fail.html]
[ 2011-11-21T13:51:12+08:00 ] NOTIC: [8] Undefined variable: data 10b325c4e5ca218c6c63a6d2e00506e4.php 第 12 行.
[ 2011-11-21T13:51:12+08:00 ] NOTIC: [8] Undefined variable: data 10b325c4e5ca218c6c63a6d2e00506e4.php 第 13 行.
[ 2011-11-21T13:51:15+08:00 ] NOTIC: [8] Undefined index: username PublicAction.class.php 第 17 行.
[ 2011-11-21T13:51:15+08:00 ] NOTIC: [8] Undefined index: password PublicAction.class.php 第 18 行.
[ 2011-11-21T13:51:15+08:00 ] SQL: SHOW COLUMNS FROM `user` [ RunTime:0.002986s ]
[ 2011-11-21T13:51:15+08:00 ] SQL: SELECT * FROM `user` WHERE ( `username` = null ) LIMIT 1  [ RunTime:0.000537s ]
[ 2011-11-21T13:51:15+08:00 ] ERR: (ThinkException) 模板不存在[./Tpl/default/Home/Public/fail.html]
[ 2011-11-21T13:52:03+08:00 ] NOTIC: [8] Undefined variable: data 10b325c4e5ca218c6c63a6d2e00506e4.php 第 12 行.
[ 2011-11-21T13:52:03+08:00 ] NOTIC: [8] Undefined variable: data 10b325c4e5ca218c6c63a6d2e00506e4.php 第 13 行.
[ 2011-11-21T13:52:06+08:00 ] NOTIC: [8] Undefined index: username PublicAction.class.php 第 17 行.
[ 2011-11-21T13:52:06+08:00 ] NOTIC: [8] Undefined index: password PublicAction.class.php 第 18 行.
[ 2011-11-21T13:52:06+08:00 ] SQL: SHOW COLUMNS FROM `user` [ RunTime:0.003097s ]
[ 2011-11-21T13:52:06+08:00 ] SQL: SELECT * FROM `user` WHERE ( `username` = null ) LIMIT 1  [ RunTime:0.000683s ]
[ 2011-11-21T13:52:07+08:00 ] ERR: (ThinkException) 模板不存在[./Tpl/default/Home/Public/fail.html]
[ 2011-11-21T13:55:36+08:00 ] NOTIC: [8] Undefined variable: data 10b325c4e5ca218c6c63a6d2e00506e4.php 第 12 行.
[ 2011-11-21T13:55:36+08:00 ] NOTIC: [8] Undefined variable: data 10b325c4e5ca218c6c63a6d2e00506e4.php 第 13 行.
[ 2011-11-21T13:55:39+08:00 ] NOTIC: [8] Undefined index: username PublicAction.class.php 第 17 行.
[ 2011-11-21T13:55:39+08:00 ] NOTIC: [8] Undefined index: password PublicAction.class.php 第 18 行.
[ 2011-11-21T13:55:39+08:00 ] NOTIC: [8] Undefined index: username PublicAction.class.php 第 19 行.
[ 2011-11-21T13:55:39+08:00 ] NOTIC: [8] Undefined index: password PublicAction.class.php 第 20 行.
[ 2011-11-21T13:55:39+08:00 ] NOTIC: [8] Undefined variable: data 10b325c4e5ca218c6c63a6d2e00506e4.php 第 12 行.
[ 2011-11-21T13:55:39+08:00 ] NOTIC: [8] Undefined variable: data 10b325c4e5ca218c6c63a6d2e00506e4.php 第 13 行.
[ 2011-11-21T13:56:02+08:00 ] NOTIC: [8] Undefined variable: data 10b325c4e5ca218c6c63a6d2e00506e4.php 第 12 行.
[ 2011-11-21T13:56:02+08:00 ] NOTIC: [8] Undefined variable: data 10b325c4e5ca218c6c63a6d2e00506e4.php 第 13 行.
[ 2011-11-21T13:56:08+08:00 ] NOTIC: [8] Undefined index: username PublicAction.class.php 第 17 行.
[ 2011-11-21T13:56:08+08:00 ] NOTIC: [8] Undefined index: password PublicAction.class.php 第 18 行.
[ 2011-11-21T13:56:08+08:00 ] NOTIC: [8] Undefined index: username PublicAction.class.php 第 19 行.
[ 2011-11-21T13:56:08+08:00 ] NOTIC: [8] Undefined index: password PublicAction.class.php 第 20 行.
[ 2011-11-21T13:56:08+08:00 ] NOTIC: [8] Undefined variable: data 10b325c4e5ca218c6c63a6d2e00506e4.php 第 12 行.
[ 2011-11-21T13:56:08+08:00 ] NOTIC: [8] Undefined variable: data 10b325c4e5ca218c6c63a6d2e00506e4.php 第 13 行.
[ 2011-11-21T13:57:06+08:00 ] NOTIC: [8] Undefined variable: data 10b325c4e5ca218c6c63a6d2e00506e4.php 第 12 行.
[ 2011-11-21T13:57:06+08:00 ] NOTIC: [8] Undefined variable: data 10b325c4e5ca218c6c63a6d2e00506e4.php 第 13 行.
[ 2011-11-21T13:57:10+08:00 ] NOTIC: [8] Undefined index: username PublicAction.class.php 第 17 行.
[ 2011-11-21T13:57:10+08:00 ] NOTIC: [8] Undefined index: password PublicAction.class.php 第 18 行.
[ 2011-11-21T13:57:10+08:00 ] NOTIC: [8] Undefined variable: data 10b325c4e5ca218c6c63a6d2e00506e4.php 第 12 行.
[ 2011-11-21T13:57:10+08:00 ] NOTIC: [8] Undefined variable: data 10b325c4e5ca218c6c63a6d2e00506e4.php 第 13 行.
[ 2011-11-21T16:01:52+08:00 ] NOTIC: [8] Undefined variable: data 10b325c4e5ca218c6c63a6d2e00506e4.php 第 12 行.
[ 2011-11-21T16:01:52+08:00 ] NOTIC: [8] Undefined variable: data 10b325c4e5ca218c6c63a6d2e00506e4.php 第 13 行.
[ 2011-11-21T16:02:00+08:00 ] NOTIC: [8] Undefined index: username PublicAction.class.php 第 18 行.
[ 2011-11-21T16:02:00+08:00 ] NOTIC: [8] Undefined index: password PublicAction.class.php 第 19 行.
[ 2011-11-21T16:02:00+08:00 ] NOTIC: [8] Undefined variable: data 10b325c4e5ca218c6c63a6d2e00506e4.php 第 12 行.
[ 2011-11-21T16:02:00+08:00 ] NOTIC: [8] Undefined variable: data 10b325c4e5ca218c6c63a6d2e00506e4.php 第 13 行.
[ 2011-11-21T16:02:05+08:00 ] NOTIC: [8] Undefined index: username PublicAction.class.php 第 18 行.
[ 2011-11-21T16:02:05+08:00 ] NOTIC: [8] Undefined index: password PublicAction.class.php 第 19 行.
[ 2011-11-21T16:02:05+08:00 ] NOTIC: [8] Undefined variable: data 10b325c4e5ca218c6c63a6d2e00506e4.php 第 12 行.
[ 2011-11-21T16:02:05+08:00 ] NOTIC: [8] Undefined variable: data 10b325c4e5ca218c6c63a6d2e00506e4.php 第 13 行.
[ 2011-11-21T16:02:24+08:00 ] NOTIC: [8] Undefined variable: data 10b325c4e5ca218c6c63a6d2e00506e4.php 第 12 行.
[ 2011-11-21T16:02:24+08:00 ] NOTIC: [8] Undefined variable: data 10b325c4e5ca218c6c63a6d2e00506e4.php 第 13 行.
[ 2011-11-21T16:02:26+08:00 ] NOTIC: [8] Undefined variable: data 10b325c4e5ca218c6c63a6d2e00506e4.php 第 12 行.
[ 2011-11-21T16:02:26+08:00 ] NOTIC: [8] Undefined variable: data 10b325c4e5ca218c6c63a6d2e00506e4.php 第 13 行.
[ 2011-11-21T16:02:32+08:00 ] NOTIC: [8] Undefined variable: data 10b325c4e5ca218c6c63a6d2e00506e4.php 第 12 行.
[ 2011-11-21T16:02:32+08:00 ] NOTIC: [8] Undefined variable: data 10b325c4e5ca218c6c63a6d2e00506e4.php 第 13 行.
[ 2011-11-21T16:02:38+08:00 ] NOTIC: [8] Undefined index: username PublicAction.class.php 第 18 行.
[ 2011-11-21T16:02:38+08:00 ] NOTIC: [8] Undefined index: password PublicAction.class.php 第 19 行.
[ 2011-11-21T16:02:38+08:00 ] NOTIC: [8] Undefined variable: data 980dd3b5cf673af2c7fb884db6fd22bb.php 第 12 行.
[ 2011-11-21T16:02:38+08:00 ] NOTIC: [8] Undefined variable: data 980dd3b5cf673af2c7fb884db6fd22bb.php 第 13 行.
[ 2011-11-21T16:02:38+08:00 ] NOTIC: [8] Undefined variable: data 980dd3b5cf673af2c7fb884db6fd22bb.php 第 18 行.
[ 2011-11-21T16:02:38+08:00 ] NOTIC: [8] Undefined variable: data 980dd3b5cf673af2c7fb884db6fd22bb.php 第 23 行.
[ 2011-11-21T16:02:52+08:00 ] ERR: (ThinkException) 模板不存在[./Tpl/default/Home/Public/Login.html]
[ 2011-11-21T16:03:12+08:00 ] NOTIC: [8] Undefined variable: data 10b325c4e5ca218c6c63a6d2e00506e4.php 第 12 行.
[ 2011-11-21T16:03:12+08:00 ] NOTIC: [8] Undefined variable: data 10b325c4e5ca218c6c63a6d2e00506e4.php 第 13 行.
[ 2011-11-21T16:03:15+08:00 ] NOTIC: [8] Undefined index: username PublicAction.class.php 第 18 行.
[ 2011-11-21T16:03:15+08:00 ] NOTIC: [8] Undefined index: password PublicAction.class.php 第 19 行.
[ 2011-11-21T16:03:15+08:00 ] NOTIC: [8] Undefined variable: data 980dd3b5cf673af2c7fb884db6fd22bb.php 第 12 行.
[ 2011-11-21T16:03:15+08:00 ] NOTIC: [8] Undefined variable: data 980dd3b5cf673af2c7fb884db6fd22bb.php 第 13 行.
[ 2011-11-21T16:03:15+08:00 ] NOTIC: [8] Undefined variable: data 980dd3b5cf673af2c7fb884db6fd22bb.php 第 18 行.
[ 2011-11-21T16:03:15+08:00 ] NOTIC: [8] Undefined variable: data 980dd3b5cf673af2c7fb884db6fd22bb.php 第 23 行.
[ 2011-11-21T16:03:20+08:00 ] NOTIC: [8] Undefined variable: data 10b325c4e5ca218c6c63a6d2e00506e4.php 第 12 行.
[ 2011-11-21T16:03:20+08:00 ] NOTIC: [8] Undefined variable: data 10b325c4e5ca218c6c63a6d2e00506e4.php 第 13 行.
[ 2011-11-21T16:03:25+08:00 ] NOTIC: [8] Undefined index: username PublicAction.class.php 第 18 行.
[ 2011-11-21T16:03:25+08:00 ] NOTIC: [8] Undefined index: password PublicAction.class.php 第 19 行.
[ 2011-11-21T16:03:25+08:00 ] NOTIC: [8] Undefined variable: data 980dd3b5cf673af2c7fb884db6fd22bb.php 第 12 行.
[ 2011-11-21T16:03:25+08:00 ] NOTIC: [8] Undefined variable: data 980dd3b5cf673af2c7fb884db6fd22bb.php 第 13 行.
[ 2011-11-21T16:03:25+08:00 ] NOTIC: [8] Undefined variable: data 980dd3b5cf673af2c7fb884db6fd22bb.php 第 18 行.
[ 2011-11-21T16:03:25+08:00 ] NOTIC: [8] Undefined variable: data 980dd3b5cf673af2c7fb884db6fd22bb.php 第 23 行.
[ 2011-11-21T16:04:41+08:00 ] NOTIC: [8] Undefined variable: data 10b325c4e5ca218c6c63a6d2e00506e4.php 第 12 行.
[ 2011-11-21T16:04:41+08:00 ] NOTIC: [8] Undefined variable: data 10b325c4e5ca218c6c63a6d2e00506e4.php 第 13 行.
[ 2011-11-21T16:04:48+08:00 ] NOTIC: [8] Undefined index: username PublicAction.class.php 第 19 行.
[ 2011-11-21T16:04:48+08:00 ] NOTIC: [8] Undefined index: password PublicAction.class.php 第 20 行.
[ 2011-11-21T16:04:48+08:00 ] NOTIC: [8] Undefined variable: data 980dd3b5cf673af2c7fb884db6fd22bb.php 第 12 行.
[ 2011-11-21T16:04:48+08:00 ] NOTIC: [8] Undefined variable: data 980dd3b5cf673af2c7fb884db6fd22bb.php 第 13 行.
[ 2011-11-21T16:04:48+08:00 ] NOTIC: [8] Undefined variable: data 980dd3b5cf673af2c7fb884db6fd22bb.php 第 18 行.
[ 2011-11-21T16:04:48+08:00 ] NOTIC: [8] Undefined variable: data 980dd3b5cf673af2c7fb884db6fd22bb.php 第 23 行.
[ 2011-11-21T16:05:06+08:00 ] NOTIC: [8] Undefined variable: data 10b325c4e5ca218c6c63a6d2e00506e4.php 第 12 行.
[ 2011-11-21T16:05:06+08:00 ] NOTIC: [8] Undefined variable: data 10b325c4e5ca218c6c63a6d2e00506e4.php 第 13 行.
[ 2011-11-21T16:05:11+08:00 ] NOTIC: [8] Undefined index: username PublicAction.class.php 第 20 行.
[ 2011-11-21T16:05:11+08:00 ] NOTIC: [8] Undefined index: password PublicAction.class.php 第 21 行.
[ 2011-11-21T16:05:11+08:00 ] NOTIC: [8] Undefined variable: data 980dd3b5cf673af2c7fb884db6fd22bb.php 第 12 行.
[ 2011-11-21T16:05:11+08:00 ] NOTIC: [8] Undefined variable: data 980dd3b5cf673af2c7fb884db6fd22bb.php 第 13 行.
[ 2011-11-21T16:05:11+08:00 ] NOTIC: [8] Undefined variable: data 980dd3b5cf673af2c7fb884db6fd22bb.php 第 18 行.
[ 2011-11-21T16:05:11+08:00 ] NOTIC: [8] Undefined variable: data 980dd3b5cf673af2c7fb884db6fd22bb.php 第 23 行.
[ 2011-11-21T16:05:20+08:00 ] NOTIC: [8] Undefined variable: data 10b325c4e5ca218c6c63a6d2e00506e4.php 第 12 行.
[ 2011-11-21T16:05:20+08:00 ] NOTIC: [8] Undefined variable: data 10b325c4e5ca218c6c63a6d2e00506e4.php 第 13 行.
[ 2011-11-21T16:09:59+08:00 ] NOTIC: [8] Undefined variable: data 10b325c4e5ca218c6c63a6d2e00506e4.php 第 12 行.
[ 2011-11-21T16:09:59+08:00 ] NOTIC: [8] Undefined variable: data 10b325c4e5ca218c6c63a6d2e00506e4.php 第 13 行.
[ 2011-11-21T16:10:02+08:00 ] NOTIC: [8] Undefined index: username PublicAction.class.php 第 20 行.
[ 2011-11-21T16:10:02+08:00 ] NOTIC: [8] Undefined index: password PublicAction.class.php 第 21 行.
[ 2011-11-21T16:10:02+08:00 ] NOTIC: [8] Undefined variable: data 980dd3b5cf673af2c7fb884db6fd22bb.php 第 12 行.
[ 2011-11-21T16:10:02+08:00 ] NOTIC: [8] Undefined variable: data 980dd3b5cf673af2c7fb884db6fd22bb.php 第 13 行.
[ 2011-11-21T16:10:02+08:00 ] NOTIC: [8] Undefined variable: data 980dd3b5cf673af2c7fb884db6fd22bb.php 第 18 行.
[ 2011-11-21T16:10:02+08:00 ] NOTIC: [8] Undefined variable: data 980dd3b5cf673af2c7fb884db6fd22bb.php 第 23 行.
[ 2011-11-21T16:18:10+08:00 ] NOTIC: [8] Undefined variable: data 10b325c4e5ca218c6c63a6d2e00506e4.php 第 12 行.
[ 2011-11-21T16:18:10+08:00 ] NOTIC: [8] Undefined variable: data 10b325c4e5ca218c6c63a6d2e00506e4.php 第 13 行.
[ 2011-11-21T16:18:23+08:00 ] NOTIC: [8] Undefined index: username PublicAction.class.php 第 20 行.
[ 2011-11-21T16:18:23+08:00 ] NOTIC: [8] Undefined index: password PublicAction.class.php 第 21 行.
[ 2011-11-21T16:18:23+08:00 ] NOTIC: [8] Undefined variable: data 980dd3b5cf673af2c7fb884db6fd22bb.php 第 12 行.
[ 2011-11-21T16:18:23+08:00 ] NOTIC: [8] Undefined variable: data 980dd3b5cf673af2c7fb884db6fd22bb.php 第 13 行.
[ 2011-11-21T16:18:23+08:00 ] NOTIC: [8] Undefined variable: data 980dd3b5cf673af2c7fb884db6fd22bb.php 第 18 行.
[ 2011-11-21T16:18:23+08:00 ] NOTIC: [8] Undefined variable: data 980dd3b5cf673af2c7fb884db6fd22bb.php 第 23 行.
[ 2011-11-21T16:18:50+08:00 ] NOTIC: [8] Undefined index: username PublicAction.class.php 第 20 行.
[ 2011-11-21T16:18:50+08:00 ] NOTIC: [8] Undefined index: password PublicAction.class.php 第 21 行.
[ 2011-11-21T16:18:50+08:00 ] NOTIC: [8] Undefined variable: data 980dd3b5cf673af2c7fb884db6fd22bb.php 第 12 行.
[ 2011-11-21T16:18:50+08:00 ] NOTIC: [8] Undefined variable: data 980dd3b5cf673af2c7fb884db6fd22bb.php 第 13 行.
[ 2011-11-21T16:18:50+08:00 ] NOTIC: [8] Undefined variable: data 980dd3b5cf673af2c7fb884db6fd22bb.php 第 18 行.
[ 2011-11-21T16:18:50+08:00 ] NOTIC: [8] Undefined variable: data 980dd3b5cf673af2c7fb884db6fd22bb.php 第 23 行.
[ 2011-11-21T16:18:54+08:00 ] NOTIC: [8] Undefined variable: data 10b325c4e5ca218c6c63a6d2e00506e4.php 第 12 行.
[ 2011-11-21T16:18:54+08:00 ] NOTIC: [8] Undefined variable: data 10b325c4e5ca218c6c63a6d2e00506e4.php 第 13 行.
[ 2011-11-21T16:18:58+08:00 ] NOTIC: [8] Undefined index: username PublicAction.class.php 第 20 行.
[ 2011-11-21T16:18:58+08:00 ] NOTIC: [8] Undefined index: password PublicAction.class.php 第 21 行.
[ 2011-11-21T16:18:58+08:00 ] NOTIC: [8] Undefined variable: data 980dd3b5cf673af2c7fb884db6fd22bb.php 第 12 行.
[ 2011-11-21T16:18:58+08:00 ] NOTIC: [8] Undefined variable: data 980dd3b5cf673af2c7fb884db6fd22bb.php 第 13 行.
[ 2011-11-21T16:18:58+08:00 ] NOTIC: [8] Undefined variable: data 980dd3b5cf673af2c7fb884db6fd22bb.php 第 18 行.
[ 2011-11-21T16:18:58+08:00 ] NOTIC: [8] Undefined variable: data 980dd3b5cf673af2c7fb884db6fd22bb.php 第 23 行.
[ 2011-11-21T16:19:34+08:00 ] NOTIC: [8] Undefined variable: data 10b325c4e5ca218c6c63a6d2e00506e4.php 第 12 行.
[ 2011-11-21T16:19:34+08:00 ] NOTIC: [8] Undefined variable: data 10b325c4e5ca218c6c63a6d2e00506e4.php 第 13 行.
[ 2011-11-21T16:19:39+08:00 ] NOTIC: [8] Undefined index: username PublicAction.class.php 第 20 行.
[ 2011-11-21T16:19:39+08:00 ] NOTIC: [8] Undefined index: password PublicAction.class.php 第 21 行.
[ 2011-11-21T16:19:39+08:00 ] NOTIC: [8] Undefined variable: data 980dd3b5cf673af2c7fb884db6fd22bb.php 第 12 行.
[ 2011-11-21T16:19:39+08:00 ] NOTIC: [8] Undefined variable: data 980dd3b5cf673af2c7fb884db6fd22bb.php 第 13 行.
[ 2011-11-21T16:19:39+08:00 ] NOTIC: [8] Undefined variable: data 980dd3b5cf673af2c7fb884db6fd22bb.php 第 18 行.
[ 2011-11-21T16:19:39+08:00 ] NOTIC: [8] Undefined variable: data 980dd3b5cf673af2c7fb884db6fd22bb.php 第 23 行.
[ 2011-11-21T16:20:15+08:00 ] NOTIC: [8] Undefined variable: data 10b325c4e5ca218c6c63a6d2e00506e4.php 第 12 行.
[ 2011-11-21T16:20:15+08:00 ] NOTIC: [8] Undefined variable: data 10b325c4e5ca218c6c63a6d2e00506e4.php 第 13 行.
[ 2011-11-21T16:20:20+08:00 ] NOTIC: [8] Undefined index: username PublicAction.class.php 第 22 行.
[ 2011-11-21T16:20:20+08:00 ] NOTIC: [8] Undefined index: password PublicAction.class.php 第 23 行.
[ 2011-11-21T16:20:20+08:00 ] NOTIC: [8] Undefined variable: data 980dd3b5cf673af2c7fb884db6fd22bb.php 第 12 行.
[ 2011-11-21T16:20:20+08:00 ] NOTIC: [8] Undefined variable: data 980dd3b5cf673af2c7fb884db6fd22bb.php 第 13 行.
[ 2011-11-21T16:20:20+08:00 ] NOTIC: [8] Undefined variable: data 980dd3b5cf673af2c7fb884db6fd22bb.php 第 18 行.
[ 2011-11-21T16:20:20+08:00 ] NOTIC: [8] Undefined variable: data 980dd3b5cf673af2c7fb884db6fd22bb.php 第 23 行.
[ 2011-11-21T16:22:26+08:00 ] NOTIC: [8] Undefined variable: data 10b325c4e5ca218c6c63a6d2e00506e4.php 第 12 行.
[ 2011-11-21T16:22:26+08:00 ] NOTIC: [8] Undefined variable: data 10b325c4e5ca218c6c63a6d2e00506e4.php 第 13 行.
[ 2011-11-21T16:22:30+08:00 ] NOTIC: [8] Undefined variable: data 980dd3b5cf673af2c7fb884db6fd22bb.php 第 12 行.
[ 2011-11-21T16:22:30+08:00 ] NOTIC: [8] Undefined variable: data 980dd3b5cf673af2c7fb884db6fd22bb.php 第 13 行.
[ 2011-11-21T16:22:30+08:00 ] NOTIC: [8] Undefined variable: data 980dd3b5cf673af2c7fb884db6fd22bb.php 第 18 行.
[ 2011-11-21T16:22:30+08:00 ] NOTIC: [8] Undefined variable: data 980dd3b5cf673af2c7fb884db6fd22bb.php 第 23 行.
[ 2011-11-21T16:23:23+08:00 ] NOTIC: [8] Undefined variable: data 10b325c4e5ca218c6c63a6d2e00506e4.php 第 12 行.
[ 2011-11-21T16:23:23+08:00 ] NOTIC: [8] Undefined variable: data 10b325c4e5ca218c6c63a6d2e00506e4.php 第 13 行.
[ 2011-11-21T16:23:25+08:00 ] ERR: (ThinkException) 模板不存在[./Tpl/default/Home/Public/logi.html]
[ 2011-11-21T16:23:29+08:00 ] NOTIC: [8] Undefined variable: data 10b325c4e5ca218c6c63a6d2e00506e4.php 第 12 行.
[ 2011-11-21T16:23:29+08:00 ] NOTIC: [8] Undefined variable: data 10b325c4e5ca218c6c63a6d2e00506e4.php 第 13 行.
[ 2011-11-21T16:23:35+08:00 ] NOTIC: [8] Undefined variable: data 980dd3b5cf673af2c7fb884db6fd22bb.php 第 12 行.
[ 2011-11-21T16:23:35+08:00 ] NOTIC: [8] Undefined variable: data 980dd3b5cf673af2c7fb884db6fd22bb.php 第 13 行.
[ 2011-11-21T16:23:35+08:00 ] NOTIC: [8] Undefined variable: data 980dd3b5cf673af2c7fb884db6fd22bb.php 第 18 行.
[ 2011-11-21T16:23:35+08:00 ] NOTIC: [8] Undefined variable: data 980dd3b5cf673af2c7fb884db6fd22bb.php 第 23 行.
[ 2011-11-21T16:26:42+08:00 ] NOTIC: [8] Undefined variable: data 10b325c4e5ca218c6c63a6d2e00506e4.php 第 12 行.
[ 2011-11-21T16:26:42+08:00 ] NOTIC: [8] Undefined variable: data 10b325c4e5ca218c6c63a6d2e00506e4.php 第 13 行.
[ 2011-11-21T16:26:47+08:00 ] NOTIC: [8] Undefined variable: data 980dd3b5cf673af2c7fb884db6fd22bb.php 第 12 行.
[ 2011-11-21T16:26:47+08:00 ] NOTIC: [8] Undefined variable: data 980dd3b5cf673af2c7fb884db6fd22bb.php 第 13 行.
[ 2011-11-21T16:26:47+08:00 ] NOTIC: [8] Undefined variable: data 980dd3b5cf673af2c7fb884db6fd22bb.php 第 18 行.
[ 2011-11-21T16:26:47+08:00 ] NOTIC: [8] Undefined variable: data 980dd3b5cf673af2c7fb884db6fd22bb.php 第 23 行.
[ 2011-11-21T16:28:01+08:00 ] NOTIC: [8] Undefined variable: data 10b325c4e5ca218c6c63a6d2e00506e4.php 第 12 行.
[ 2011-11-21T16:28:01+08:00 ] NOTIC: [8] Undefined variable: data 10b325c4e5ca218c6c63a6d2e00506e4.php 第 13 行.
[ 2011-11-21T16:28:05+08:00 ] NOTIC: [8] Undefined variable: data 980dd3b5cf673af2c7fb884db6fd22bb.php 第 12 行.
[ 2011-11-21T16:28:05+08:00 ] NOTIC: [8] Undefined variable: data 980dd3b5cf673af2c7fb884db6fd22bb.php 第 13 行.
[ 2011-11-21T16:28:05+08:00 ] NOTIC: [8] Undefined variable: data 980dd3b5cf673af2c7fb884db6fd22bb.php 第 18 行.
[ 2011-11-21T16:28:05+08:00 ] NOTIC: [8] Undefined variable: data 980dd3b5cf673af2c7fb884db6fd22bb.php 第 23 行.
[ 2011-11-21T17:12:30+08:00 ] NOTIC: [8] Undefined variable: data 10b325c4e5ca218c6c63a6d2e00506e4.php 第 12 行.
[ 2011-11-21T17:12:30+08:00 ] NOTIC: [8] Undefined variable: data 10b325c4e5ca218c6c63a6d2e00506e4.php 第 13 行.
[ 2011-11-21T17:12:34+08:00 ] NOTIC: [8] Undefined variable: data 980dd3b5cf673af2c7fb884db6fd22bb.php 第 12 行.
[ 2011-11-21T17:12:34+08:00 ] NOTIC: [8] Undefined variable: data 980dd3b5cf673af2c7fb884db6fd22bb.php 第 13 行.
[ 2011-11-21T17:12:34+08:00 ] NOTIC: [8] Undefined variable: data 980dd3b5cf673af2c7fb884db6fd22bb.php 第 18 行.
[ 2011-11-21T17:12:34+08:00 ] NOTIC: [8] Undefined variable: data 980dd3b5cf673af2c7fb884db6fd22bb.php 第 23 行.
[ 2011-11-21T17:12:45+08:00 ] NOTIC: [8] Undefined variable: data 10b325c4e5ca218c6c63a6d2e00506e4.php 第 12 行.
[ 2011-11-21T17:12:45+08:00 ] NOTIC: [8] Undefined variable: data 10b325c4e5ca218c6c63a6d2e00506e4.php 第 13 行.
[ 2011-11-21T17:13:32+08:00 ] NOTIC: [8] Undefined variable: data 10b325c4e5ca218c6c63a6d2e00506e4.php 第 12 行.
[ 2011-11-21T17:13:32+08:00 ] NOTIC: [8] Undefined variable: data 10b325c4e5ca218c6c63a6d2e00506e4.php 第 13 行.
[ 2011-11-21T17:13:47+08:00 ] NOTIC: [8] Undefined variable: data 980dd3b5cf673af2c7fb884db6fd22bb.php 第 12 行.
[ 2011-11-21T17:13:47+08:00 ] NOTIC: [8] Undefined variable: data 980dd3b5cf673af2c7fb884db6fd22bb.php 第 13 行.
[ 2011-11-21T17:13:47+08:00 ] NOTIC: [8] Undefined variable: data 980dd3b5cf673af2c7fb884db6fd22bb.php 第 18 行.
[ 2011-11-21T17:13:47+08:00 ] NOTIC: [8] Undefined variable: data 980dd3b5cf673af2c7fb884db6fd22bb.php 第 23 行.
[ 2011-11-21T17:13:51+08:00 ] NOTIC: [8] Undefined variable: data 10b325c4e5ca218c6c63a6d2e00506e4.php 第 12 行.
[ 2011-11-21T17:13:51+08:00 ] NOTIC: [8] Undefined variable: data 10b325c4e5ca218c6c63a6d2e00506e4.php 第 13 行.
[ 2011-11-21T17:15:20+08:00 ] NOTIC: [8] Undefined variable: data 10b325c4e5ca218c6c63a6d2e00506e4.php 第 12 行.
[ 2011-11-21T17:15:20+08:00 ] NOTIC: [8] Undefined variable: data 10b325c4e5ca218c6c63a6d2e00506e4.php 第 13 行.
[ 2011-11-21T17:15:26+08:00 ] NOTIC: [8] Undefined variable: data 980dd3b5cf673af2c7fb884db6fd22bb.php 第 12 行.
[ 2011-11-21T17:15:26+08:00 ] NOTIC: [8] Undefined variable: data 980dd3b5cf673af2c7fb884db6fd22bb.php 第 13 行.
[ 2011-11-21T17:15:26+08:00 ] NOTIC: [8] Undefined variable: data 980dd3b5cf673af2c7fb884db6fd22bb.php 第 18 行.
[ 2011-11-21T17:15:26+08:00 ] NOTIC: [8] Undefined variable: data 980dd3b5cf673af2c7fb884db6fd22bb.php 第 23 行.
[ 2011-11-21T17:15:31+08:00 ] NOTIC: [8] Undefined variable: data 10b325c4e5ca218c6c63a6d2e00506e4.php 第 12 行.
[ 2011-11-21T17:15:31+08:00 ] NOTIC: [8] Undefined variable: data 10b325c4e5ca218c6c63a6d2e00506e4.php 第 13 行.
[ 2011-11-21T17:41:18+08:00 ] SQL: SHOW COLUMNS FROM `user` [ RunTime:0.056941s ]
[ 2011-11-21T17:41:18+08:00 ] SQL: SELECT * FROM `user` WHERE ( `username` = 'li' ) LIMIT 1  [ RunTime:0.013638s ]
[ 2011-11-21T17:42:25+08:00 ] SQL: SHOW COLUMNS FROM `user` [ RunTime:0.003147s ]
[ 2011-11-21T17:42:25+08:00 ] SQL: SELECT * FROM `user` WHERE ( `username` = 'li' ) LIMIT 1  [ RunTime:0.001086s ]
[ 2011-11-21T17:42:40+08:00 ] NOTIC: [8] Undefined variable: data 10b325c4e5ca218c6c63a6d2e00506e4.php 第 12 行.
[ 2011-11-21T17:42:40+08:00 ] NOTIC: [8] Undefined variable: data 10b325c4e5ca218c6c63a6d2e00506e4.php 第 13 行.
[ 2011-11-21T17:42:45+08:00 ] SQL: SHOW COLUMNS FROM `user` [ RunTime:0.003682s ]
[ 2011-11-21T17:42:45+08:00 ] SQL: SELECT * FROM `user` WHERE ( `username` = 'li' ) LIMIT 1  [ RunTime:0.000841s ]
[ 2011-11-21T17:42:45+08:00 ] NOTIC: [8] Undefined variable: data 10b325c4e5ca218c6c63a6d2e00506e4.php 第 12 行.
[ 2011-11-21T17:42:45+08:00 ] NOTIC: [8] Undefined variable: data 10b325c4e5ca218c6c63a6d2e00506e4.php 第 13 行.
[ 2011-11-21T17:44:35+08:00 ] NOTIC: [8] Undefined variable: data 10b325c4e5ca218c6c63a6d2e00506e4.php 第 12 行.
[ 2011-11-21T17:44:35+08:00 ] NOTIC: [8] Undefined variable: data 10b325c4e5ca218c6c63a6d2e00506e4.php 第 13 行.
[ 2011-11-21T17:44:39+08:00 ] SQL: SHOW COLUMNS FROM `user` [ RunTime:0.003138s ]
[ 2011-11-21T17:44:39+08:00 ] SQL: SELECT * FROM `user` WHERE ( `username` = 'li' ) LIMIT 1  [ RunTime:0.001246s ]
[ 2011-11-21T17:44:39+08:00 ] NOTIC: [8] Undefined variable: data 10b325c4e5ca218c6c63a6d2e00506e4.php 第 12 行.
[ 2011-11-21T17:44:39+08:00 ] NOTIC: [8] Undefined variable: data 10b325c4e5ca218c6c63a6d2e00506e4.php 第 13 行.
[ 2011-11-21T17:44:57+08:00 ] ERR: (ThinkException) 无法加载模块IMPS
[ 2011-11-21T17:45:02+08:00 ] NOTIC: [8] Undefined variable: data 10b325c4e5ca218c6c63a6d2e00506e4.php 第 12 行.
[ 2011-11-21T17:45:02+08:00 ] NOTIC: [8] Undefined variable: data 10b325c4e5ca218c6c63a6d2e00506e4.php 第 13 行.
[ 2011-11-21T17:45:06+08:00 ] SQL: SHOW COLUMNS FROM `user` [ RunTime:0.002871s ]
[ 2011-11-21T17:45:06+08:00 ] SQL: SELECT * FROM `user` WHERE ( `username` = 'li' ) LIMIT 1  [ RunTime:0.000863s ]
[ 2011-11-21T17:45:30+08:00 ] NOTIC: [8] Undefined variable: data 10b325c4e5ca218c6c63a6d2e00506e4.php 第 12 行.
[ 2011-11-21T17:45:30+08:00 ] NOTIC: [8] Undefined variable: data 10b325c4e5ca218c6c63a6d2e00506e4.php 第 13 行.
[ 2011-11-21T17:45:33+08:00 ] SQL: SHOW COLUMNS FROM `user` [ RunTime:0.003066s ]
[ 2011-11-21T17:45:33+08:00 ] SQL: SELECT * FROM `user` WHERE ( `username` = 'li' ) LIMIT 1  [ RunTime:0.000484s ]
[ 2011-11-21T19:37:57+08:00 ] NOTIC: [8] Undefined variable: data 10b325c4e5ca218c6c63a6d2e00506e4.php 第 12 行.
[ 2011-11-21T19:37:57+08:00 ] NOTIC: [8] Undefined variable: data 10b325c4e5ca218c6c63a6d2e00506e4.php 第 13 行.
[ 2011-11-21T19:37:59+08:00 ] ERR: (ThinkException) Action:{您所请求的方法不存在！
[ 2011-11-21T19:38:44+08:00 ] NOTIC: [8] Undefined variable: data 10b325c4e5ca218c6c63a6d2e00506e4.php 第 12 行.
[ 2011-11-21T19:38:44+08:00 ] NOTIC: [8] Undefined variable: data 10b325c4e5ca218c6c63a6d2e00506e4.php 第 13 行.
[ 2011-11-21T20:01:50+08:00 ] ERR: (ThinkException) 模板不存在[./Tpl/default/Home/Public/index.html]
[ 2011-11-21T20:01:59+08:00 ] NOTIC: [8] Undefined variable: data 10b325c4e5ca218c6c63a6d2e00506e4.php 第 12 行.
[ 2011-11-21T20:01:59+08:00 ] NOTIC: [8] Undefined variable: data 10b325c4e5ca218c6c63a6d2e00506e4.php 第 13 行.
[ 2011-11-21T20:41:13+08:00 ] NOTIC: [8] Undefined variable: data 10b325c4e5ca218c6c63a6d2e00506e4.php 第 12 行.
[ 2011-11-21T20:41:13+08:00 ] NOTIC: [8] Undefined variable: data 10b325c4e5ca218c6c63a6d2e00506e4.php 第 13 行.
[ 2011-11-21T20:42:20+08:00 ] ERR: (ThinkException) 模板不存在[./Tpl/default/Home/Public/doRegister.html]
[ 2011-11-21T20:51:51+08:00 ] NOTIC: [8] Undefined variable: data 10b325c4e5ca218c6c63a6d2e00506e4.php 第 12 行.
[ 2011-11-21T20:51:51+08:00 ] NOTIC: [8] Undefined variable: data 10b325c4e5ca218c6c63a6d2e00506e4.php 第 13 行.
[ 2011-11-21T20:52:00+08:00 ] ERR: (ThinkException) 模板不存在[./Tpl/default/Home/Public/doRegister.html]
[ 2011-11-21T20:53:10+08:00 ] NOTIC: [8] Undefined variable: data 10b325c4e5ca218c6c63a6d2e00506e4.php 第 12 行.
[ 2011-11-21T20:53:10+08:00 ] NOTIC: [8] Undefined variable: data 10b325c4e5ca218c6c63a6d2e00506e4.php 第 13 行.
[ 2011-11-21T20:53:20+08:00 ] SQL: SHOW COLUMNS FROM `user` [ RunTime:0.002715s ]
[ 2011-11-21T20:53:20+08:00 ] SQL: SELECT * FROM `user` WHERE ( `username` = 'lili' ) LIMIT 1  [ RunTime:0.000672s ]
[ 2011-11-21T20:53:20+08:00 ] NOTIC: [8] Use of undefined constant result - assumed 'result' PublicAction.class.php 第 64 行.
[ 2011-11-21T20:53:53+08:00 ] SQL: SHOW COLUMNS FROM `user` [ RunTime:0.002755s ]
[ 2011-11-21T20:53:53+08:00 ] SQL: SELECT * FROM `user` WHERE ( `username` = 'lili' ) LIMIT 1  [ RunTime:0.000754s ]
[ 2011-11-21T20:53:53+08:00 ] ERR: (ThinkException) 非法操作empty
[ 2011-11-21T20:55:21+08:00 ] NOTIC: [8] Undefined variable: data 10b325c4e5ca218c6c63a6d2e00506e4.php 第 12 行.
[ 2011-11-21T20:55:21+08:00 ] NOTIC: [8] Undefined variable: data 10b325c4e5ca218c6c63a6d2e00506e4.php 第 13 行.
[ 2011-11-21T20:55:45+08:00 ] SQL: SHOW COLUMNS FROM `user` [ RunTime:0.003257s ]
[ 2011-11-21T20:55:45+08:00 ] SQL: SELECT * FROM `user` WHERE ( `username` = 'lili' ) LIMIT 1  [ RunTime:0.000604s ]
[ 2011-11-21T20:55:45+08:00 ] SQL: INSERT INTO `user` (`username`,`password`,`email`,`gender`) VALUES ('lili','lili','lili@126.com','M') [ RunTime:0.282235s ]
[ 2011-11-21T20:55:45+08:00 ] ERR: (ThinkException) 非法操作index
[ 2011-11-21T22:34:13+08:00 ] NOTIC: [8] Undefined variable: data 10b325c4e5ca218c6c63a6d2e00506e4.php 第 12 行.
[ 2011-11-21T22:34:13+08:00 ] NOTIC: [8] Undefined variable: data 10b325c4e5ca218c6c63a6d2e00506e4.php 第 13 行.
[ 2011-11-21T22:36:17+08:00 ] NOTIC: [8] Undefined variable: data 10b325c4e5ca218c6c63a6d2e00506e4.php 第 12 行.
[ 2011-11-21T22:36:17+08:00 ] NOTIC: [8] Undefined variable: data 10b325c4e5ca218c6c63a6d2e00506e4.php 第 13 行.
[ 2011-11-21T22:39:06+08:00 ] NOTIC: [8] Undefined variable: data 10b325c4e5ca218c6c63a6d2e00506e4.php 第 12 行.
[ 2011-11-21T22:39:06+08:00 ] NOTIC: [8] Undefined variable: data 10b325c4e5ca218c6c63a6d2e00506e4.php 第 13 行.
[ 2011-11-21T22:40:36+08:00 ] NOTIC: [8] Undefined variable: data 10b325c4e5ca218c6c63a6d2e00506e4.php 第 12 行.
[ 2011-11-21T22:40:36+08:00 ] NOTIC: [8] Undefined variable: data 10b325c4e5ca218c6c63a6d2e00506e4.php 第 13 行.
[ 2011-11-21T22:41:23+08:00 ] NOTIC: [8] Undefined variable: data 10b325c4e5ca218c6c63a6d2e00506e4.php 第 12 行.
[ 2011-11-21T22:41:23+08:00 ] NOTIC: [8] Undefined variable: data 10b325c4e5ca218c6c63a6d2e00506e4.php 第 13 行.
[ 2011-11-21T23:13:04+08:00 ] NOTIC: [8] Undefined variable: data 10b325c4e5ca218c6c63a6d2e00506e4.php 第 12 行.
[ 2011-11-21T23:13:04+08:00 ] NOTIC: [8] Undefined variable: data 10b325c4e5ca218c6c63a6d2e00506e4.php 第 13 行.
[ 2011-11-21T23:14:42+08:00 ] NOTIC: [8] Undefined variable: data 10b325c4e5ca218c6c63a6d2e00506e4.php 第 12 行.
[ 2011-11-21T23:14:42+08:00 ] NOTIC: [8] Undefined variable: data 10b325c4e5ca218c6c63a6d2e00506e4.php 第 13 行.
[ 2011-11-21T23:14:55+08:00 ] ERR: (ThinkException) 模板不存在[./Tpl/default/Home/Public/success.html]
[ 2011-11-21T23:36:03+08:00 ] ERR: (ThinkException) 模板不存在[./Tpl/default/Home/Public/success.html]
[ 2011-11-21T23:36:07+08:00 ] ERR: (ThinkException) 模板不存在[./Tpl/default/Home/Public/success.html]
[ 2011-11-21T23:36:08+08:00 ] ERR: (ThinkException) 模板不存在[./Tpl/default/Home/Public/success.html]
[ 2011-11-21T23:36:08+08:00 ] ERR: (ThinkException) 模板不存在[./Tpl/default/Home/Public/success.html]
[ 2011-11-21T23:36:13+08:00 ] NOTIC: [8] Undefined variable: data 10b325c4e5ca218c6c63a6d2e00506e4.php 第 12 行.
[ 2011-11-21T23:36:13+08:00 ] NOTIC: [8] Undefined variable: data 10b325c4e5ca218c6c63a6d2e00506e4.php 第 13 行.
