[ 2011-11-23T10:30:04+08:00 ] ERR: (ThinkException) 模板不存在[./Tpl/default/Home/Public/css.html]
[ 2011-11-23T10:30:05+08:00 ] ERR: (ThinkException) 无法加载模块
[ 2011-11-23T10:31:12+08:00 ] ERR: (ThinkException) 无法加载模块
[ 2011-11-23T14:55:15+08:00 ] SQL: SHOW COLUMNS FROM `user` [ RunTime:0.118197s ]
[ 2011-11-23T14:55:15+08:00 ] SQL: SELECT * FROM `user` WHERE ( `username` = 'li' ) LIMIT 1  [ RunTime:0.030700s ]
[ 2011-11-23T14:55:15+08:00 ] NOTIC: [8] Undefined variable: data 980dd3b5cf673af2c7fb884db6fd22bb.php 第 12 行.
[ 2011-11-23T14:55:15+08:00 ] NOTIC: [8] Undefined variable: data 980dd3b5cf673af2c7fb884db6fd22bb.php 第 13 行.
[ 2011-11-23T14:55:15+08:00 ] NOTIC: [8] Undefined variable: data 980dd3b5cf673af2c7fb884db6fd22bb.php 第 18 行.
[ 2011-11-23T14:55:15+08:00 ] NOTIC: [8] Undefined variable: data 980dd3b5cf673af2c7fb884db6fd22bb.php 第 23 行.
[ 2011-11-23T14:59:05+08:00 ] SQL: SHOW COLUMNS FROM `user` [ RunTime:0.002431s ]
[ 2011-11-23T14:59:05+08:00 ] SQL: SELECT * FROM `user` WHERE ( `username` = 'li' ) LIMIT 1  [ RunTime:0.000424s ]
[ 2011-11-23T15:06:22+08:00 ] SQL: SHOW COLUMNS FROM `user` [ RunTime:0.002306s ]
[ 2011-11-23T15:06:22+08:00 ] SQL: SELECT * FROM `user` WHERE ( `username` = '' ) LIMIT 1  [ RunTime:0.000583s ]
[ 2011-11-23T15:06:22+08:00 ] SQL: SHOW COLUMNS FROM `user` [ RunTime:0.002271s ]
[ 2011-11-23T15:06:22+08:00 ] SQL: SELECT * FROM `user` WHERE ( `username` = '' ) LIMIT 1  [ RunTime:0.000453s ]
[ 2011-11-23T15:06:32+08:00 ] SQL: SHOW COLUMNS FROM `user` [ RunTime:0.002118s ]
[ 2011-11-23T15:06:32+08:00 ] SQL: SELECT * FROM `user` WHERE ( `username` = '' ) LIMIT 1  [ RunTime:0.000381s ]
[ 2011-11-23T18:44:22+08:00 ] SQL: SHOW COLUMNS FROM `user` [ RunTime:0.516960s ]
[ 2011-11-23T18:44:22+08:00 ] SQL: SELECT * FROM `user` WHERE ( `username` = '111' ) LIMIT 1  [ RunTime:0.037908s ]
[ 2011-11-23T18:45:05+08:00 ] SQL: SHOW COLUMNS FROM `user` [ RunTime:0.002570s ]
[ 2011-11-23T18:45:05+08:00 ] SQL: SELECT * FROM `user` WHERE ( `username` = '1111' ) LIMIT 1  [ RunTime:0.000703s ]
[ 2011-11-23T18:46:48+08:00 ] SQL: SHOW COLUMNS FROM `user` [ RunTime:0.004920s ]
[ 2011-11-23T18:46:48+08:00 ] SQL: SELECT * FROM `user` WHERE ( `username` = '1111' ) LIMIT 1  [ RunTime:0.000977s ]
[ 2011-11-23T18:48:35+08:00 ] SQL: SHOW COLUMNS FROM `user` [ RunTime:0.002328s ]
[ 2011-11-23T18:48:35+08:00 ] SQL: SELECT * FROM `user` WHERE ( `username` = '1111' ) LIMIT 1  [ RunTime:0.000434s ]
[ 2011-11-23T18:49:37+08:00 ] SQL: SHOW COLUMNS FROM `user` [ RunTime:0.003258s ]
[ 2011-11-23T18:49:37+08:00 ] SQL: SELECT * FROM `user` WHERE ( `username` = '1111' ) LIMIT 1  [ RunTime:0.000817s ]
[ 2011-11-23T18:49:41+08:00 ] SQL: SHOW COLUMNS FROM `user` [ RunTime:0.002257s ]
[ 2011-11-23T18:49:41+08:00 ] SQL: SELECT * FROM `user` WHERE ( `username` = '1111' ) LIMIT 1  [ RunTime:0.000487s ]
[ 2011-11-23T18:51:16+08:00 ] SQL: SHOW COLUMNS FROM `user` [ RunTime:0.002160s ]
[ 2011-11-23T18:51:16+08:00 ] SQL: SELECT * FROM `user` WHERE ( `username` = 'li' ) LIMIT 1  [ RunTime:0.030762s ]
[ 2011-11-23T18:53:06+08:00 ] SQL: SHOW COLUMNS FROM `user` [ RunTime:0.003839s ]
[ 2011-11-23T18:53:06+08:00 ] SQL: SELECT * FROM `user` WHERE ( `username` = 'li' ) LIMIT 1  [ RunTime:0.000626s ]
[ 2011-11-23T19:04:56+08:00 ] SQL: SHOW COLUMNS FROM `user` [ RunTime:0.002471s ]
[ 2011-11-23T19:04:56+08:00 ] SQL: SELECT * FROM `user` WHERE ( `username` = 'li' ) LIMIT 1  [ RunTime:0.000392s ]
[ 2011-11-23T19:07:39+08:00 ] SQL: SHOW COLUMNS FROM `user` [ RunTime:0.002403s ]
[ 2011-11-23T19:07:39+08:00 ] SQL: SELECT * FROM `user` WHERE ( `username` = 'li' ) LIMIT 1  [ RunTime:0.000623s ]
[ 2011-11-23T19:08:36+08:00 ] SQL: SHOW COLUMNS FROM `user` [ RunTime:0.002223s ]
[ 2011-11-23T19:08:36+08:00 ] SQL: SELECT * FROM `user` WHERE ( `username` = 'li' ) LIMIT 1  [ RunTime:0.000472s ]
[ 2011-11-23T19:09:35+08:00 ] SQL: SHOW COLUMNS FROM `user` [ RunTime:0.002539s ]
[ 2011-11-23T19:09:35+08:00 ] SQL: SELECT * FROM `user` WHERE ( `username` = 'li' ) LIMIT 1  [ RunTime:0.000554s ]
[ 2011-11-23T19:09:59+08:00 ] SQL: SHOW COLUMNS FROM `user` [ RunTime:0.002380s ]
[ 2011-11-23T19:09:59+08:00 ] SQL: SELECT * FROM `user` WHERE ( `username` = 'li' ) LIMIT 1  [ RunTime:0.000480s ]
[ 2011-11-23T19:10:52+08:00 ] SQL: SHOW COLUMNS FROM `user` [ RunTime:0.002505s ]
[ 2011-11-23T19:10:52+08:00 ] SQL: SELECT * FROM `user` WHERE ( `username` = 'li' ) LIMIT 1  [ RunTime:0.000700s ]
[ 2011-11-23T19:13:40+08:00 ] SQL: SHOW COLUMNS FROM `user` [ RunTime:0.002200s ]
[ 2011-11-23T19:13:40+08:00 ] SQL: SELECT * FROM `user` WHERE ( `username` = 'li' ) LIMIT 1  [ RunTime:0.000402s ]
[ 2011-11-23T19:14:13+08:00 ] SQL: SHOW COLUMNS FROM `user` [ RunTime:0.002244s ]
[ 2011-11-23T19:14:13+08:00 ] SQL: SELECT * FROM `user` WHERE ( `username` = 'li' ) LIMIT 1  [ RunTime:0.000575s ]
[ 2011-11-23T19:16:54+08:00 ] SQL: SHOW COLUMNS FROM `user` [ RunTime:0.002576s ]
[ 2011-11-23T19:16:54+08:00 ] SQL: SELECT * FROM `user` WHERE ( `username` = 'li' ) LIMIT 1  [ RunTime:0.001217s ]
[ 2011-11-23T19:27:53+08:00 ] SQL: SHOW COLUMNS FROM `user` [ RunTime:0.002344s ]
[ 2011-11-23T19:27:53+08:00 ] SQL: SELECT * FROM `user` WHERE ( `username` = 'li' ) LIMIT 1  [ RunTime:0.000493s ]
[ 2011-11-23T19:29:26+08:00 ] SQL: SHOW COLUMNS FROM `user` [ RunTime:0.002898s ]
[ 2011-11-23T19:29:26+08:00 ] SQL: SELECT * FROM `user` WHERE ( `username` = 'li' ) LIMIT 1  [ RunTime:0.000385s ]
[ 2011-11-23T19:30:44+08:00 ] SQL: SHOW COLUMNS FROM `user` [ RunTime:0.002362s ]
[ 2011-11-23T19:30:44+08:00 ] SQL: SELECT * FROM `user` WHERE ( `username` = 'li' ) LIMIT 1  [ RunTime:0.000592s ]
[ 2011-11-23T19:31:15+08:00 ] SQL: SHOW COLUMNS FROM `user` [ RunTime:0.002882s ]
[ 2011-11-23T19:31:15+08:00 ] SQL: SELECT * FROM `user` WHERE ( `username` = 'li' ) LIMIT 1  [ RunTime:0.001290s ]
[ 2011-11-23T19:33:31+08:00 ] SQL: SHOW COLUMNS FROM `user` [ RunTime:0.002253s ]
[ 2011-11-23T19:33:31+08:00 ] SQL: SELECT * FROM `user` WHERE ( `username` = 'li' ) LIMIT 1  [ RunTime:0.000525s ]
[ 2011-11-23T19:33:46+08:00 ] SQL: SHOW COLUMNS FROM `user` [ RunTime:0.002775s ]
[ 2011-11-23T19:33:46+08:00 ] SQL: SELECT * FROM `user` WHERE ( `username` = 'li' ) LIMIT 1  [ RunTime:0.000451s ]
[ 2011-11-23T19:36:49+08:00 ] SQL: SHOW COLUMNS FROM `user` [ RunTime:0.002661s ]
[ 2011-11-23T19:36:49+08:00 ] SQL: SELECT * FROM `user` WHERE ( `username` = 'li' ) LIMIT 1  [ RunTime:0.000405s ]
[ 2011-11-23T19:38:43+08:00 ] SQL: SHOW COLUMNS FROM `user` [ RunTime:0.002657s ]
[ 2011-11-23T19:38:43+08:00 ] SQL: SELECT * FROM `user` WHERE ( `username` = 'li' ) LIMIT 1  [ RunTime:0.000409s ]
[ 2011-11-23T19:39:21+08:00 ] SQL: SHOW COLUMNS FROM `user` [ RunTime:0.002240s ]
[ 2011-11-23T19:39:21+08:00 ] SQL: SELECT * FROM `user` WHERE ( `username` = 'li' ) LIMIT 1  [ RunTime:0.000587s ]
[ 2011-11-23T19:39:31+08:00 ] SQL: SHOW COLUMNS FROM `user` [ RunTime:0.002831s ]
[ 2011-11-23T19:39:31+08:00 ] SQL: SELECT * FROM `user` WHERE ( `username` = 'li' ) LIMIT 1  [ RunTime:0.000614s ]
[ 2011-11-23T20:08:05+08:00 ] SQL: SHOW COLUMNS FROM `user` [ RunTime:0.002237s ]
[ 2011-11-23T20:08:05+08:00 ] SQL: SELECT * FROM `user` WHERE ( `username` = '111' ) LIMIT 1  [ RunTime:0.000394s ]
[ 2011-11-23T20:11:59+08:00 ] SQL: SHOW COLUMNS FROM `user` [ RunTime:0.002372s ]
[ 2011-11-23T20:11:59+08:00 ] SQL: SELECT * FROM `user` WHERE ( `username` = '33' ) LIMIT 1  [ RunTime:0.000318s ]
[ 2011-11-23T20:34:41+08:00 ] SQL: SHOW COLUMNS FROM `user` [ RunTime:0.002349s ]
[ 2011-11-23T20:34:41+08:00 ] SQL: SELECT * FROM `user` WHERE ( `username` = '1111' ) LIMIT 1  [ RunTime:0.000688s ]
[ 2011-11-23T20:41:41+08:00 ] SQL: SHOW COLUMNS FROM `user` [ RunTime:0.002276s ]
[ 2011-11-23T20:41:41+08:00 ] SQL: SELECT * FROM `user` WHERE ( `username` = 'li' ) LIMIT 1  [ RunTime:0.000442s ]
[ 2011-11-23T20:48:34+08:00 ] SQL: SHOW COLUMNS FROM `user` [ RunTime:0.002220s ]
[ 2011-11-23T20:48:34+08:00 ] SQL: SELECT * FROM `user` WHERE ( `username` = 'lili' ) LIMIT 1  [ RunTime:0.000451s ]
[ 2011-11-23T20:48:35+08:00 ] NOTIC: [2] Cannot modify header information - headers already sent by (output started at F:\php_project\IMPS\Common\Libs\phpmailer\class.smtp.php:804) ~runtime.php 第 2 行.
[ 2011-11-23T20:48:35+08:00 ] NOTIC: [2] Cannot modify header information - headers already sent by (output started at F:\php_project\IMPS\Common\Libs\phpmailer\class.smtp.php:804) ~runtime.php 第 2 行.
[ 2011-11-23T20:48:35+08:00 ] NOTIC: [2] Cannot modify header information - headers already sent by (output started at F:\php_project\IMPS\Common\Libs\phpmailer\class.smtp.php:804) ~runtime.php 第 2 行.
[ 2011-11-23T20:48:49+08:00 ] SQL: SHOW COLUMNS FROM `user` [ RunTime:0.002232s ]
[ 2011-11-23T20:48:49+08:00 ] SQL: SELECT * FROM `user` WHERE ( `username` = '5090379175' ) LIMIT 1  [ RunTime:0.000419s ]
[ 2011-11-23T20:48:49+08:00 ] SQL: INSERT INTO `user` (`username`,`password`,`email`,`gender`) VALUES ('5090379175','222222','liwenhaosuper@126.com','F') [ RunTime:0.201787s ]
[ 2011-11-23T20:48:53+08:00 ] NOTIC: [2] Cannot modify header information - headers already sent by (output started at F:\php_project\IMPS\Common\Libs\phpmailer\class.smtp.php:804) ~runtime.php 第 2 行.
[ 2011-11-23T20:48:53+08:00 ] NOTIC: [2] Cannot modify header information - headers already sent by (output started at F:\php_project\IMPS\Common\Libs\phpmailer\class.smtp.php:804) ~runtime.php 第 2 行.
[ 2011-11-23T20:48:53+08:00 ] NOTIC: [2] Cannot modify header information - headers already sent by (output started at F:\php_project\IMPS\Common\Libs\phpmailer\class.smtp.php:804) ~runtime.php 第 2 行.
[ 2011-11-23T21:54:53+08:00 ] SQL: SHOW COLUMNS FROM `user` [ RunTime:0.002077s ]
[ 2011-11-23T21:54:53+08:00 ] SQL: SELECT * FROM `user` WHERE ( `username` = '5090379175' ) LIMIT 1  [ RunTime:0.000409s ]
[ 2011-11-23T21:54:53+08:00 ] SQL: INSERT INTO `user` (`username`,`password`,`email`,`gender`) VALUES ('5090379175','2222','liwenhaosuper@126.com','F') [ RunTime:0.084287s ]
[ 2011-11-23T21:54:54+08:00 ] SQL: SHOW COLUMNS FROM `validation` [ RunTime:0.002518s ]
[ 2011-11-23T21:54:54+08:00 ] NOTIC: [8] Undefined variable: validationData PublicAction.class.php 第 100 行.
[ 2011-11-23T21:54:54+08:00 ] NOTIC: [2] Cannot modify header information - headers already sent by (output started at F:\php_project\IMPS\Common\Libs\phpmailer\class.smtp.php:804) ~runtime.php 第 2 行.
[ 2011-11-23T21:54:54+08:00 ] NOTIC: [2] Cannot modify header information - headers already sent by (output started at F:\php_project\IMPS\Common\Libs\phpmailer\class.smtp.php:804) ~runtime.php 第 2 行.
[ 2011-11-23T21:54:54+08:00 ] NOTIC: [2] Cannot modify header information - headers already sent by (output started at F:\php_project\IMPS\Common\Libs\phpmailer\class.smtp.php:804) ~runtime.php 第 2 行.
[ 2011-11-23T21:56:07+08:00 ] SQL: SHOW COLUMNS FROM `user` [ RunTime:0.002086s ]
[ 2011-11-23T21:56:07+08:00 ] SQL: SELECT * FROM `user` WHERE ( `username` = '5555' ) LIMIT 1  [ RunTime:0.000326s ]
[ 2011-11-23T21:56:08+08:00 ] SQL: INSERT INTO `user` (`username`,`password`,`email`,`gender`) VALUES ('5555','5555','liwenhaosuper@126.com','M') [ RunTime:0.082771s ]
[ 2011-11-23T21:56:09+08:00 ] SQL: SHOW COLUMNS FROM `validation` [ RunTime:0.002363s ]
[ 2011-11-23T21:56:09+08:00 ] NOTIC: [8] Undefined variable: validationData PublicAction.class.php 第 100 行.
[ 2011-11-23T21:56:09+08:00 ] NOTIC: [2] Cannot modify header information - headers already sent by (output started at F:\php_project\IMPS\Common\Libs\phpmailer\class.smtp.php:804) ~runtime.php 第 2 行.
[ 2011-11-23T21:56:09+08:00 ] NOTIC: [2] Cannot modify header information - headers already sent by (output started at F:\php_project\IMPS\Common\Libs\phpmailer\class.smtp.php:804) ~runtime.php 第 2 行.
[ 2011-11-23T21:56:09+08:00 ] NOTIC: [2] Cannot modify header information - headers already sent by (output started at F:\php_project\IMPS\Common\Libs\phpmailer\class.smtp.php:804) ~runtime.php 第 2 行.
[ 2011-11-23T21:58:11+08:00 ] SQL: SHOW COLUMNS FROM `user` [ RunTime:0.002490s ]
[ 2011-11-23T21:58:11+08:00 ] SQL: SELECT * FROM `user` WHERE ( `username` = '666' ) LIMIT 1  [ RunTime:0.000861s ]
[ 2011-11-23T21:58:12+08:00 ] SQL: INSERT INTO `user` (`username`,`password`,`email`,`gender`) VALUES ('666','666','liwenhaosuper@126.com','F') [ RunTime:0.108635s ]
[ 2011-11-23T21:58:12+08:00 ] SQL: SHOW COLUMNS FROM `validation` [ RunTime:0.002426s ]
[ 2011-11-23T21:58:12+08:00 ] NOTIC: [8] Undefined variable: validationData PublicAction.class.php 第 100 行.
[ 2011-11-23T22:12:25+08:00 ] SQL: SHOW COLUMNS FROM `user` [ RunTime:0.002249s ]
[ 2011-11-23T22:12:25+08:00 ] SQL: SELECT * FROM `user` WHERE ( `username` = '5555' ) LIMIT 1  [ RunTime:0.000443s ]
[ 2011-11-23T22:12:50+08:00 ] SQL: SHOW COLUMNS FROM `user` [ RunTime:0.002291s ]
[ 2011-11-23T22:12:50+08:00 ] SQL: SELECT * FROM `user` WHERE ( `username` = '2222' ) LIMIT 1  [ RunTime:0.000525s ]
[ 2011-11-23T22:12:50+08:00 ] SQL: INSERT INTO `user` (`username`,`password`,`email`,`gender`) VALUES ('2222','2222','liwenhaosuper@126.com','M') [ RunTime:0.087134s ]
[ 2011-11-23T22:12:50+08:00 ] SQL: SHOW COLUMNS FROM `validation` [ RunTime:0.002505s ]
[ 2011-11-23T22:12:50+08:00 ] SQL: SELECT MAX(id) AS tp_max FROM `validation` LIMIT 1  [ RunTime:0.138912s ]
[ 2011-11-23T22:12:50+08:00 ] NOTIC: [8] Undefined variable: to_user ValidationService.class.php 第 19 行.
[ 2011-11-23T22:12:51+08:00 ] SQL: SHOW COLUMNS FROM `validation` [ RunTime:0.002440s ]
[ 2011-11-23T22:12:51+08:00 ] NOTIC: [8] Undefined variable: validationData PublicAction.class.php 第 100 行.
[ 2011-11-23T22:12:51+08:00 ] NOTIC: [2] Cannot modify header information - headers already sent by (output started at F:\php_project\IMPS\Common\Libs\phpmailer\class.smtp.php:804) ~runtime.php 第 2 行.
[ 2011-11-23T22:12:51+08:00 ] NOTIC: [2] Cannot modify header information - headers already sent by (output started at F:\php_project\IMPS\Common\Libs\phpmailer\class.smtp.php:804) ~runtime.php 第 2 行.
[ 2011-11-23T22:12:51+08:00 ] NOTIC: [2] Cannot modify header information - headers already sent by (output started at F:\php_project\IMPS\Common\Libs\phpmailer\class.smtp.php:804) ~runtime.php 第 2 行.
[ 2011-11-23T22:15:58+08:00 ] SQL: SHOW COLUMNS FROM `user` [ RunTime:0.002385s ]
[ 2011-11-23T22:15:58+08:00 ] SQL: SELECT * FROM `user` WHERE ( `username` = '666666666' ) LIMIT 1  [ RunTime:0.000522s ]
[ 2011-11-23T22:15:59+08:00 ] SQL: INSERT INTO `user` (`username`,`password`,`email`,`gender`) VALUES ('666666666','6666666666','liwenhaosuper@126.com','F') [ RunTime:0.071521s ]
[ 2011-11-23T22:15:59+08:00 ] SQL: SHOW COLUMNS FROM `validation` [ RunTime:0.002522s ]
[ 2011-11-23T22:15:59+08:00 ] SQL: SELECT MAX(id) AS tp_max FROM `validation` LIMIT 1  [ RunTime:0.000469s ]
[ 2011-11-23T22:15:59+08:00 ] NOTIC: [8] Undefined variable: to_user ValidationService.class.php 第 19 行.
[ 2011-11-23T22:15:59+08:00 ] SQL: SHOW COLUMNS FROM `validation` [ RunTime:0.002474s ]
[ 2011-11-23T22:15:59+08:00 ] NOTIC: [8] Undefined variable: validationData PublicAction.class.php 第 100 行.
[ 2011-11-23T22:15:59+08:00 ] NOTIC: [2] Cannot modify header information - headers already sent by (output started at F:\php_project\IMPS\Common\Libs\phpmailer\class.smtp.php:804) ~runtime.php 第 2 行.
[ 2011-11-23T22:15:59+08:00 ] NOTIC: [2] Cannot modify header information - headers already sent by (output started at F:\php_project\IMPS\Common\Libs\phpmailer\class.smtp.php:804) ~runtime.php 第 2 行.
[ 2011-11-23T22:15:59+08:00 ] NOTIC: [2] Cannot modify header information - headers already sent by (output started at F:\php_project\IMPS\Common\Libs\phpmailer\class.smtp.php:804) ~runtime.php 第 2 行.
[ 2011-11-23T22:18:00+08:00 ] SQL: SHOW COLUMNS FROM `user` [ RunTime:0.002408s ]
[ 2011-11-23T22:18:00+08:00 ] SQL: SELECT * FROM `user` WHERE ( `username` = '77777777' ) LIMIT 1  [ RunTime:0.000331s ]
[ 2011-11-23T22:18:00+08:00 ] SQL: INSERT INTO `user` (`username`,`password`,`email`,`gender`) VALUES ('77777777','7777777777','liwenhaosuper@126.com','F') [ RunTime:0.098641s ]
[ 2011-11-23T22:18:00+08:00 ] SQL: SHOW COLUMNS FROM `validation` [ RunTime:0.002488s ]
[ 2011-11-23T22:18:00+08:00 ] SQL: SELECT MAX(id) AS tp_max FROM `validation` LIMIT 1  [ RunTime:0.000476s ]
[ 2011-11-23T22:18:00+08:00 ] NOTIC: [8] Undefined variable: to_user ValidationService.class.php 第 19 行.
[ 2011-11-23T22:18:01+08:00 ] SQL: SHOW COLUMNS FROM `validation` [ RunTime:0.002429s ]
[ 2011-11-23T22:18:01+08:00 ] NOTIC: [8] Undefined variable: validationData PublicAction.class.php 第 100 行.
[ 2011-11-23T22:18:01+08:00 ] NOTIC: [2] Cannot modify header information - headers already sent by (output started at F:\php_project\IMPS\Common\Libs\phpmailer\class.smtp.php:804) ~runtime.php 第 2 行.
[ 2011-11-23T22:18:01+08:00 ] NOTIC: [2] Cannot modify header information - headers already sent by (output started at F:\php_project\IMPS\Common\Libs\phpmailer\class.smtp.php:804) ~runtime.php 第 2 行.
[ 2011-11-23T22:18:01+08:00 ] NOTIC: [2] Cannot modify header information - headers already sent by (output started at F:\php_project\IMPS\Common\Libs\phpmailer\class.smtp.php:804) ~runtime.php 第 2 行.
[ 2011-11-23T22:18:45+08:00 ] SQL: SHOW COLUMNS FROM `user` [ RunTime:0.002219s ]
[ 2011-11-23T22:18:45+08:00 ] SQL: SELECT * FROM `user` WHERE ( `username` = 'ddd' ) LIMIT 1  [ RunTime:0.000559s ]
[ 2011-11-23T22:18:45+08:00 ] SQL: INSERT INTO `user` (`username`,`password`,`email`,`gender`) VALUES ('ddd','dddd','liwenhaosuper@126.com','F') [ RunTime:0.057983s ]
[ 2011-11-23T22:18:45+08:00 ] SQL: SHOW COLUMNS FROM `validation` [ RunTime:0.002451s ]
[ 2011-11-23T22:18:45+08:00 ] SQL: SELECT MAX(id) AS tp_max FROM `validation` LIMIT 1  [ RunTime:0.000451s ]
[ 2011-11-23T22:18:45+08:00 ] NOTIC: [8] Undefined variable: to_user ValidationService.class.php 第 19 行.
[ 2011-11-23T22:18:46+08:00 ] SQL: SHOW COLUMNS FROM `validation` [ RunTime:0.002385s ]
[ 2011-11-23T22:18:46+08:00 ] NOTIC: [8] Undefined variable: validationData PublicAction.class.php 第 100 行.
[ 2011-11-23T22:18:46+08:00 ] NOTIC: [2] Cannot modify header information - headers already sent by (output started at F:\php_project\IMPS\Common\Libs\phpmailer\class.smtp.php:804) ~runtime.php 第 2 行.
[ 2011-11-23T22:18:46+08:00 ] NOTIC: [2] Cannot modify header information - headers already sent by (output started at F:\php_project\IMPS\Common\Libs\phpmailer\class.smtp.php:804) ~runtime.php 第 2 行.
[ 2011-11-23T22:18:46+08:00 ] NOTIC: [2] Cannot modify header information - headers already sent by (output started at F:\php_project\IMPS\Common\Libs\phpmailer\class.smtp.php:804) ~runtime.php 第 2 行.
[ 2011-11-23T22:29:28+08:00 ] SQL: SHOW COLUMNS FROM `validation` [ RunTime:0.002186s ]
[ 2011-11-23T22:29:28+08:00 ] NOTIC: [8] Undefined variable: validationData IndexAction.class.php 第 34 行.
[ 2011-11-23T22:31:15+08:00 ] SQL: SHOW COLUMNS FROM `validation` [ RunTime:0.002744s ]
[ 2011-11-23T22:31:15+08:00 ] NOTIC: [8] Undefined variable: validationData IndexAction.class.php 第 34 行.
[ 2011-11-23T22:31:33+08:00 ] SQL: SHOW COLUMNS FROM `validation` [ RunTime:0.002552s ]
[ 2011-11-23T22:31:33+08:00 ] NOTIC: [8] Undefined variable: validationData IndexAction.class.php 第 34 行.
[ 2011-11-23T22:32:24+08:00 ] SQL: SHOW COLUMNS FROM `validation` [ RunTime:0.002374s ]
[ 2011-11-23T22:32:24+08:00 ] SQL: INSERT INTO `validation` (`userid`,`code`,`status`) VALUES (1,'23232323',0) [ RunTime:0.079246s ]
[ 2011-11-23T22:33:15+08:00 ] SQL: SHOW COLUMNS FROM `user` [ RunTime:0.002406s ]
[ 2011-11-23T22:33:15+08:00 ] SQL: SELECT * FROM `user` WHERE ( `username` = 'hhhhh' ) LIMIT 1  [ RunTime:0.000643s ]
[ 2011-11-23T22:33:15+08:00 ] SQL: INSERT INTO `user` (`username`,`password`,`email`,`gender`) VALUES ('hhhhh','hhhhhh','liwenhaosuper@126.com','F') [ RunTime:0.183600s ]
[ 2011-11-23T22:33:15+08:00 ] SQL: SHOW COLUMNS FROM `validation` [ RunTime:0.002458s ]
[ 2011-11-23T22:33:15+08:00 ] SQL: SELECT MAX(id) AS tp_max FROM `validation` LIMIT 1  [ RunTime:0.000521s ]
[ 2011-11-23T22:33:16+08:00 ] SQL: SHOW COLUMNS FROM `validation` [ RunTime:0.002412s ]
[ 2011-11-23T22:33:16+08:00 ] SQL: INSERT INTO `validation` (`userid`,`code`,`status`) VALUES (14,'d7bfdffb8d9fc192d8f387e74b5c87a',0) [ RunTime:0.075378s ]
[ 2011-11-23T22:33:16+08:00 ] NOTIC: [2] Cannot modify header information - headers already sent by (output started at F:\php_project\IMPS\Common\Libs\phpmailer\class.smtp.php:804) ~runtime.php 第 2 行.
[ 2011-11-23T22:33:16+08:00 ] NOTIC: [2] Cannot modify header information - headers already sent by (output started at F:\php_project\IMPS\Common\Libs\phpmailer\class.smtp.php:804) ~runtime.php 第 2 行.
[ 2011-11-23T22:33:16+08:00 ] NOTIC: [2] Cannot modify header information - headers already sent by (output started at F:\php_project\IMPS\Common\Libs\phpmailer\class.smtp.php:804) ~runtime.php 第 2 行.
[ 2011-11-23T22:46:34+08:00 ] NOTIC: [8] Use of undefined constant result - assumed 'result' ValidationService.class.php 第 77 行.
[ 2011-11-23T22:46:34+08:00 ] SQL: SHOW COLUMNS FROM `validation` [ RunTime:0.002225s ]
[ 2011-11-23T22:46:34+08:00 ] SQL: SELECT * FROM `validation` WHERE ( `id` = 'r' ) AND ( `code` = 'r' ) LIMIT 1  [ RunTime:0.000556s ]
[ 2011-11-23T22:47:50+08:00 ] NOTIC: [8] Use of undefined constant result - assumed 'result' ValidationService.class.php 第 77 行.
[ 2011-11-23T22:47:50+08:00 ] SQL: SHOW COLUMNS FROM `validation` [ RunTime:0.002246s ]
[ 2011-11-23T22:47:50+08:00 ] SQL: SELECT * FROM `validation` WHERE ( `id` = 'r' ) AND ( `code` = 'r' ) LIMIT 1  [ RunTime:0.000535s ]
[ 2011-11-23T22:47:53+08:00 ] NOTIC: [8] Use of undefined constant result - assumed 'result' ValidationService.class.php 第 77 行.
[ 2011-11-23T22:47:53+08:00 ] SQL: SHOW COLUMNS FROM `validation` [ RunTime:0.002053s ]
[ 2011-11-23T22:47:53+08:00 ] SQL: SELECT * FROM `validation` WHERE ( `id` = 'r' ) AND ( `code` = 'r' ) LIMIT 1  [ RunTime:0.000413s ]
[ 2011-11-23T22:49:05+08:00 ] NOTIC: [8] Use of undefined constant result - assumed 'result' ValidationService.class.php 第 77 行.
[ 2011-11-23T22:49:05+08:00 ] SQL: SHOW COLUMNS FROM `validation` [ RunTime:0.002616s ]
[ 2011-11-23T22:49:05+08:00 ] SQL: SELECT * FROM `validation` WHERE ( `id` = 'r' ) AND ( `code` = 'r' ) LIMIT 1  [ RunTime:0.000555s ]
[ 2011-11-23T22:51:05+08:00 ] SQL: SHOW COLUMNS FROM `user` [ RunTime:0.004702s ]
[ 2011-11-23T22:51:05+08:00 ] SQL: SELECT * FROM `user` WHERE ( `username` = 'sosocritical' ) LIMIT 1  [ RunTime:0.067994s ]
[ 2011-11-23T22:51:05+08:00 ] SQL: INSERT INTO `user` (`username`,`password`,`email`,`gender`) VALUES ('sosocritical','22222','liwenhaosuper@126.com','F') [ RunTime:0.164711s ]
[ 2011-11-23T22:51:05+08:00 ] SQL: SHOW COLUMNS FROM `validation` [ RunTime:0.002553s ]
[ 2011-11-23T22:51:05+08:00 ] SQL: SELECT MAX(id) AS tp_max FROM `validation` LIMIT 1  [ RunTime:0.001904s ]
[ 2011-11-23T22:51:10+08:00 ] SQL: SHOW COLUMNS FROM `validation` [ RunTime:0.002175s ]
[ 2011-11-23T22:51:10+08:00 ] SQL: INSERT INTO `validation` (`userid`,`code`,`status`) VALUES (15,'e4914a5c38154dd405b5b3d9654d0b5',0) [ RunTime:0.141272s ]
[ 2011-11-23T22:51:10+08:00 ] NOTIC: [2] Cannot modify header information - headers already sent by (output started at F:\php_project\IMPS\Common\Libs\phpmailer\class.smtp.php:804) ~runtime.php 第 2 行.
[ 2011-11-23T22:51:10+08:00 ] NOTIC: [2] Cannot modify header information - headers already sent by (output started at F:\php_project\IMPS\Common\Libs\phpmailer\class.smtp.php:804) ~runtime.php 第 2 行.
[ 2011-11-23T22:51:10+08:00 ] NOTIC: [2] Cannot modify header information - headers already sent by (output started at F:\php_project\IMPS\Common\Libs\phpmailer\class.smtp.php:804) ~runtime.php 第 2 行.
[ 2011-11-23T22:55:39+08:00 ] NOTIC: [8] Use of undefined constant result - assumed 'result' ValidationService.class.php 第 77 行.
[ 2011-11-23T22:55:39+08:00 ] NOTIC: [8] Array to string conversion PublicAction.class.php 第 174 行.
[ 2011-11-23T22:55:39+08:00 ] SQL: SHOW COLUMNS FROM `validation` [ RunTime:0.002648s ]
[ 2011-11-23T22:55:39+08:00 ] SQL: SELECT * FROM `validation` WHERE ( `id` = 'A' ) AND ( `code` = 'A' ) LIMIT 1  [ RunTime:0.000365s ]
[ 2011-11-23T22:55:58+08:00 ] NOTIC: [8] Use of undefined constant result - assumed 'result' ValidationService.class.php 第 77 行.
[ 2011-11-23T22:55:58+08:00 ] NOTIC: [8] Array to string conversion PublicAction.class.php 第 174 行.
[ 2011-11-23T22:55:58+08:00 ] SQL: SHOW COLUMNS FROM `validation` [ RunTime:0.002213s ]
[ 2011-11-23T22:55:58+08:00 ] SQL: SELECT * FROM `validation` WHERE ( `id` = 'A' ) AND ( `code` = 'A' ) LIMIT 1  [ RunTime:0.000469s ]
[ 2011-11-23T22:57:45+08:00 ] NOTIC: [8] Use of undefined constant result - assumed 'result' ValidationService.class.php 第 77 行.
[ 2011-11-23T22:57:45+08:00 ] NOTIC: [8] Undefined variable: _RET PublicAction.class.php 第 172 行.
[ 2011-11-23T22:57:45+08:00 ] NOTIC: [8] Undefined variable: _RET PublicAction.class.php 第 173 行.
[ 2011-11-23T22:57:45+08:00 ] NOTIC: [8] Undefined variable: _RET PublicAction.class.php 第 174 行.
[ 2011-11-23T22:57:46+08:00 ] SQL: SHOW COLUMNS FROM `validation` [ RunTime:0.002187s ]
[ 2011-11-23T22:57:46+08:00 ] SQL: SELECT * FROM `validation` WHERE ( `id` = '\0' ) AND ( `code` = '\0' ) LIMIT 1  [ RunTime:0.000462s ]
[ 2011-11-23T22:59:48+08:00 ] NOTIC: [8] Undefined index: username PublicAction.class.php 第 51 行.
[ 2011-11-23T22:59:48+08:00 ] NOTIC: [8] Undefined index: password PublicAction.class.php 第 52 行.
[ 2011-11-23T22:59:48+08:00 ] SQL: SHOW COLUMNS FROM `user` [ RunTime:0.003168s ]
[ 2011-11-23T22:59:48+08:00 ] SQL: SELECT * FROM `user` WHERE ( `username` = null ) LIMIT 1  [ RunTime:0.000705s ]
[ 2011-11-23T23:01:11+08:00 ] NOTIC: [8] Use of undefined constant result - assumed 'result' ValidationService.class.php 第 77 行.
[ 2011-11-23T23:01:11+08:00 ] NOTIC: [8] Array to string conversion PublicAction.class.php 第 174 行.
[ 2011-11-23T23:01:11+08:00 ] SQL: SHOW COLUMNS FROM `validation` [ RunTime:0.002851s ]
[ 2011-11-23T23:01:11+08:00 ] SQL: SELECT * FROM `validation` WHERE ( `id` = 'A' ) AND ( `code` = 'A' ) LIMIT 1  [ RunTime:0.000668s ]
[ 2011-11-23T23:02:32+08:00 ] NOTIC: [8] Use of undefined constant result - assumed 'result' ValidationService.class.php 第 77 行.
[ 2011-11-23T23:02:32+08:00 ] NOTIC: [8] Array to string conversion PublicAction.class.php 第 174 行.
[ 2011-11-23T23:02:32+08:00 ] SQL: SHOW COLUMNS FROM `validation` [ RunTime:0.002402s ]
[ 2011-11-23T23:02:32+08:00 ] SQL: SELECT * FROM `validation` WHERE ( `id` = 'A' ) AND ( `code` = 'A' ) LIMIT 1  [ RunTime:0.000485s ]
