[ 2011-11-25T20:32:57+08:00 ] SQL: SHOW COLUMNS FROM `user` [ RunTime:0.435399s ]
[ 2011-11-25T20:32:57+08:00 ] SQL: SELECT * FROM `user` WHERE ( `username` = 'lili' ) LIMIT 1  [ RunTime:0.028500s ]
[ 2011-11-25T20:32:58+08:00 ] SQL: SHOW COLUMNS FROM `validation` [ RunTime:0.055393s ]
[ 2011-11-25T20:32:58+08:00 ] SQL: SELECT * FROM `validation` WHERE ( `userid` = '20' ) LIMIT 1  [ RunTime:0.133409s ]
[ 2011-11-25T20:34:15+08:00 ] SQL: SHOW COLUMNS FROM `user` [ RunTime:0.002163s ]
[ 2011-11-25T20:34:15+08:00 ] SQL: SELECT * FROM `user` WHERE ( `username` = 'lili' ) LIMIT 1  [ RunTime:0.000444s ]
[ 2011-11-25T20:34:15+08:00 ] SQL: SHOW COLUMNS FROM `validation` [ RunTime:0.002175s ]
[ 2011-11-25T20:34:15+08:00 ] SQL: SELECT * FROM `validation` WHERE ( `userid` = '20' ) LIMIT 1  [ RunTime:0.130160s ]
[ 2011-11-25T20:35:12+08:00 ] SQL: SHOW COLUMNS FROM `user` [ RunTime:0.002268s ]
[ 2011-11-25T20:35:12+08:00 ] SQL: SELECT * FROM `user` WHERE ( `username` = 'lili' ) LIMIT 1  [ RunTime:0.000652s ]
[ 2011-11-25T20:35:12+08:00 ] SQL: SHOW COLUMNS FROM `validation` [ RunTime:0.002155s ]
[ 2011-11-25T20:35:12+08:00 ] SQL: SELECT * FROM `validation` WHERE ( `userid` = '20' ) LIMIT 1  [ RunTime:0.000603s ]
[ 2011-11-25T20:36:28+08:00 ] SQL: SHOW COLUMNS FROM `user` [ RunTime:0.002419s ]
[ 2011-11-25T20:36:28+08:00 ] SQL: SELECT * FROM `user` WHERE ( `username` = 'lili' ) LIMIT 1  [ RunTime:0.000454s ]
[ 2011-11-25T20:36:28+08:00 ] SQL: SHOW COLUMNS FROM `validation` [ RunTime:0.002099s ]
[ 2011-11-25T20:36:28+08:00 ] SQL: SELECT * FROM `validation` WHERE ( `userid` = '20' ) LIMIT 1  [ RunTime:0.000693s ]
[ 2011-11-25T20:38:21+08:00 ] SQL: SHOW COLUMNS FROM `user` [ RunTime:0.002210s ]
[ 2011-11-25T20:38:21+08:00 ] SQL: SELECT * FROM `user` WHERE ( `username` = 'lili' ) LIMIT 1  [ RunTime:0.000624s ]
[ 2011-11-25T20:38:21+08:00 ] SQL: SHOW COLUMNS FROM `validation` [ RunTime:0.002335s ]
[ 2011-11-25T20:38:21+08:00 ] SQL: SELECT * FROM `validation` WHERE ( `userid` = '20' ) LIMIT 1  [ RunTime:0.000484s ]
[ 2011-11-25T20:42:09+08:00 ] SQL: SHOW COLUMNS FROM `user` [ RunTime:0.003240s ]
[ 2011-11-25T20:42:09+08:00 ] SQL: SELECT * FROM `user` WHERE ( `username` = 'lili' ) LIMIT 1  [ RunTime:0.001159s ]
[ 2011-11-25T20:42:09+08:00 ] SQL: SHOW COLUMNS FROM `validation` [ RunTime:0.004257s ]
[ 2011-11-25T20:42:09+08:00 ] SQL: SELECT * FROM `validation` WHERE ( `userid` = '20' ) LIMIT 1  [ RunTime:0.001178s ]
[ 2011-11-25T20:44:39+08:00 ] SQL: SHOW COLUMNS FROM `state` [ RunTime:0.002335s ]
[ 2011-11-25T20:44:39+08:00 ] SQL: SELECT * FROM `state` WHERE userid=20 ORDER BY time desc LIMIT 1  [ RunTime:0.076764s ]
[ 2011-11-25T20:45:09+08:00 ] SQL: SHOW COLUMNS FROM `state` [ RunTime:0.002960s ]
[ 2011-11-25T20:45:09+08:00 ] SQL: SELECT * FROM `state` WHERE userid=20 ORDER BY time desc LIMIT 1  [ RunTime:0.000669s ]
[ 2011-11-25T20:45:10+08:00 ] SQL: SHOW COLUMNS FROM `state` [ RunTime:0.002200s ]
[ 2011-11-25T20:45:10+08:00 ] SQL: SELECT * FROM `state` WHERE userid=20 ORDER BY time desc LIMIT 1  [ RunTime:0.000427s ]
[ 2011-11-25T20:45:10+08:00 ] SQL: SHOW COLUMNS FROM `state` [ RunTime:0.002513s ]
[ 2011-11-25T20:45:10+08:00 ] SQL: SELECT * FROM `state` WHERE userid=20 ORDER BY time desc LIMIT 1  [ RunTime:0.000578s ]
[ 2011-11-25T20:45:11+08:00 ] SQL: SHOW COLUMNS FROM `state` [ RunTime:0.002247s ]
[ 2011-11-25T20:45:11+08:00 ] SQL: SELECT * FROM `state` WHERE userid=20 ORDER BY time desc LIMIT 1  [ RunTime:0.000429s ]
[ 2011-11-25T20:45:11+08:00 ] SQL: SHOW COLUMNS FROM `state` [ RunTime:0.002476s ]
[ 2011-11-25T20:45:11+08:00 ] SQL: SELECT * FROM `state` WHERE userid=20 ORDER BY time desc LIMIT 1  [ RunTime:0.000689s ]
[ 2011-11-25T20:45:11+08:00 ] SQL: SHOW COLUMNS FROM `state` [ RunTime:0.002394s ]
[ 2011-11-25T20:45:11+08:00 ] SQL: SELECT * FROM `state` WHERE userid=20 ORDER BY time desc LIMIT 1  [ RunTime:0.000620s ]
[ 2011-11-25T20:45:12+08:00 ] SQL: SHOW COLUMNS FROM `state` [ RunTime:0.002441s ]
[ 2011-11-25T20:45:12+08:00 ] SQL: SELECT * FROM `state` WHERE userid=20 ORDER BY time desc LIMIT 1  [ RunTime:0.000704s ]
[ 2011-11-25T20:45:12+08:00 ] SQL: SHOW COLUMNS FROM `state` [ RunTime:0.002668s ]
[ 2011-11-25T20:45:12+08:00 ] SQL: SELECT * FROM `state` WHERE userid=20 ORDER BY time desc LIMIT 1  [ RunTime:0.000695s ]
[ 2011-11-25T20:45:12+08:00 ] SQL: SHOW COLUMNS FROM `state` [ RunTime:0.003419s ]
[ 2011-11-25T20:45:12+08:00 ] SQL: SELECT * FROM `state` WHERE userid=20 ORDER BY time desc LIMIT 1  [ RunTime:0.000893s ]
[ 2011-11-25T20:45:14+08:00 ] SQL: SHOW COLUMNS FROM `state` [ RunTime:0.002300s ]
[ 2011-11-25T20:45:14+08:00 ] SQL: SELECT * FROM `state` WHERE userid=20 ORDER BY time desc LIMIT 1  [ RunTime:0.000562s ]
[ 2011-11-25T20:45:14+08:00 ] SQL: SHOW COLUMNS FROM `state` [ RunTime:0.002367s ]
[ 2011-11-25T20:45:14+08:00 ] SQL: SELECT * FROM `state` WHERE userid=20 ORDER BY time desc LIMIT 1  [ RunTime:0.000512s ]
[ 2011-11-25T20:45:14+08:00 ] SQL: SHOW COLUMNS FROM `state` [ RunTime:0.002142s ]
[ 2011-11-25T20:45:14+08:00 ] SQL: SELECT * FROM `state` WHERE userid=20 ORDER BY time desc LIMIT 1  [ RunTime:0.000414s ]
[ 2011-11-25T20:45:14+08:00 ] SQL: SHOW COLUMNS FROM `state` [ RunTime:0.002359s ]
[ 2011-11-25T20:45:14+08:00 ] SQL: SELECT * FROM `state` WHERE userid=20 ORDER BY time desc LIMIT 1  [ RunTime:0.000700s ]
[ 2011-11-25T20:45:14+08:00 ] SQL: SHOW COLUMNS FROM `state` [ RunTime:0.002424s ]
[ 2011-11-25T20:45:14+08:00 ] SQL: SELECT * FROM `state` WHERE userid=20 ORDER BY time desc LIMIT 1  [ RunTime:0.000542s ]
[ 2011-11-25T20:45:15+08:00 ] SQL: SHOW COLUMNS FROM `state` [ RunTime:0.002297s ]
[ 2011-11-25T20:45:15+08:00 ] SQL: SELECT * FROM `state` WHERE userid=20 ORDER BY time desc LIMIT 1  [ RunTime:0.000377s ]
[ 2011-11-25T20:45:15+08:00 ] SQL: SHOW COLUMNS FROM `state` [ RunTime:0.002286s ]
[ 2011-11-25T20:45:15+08:00 ] SQL: SELECT * FROM `state` WHERE userid=20 ORDER BY time desc LIMIT 1  [ RunTime:0.000464s ]
[ 2011-11-25T20:46:20+08:00 ] SQL: SHOW COLUMNS FROM `state` [ RunTime:0.002574s ]
[ 2011-11-25T20:46:20+08:00 ] SQL: SELECT * FROM `state` WHERE userid=20 ORDER BY time desc LIMIT 1  [ RunTime:0.000420s ]
[ 2011-11-25T20:46:22+08:00 ] SQL: SHOW COLUMNS FROM `state` [ RunTime:0.002323s ]
[ 2011-11-25T20:46:22+08:00 ] SQL: SELECT * FROM `state` WHERE userid=20 ORDER BY time desc LIMIT 1  [ RunTime:0.000425s ]
[ 2011-11-25T20:46:23+08:00 ] SQL: SHOW COLUMNS FROM `state` [ RunTime:0.002432s ]
[ 2011-11-25T20:46:23+08:00 ] SQL: SELECT * FROM `state` WHERE userid=20 ORDER BY time desc LIMIT 1  [ RunTime:0.000428s ]
[ 2011-11-25T20:46:48+08:00 ] SQL: SHOW COLUMNS FROM `state` [ RunTime:0.002476s ]
[ 2011-11-25T20:46:48+08:00 ] SQL: SELECT * FROM `state` WHERE userid=20 ORDER BY time desc LIMIT 1  [ RunTime:0.000642s ]
[ 2011-11-25T20:46:58+08:00 ] SQL: SHOW COLUMNS FROM `state` [ RunTime:0.002349s ]
[ 2011-11-25T20:46:58+08:00 ] SQL: SELECT * FROM `state` WHERE userid=20 ORDER BY time desc LIMIT 1  [ RunTime:0.000679s ]
[ 2011-11-25T20:46:59+08:00 ] SQL: SHOW COLUMNS FROM `state` [ RunTime:0.002532s ]
[ 2011-11-25T20:46:59+08:00 ] SQL: SELECT * FROM `state` WHERE userid=20 ORDER BY time desc LIMIT 1  [ RunTime:0.000483s ]
[ 2011-11-25T20:46:59+08:00 ] SQL: SHOW COLUMNS FROM `state` [ RunTime:0.002325s ]
[ 2011-11-25T20:46:59+08:00 ] SQL: SELECT * FROM `state` WHERE userid=20 ORDER BY time desc LIMIT 1  [ RunTime:0.000774s ]
[ 2011-11-25T20:47:00+08:00 ] SQL: SHOW COLUMNS FROM `state` [ RunTime:0.002405s ]
[ 2011-11-25T20:47:00+08:00 ] SQL: SELECT * FROM `state` WHERE userid=20 ORDER BY time desc LIMIT 1  [ RunTime:0.000553s ]
[ 2011-11-25T20:47:00+08:00 ] SQL: SHOW COLUMNS FROM `state` [ RunTime:0.002532s ]
[ 2011-11-25T20:47:00+08:00 ] SQL: SELECT * FROM `state` WHERE userid=20 ORDER BY time desc LIMIT 1  [ RunTime:0.000394s ]
[ 2011-11-25T20:47:00+08:00 ] SQL: SHOW COLUMNS FROM `state` [ RunTime:0.002663s ]
[ 2011-11-25T20:47:00+08:00 ] SQL: SELECT * FROM `state` WHERE userid=20 ORDER BY time desc LIMIT 1  [ RunTime:0.000648s ]
[ 2011-11-25T20:47:00+08:00 ] SQL: SHOW COLUMNS FROM `state` [ RunTime:0.002465s ]
[ 2011-11-25T20:47:00+08:00 ] SQL: SELECT * FROM `state` WHERE userid=20 ORDER BY time desc LIMIT 1  [ RunTime:0.000968s ]
[ 2011-11-25T20:47:08+08:00 ] SQL: SHOW COLUMNS FROM `state` [ RunTime:0.002621s ]
[ 2011-11-25T20:47:08+08:00 ] SQL: SELECT * FROM `state` WHERE userid=20 ORDER BY time desc LIMIT 1  [ RunTime:0.000545s ]
[ 2011-11-25T20:47:27+08:00 ] SQL: SHOW COLUMNS FROM `state` [ RunTime:0.002336s ]
[ 2011-11-25T20:47:27+08:00 ] SQL: SELECT * FROM `state` WHERE userid=20 ORDER BY time desc LIMIT 1  [ RunTime:0.000435s ]
[ 2011-11-25T20:47:38+08:00 ] SQL: SHOW COLUMNS FROM `state` [ RunTime:0.002605s ]
[ 2011-11-25T20:47:38+08:00 ] SQL: SELECT * FROM `state` WHERE userid=20 ORDER BY time desc LIMIT 1  [ RunTime:0.000878s ]
[ 2011-11-25T20:49:02+08:00 ] SQL: SHOW COLUMNS FROM `state` [ RunTime:0.003787s ]
[ 2011-11-25T20:49:02+08:00 ] SQL: SELECT * FROM `state` WHERE userid=20 ORDER BY time desc LIMIT 1  [ RunTime:0.002876s ]
[ 2011-11-25T20:49:02+08:00 ] SQL: SHOW COLUMNS FROM `state` [ RunTime:0.002866s ]
[ 2011-11-25T20:49:02+08:00 ] SQL: SELECT * FROM `state` WHERE userid=20 ORDER BY time desc LIMIT 1  [ RunTime:0.001146s ]
[ 2011-11-25T20:49:03+08:00 ] SQL: SHOW COLUMNS FROM `state` [ RunTime:0.002698s ]
[ 2011-11-25T20:49:03+08:00 ] SQL: SELECT * FROM `state` WHERE userid=20 ORDER BY time desc LIMIT 1  [ RunTime:0.001258s ]
[ 2011-11-25T20:49:04+08:00 ] SQL: SHOW COLUMNS FROM `state` [ RunTime:0.002998s ]
[ 2011-11-25T20:49:04+08:00 ] SQL: SELECT * FROM `state` WHERE userid=20 ORDER BY time desc LIMIT 1  [ RunTime:0.000533s ]
[ 2011-11-25T20:49:19+08:00 ] SQL: SHOW COLUMNS FROM `state` [ RunTime:0.002187s ]
[ 2011-11-25T20:49:19+08:00 ] SQL: SELECT * FROM `state` WHERE userid=20 ORDER BY time desc LIMIT 1  [ RunTime:0.000431s ]
[ 2011-11-25T20:49:19+08:00 ] SQL: SHOW COLUMNS FROM `state` [ RunTime:0.002443s ]
[ 2011-11-25T20:49:19+08:00 ] SQL: SELECT * FROM `state` WHERE userid=20 ORDER BY time desc LIMIT 1  [ RunTime:0.000604s ]
[ 2011-11-25T20:49:20+08:00 ] SQL: SHOW COLUMNS FROM `state` [ RunTime:0.002417s ]
[ 2011-11-25T20:49:20+08:00 ] SQL: SELECT * FROM `state` WHERE userid=20 ORDER BY time desc LIMIT 1  [ RunTime:0.000420s ]
[ 2011-11-25T20:49:20+08:00 ] SQL: SHOW COLUMNS FROM `state` [ RunTime:0.002894s ]
[ 2011-11-25T20:49:20+08:00 ] SQL: SELECT * FROM `state` WHERE userid=20 ORDER BY time desc LIMIT 1  [ RunTime:0.000736s ]
[ 2011-11-25T20:49:20+08:00 ] SQL: SHOW COLUMNS FROM `state` [ RunTime:0.002340s ]
[ 2011-11-25T20:49:20+08:00 ] SQL: SELECT * FROM `state` WHERE userid=20 ORDER BY time desc LIMIT 1  [ RunTime:0.000566s ]
[ 2011-11-25T20:49:20+08:00 ] SQL: SHOW COLUMNS FROM `state` [ RunTime:0.002229s ]
[ 2011-11-25T20:49:20+08:00 ] SQL: SELECT * FROM `state` WHERE userid=20 ORDER BY time desc LIMIT 1  [ RunTime:0.000473s ]
[ 2011-11-25T20:50:11+08:00 ] SQL: SHOW COLUMNS FROM `state` [ RunTime:0.002355s ]
[ 2011-11-25T20:50:11+08:00 ] SQL: SELECT * FROM `state` WHERE userid=20 ORDER BY time desc LIMIT 1  [ RunTime:0.000711s ]
[ 2011-11-25T20:50:12+08:00 ] SQL: SHOW COLUMNS FROM `state` [ RunTime:0.002176s ]
[ 2011-11-25T20:50:12+08:00 ] SQL: SELECT * FROM `state` WHERE userid=20 ORDER BY time desc LIMIT 1  [ RunTime:0.000426s ]
[ 2011-11-25T20:50:13+08:00 ] SQL: SHOW COLUMNS FROM `state` [ RunTime:0.002415s ]
[ 2011-11-25T20:50:13+08:00 ] SQL: SELECT * FROM `state` WHERE userid=20 ORDER BY time desc LIMIT 1  [ RunTime:0.000535s ]
[ 2011-11-25T20:50:13+08:00 ] SQL: SHOW COLUMNS FROM `state` [ RunTime:0.002368s ]
[ 2011-11-25T20:50:13+08:00 ] SQL: SELECT * FROM `state` WHERE userid=20 ORDER BY time desc LIMIT 1  [ RunTime:0.001062s ]
[ 2011-11-25T20:50:14+08:00 ] SQL: SHOW COLUMNS FROM `state` [ RunTime:0.002498s ]
[ 2011-11-25T20:50:14+08:00 ] SQL: SELECT * FROM `state` WHERE userid=20 ORDER BY time desc LIMIT 1  [ RunTime:0.000416s ]
[ 2011-11-25T20:51:26+08:00 ] SQL: SHOW COLUMNS FROM `state` [ RunTime:0.002593s ]
[ 2011-11-25T20:51:26+08:00 ] SQL: SELECT * FROM `state` WHERE userid=20 ORDER BY time desc LIMIT 1  [ RunTime:0.000628s ]
[ 2011-11-25T20:51:27+08:00 ] SQL: SHOW COLUMNS FROM `state` [ RunTime:0.002303s ]
[ 2011-11-25T20:51:27+08:00 ] SQL: SELECT * FROM `state` WHERE userid=20 ORDER BY time desc LIMIT 1  [ RunTime:0.000342s ]
[ 2011-11-25T20:51:27+08:00 ] SQL: SHOW COLUMNS FROM `state` [ RunTime:0.002348s ]
[ 2011-11-25T20:51:27+08:00 ] SQL: SELECT * FROM `state` WHERE userid=20 ORDER BY time desc LIMIT 1  [ RunTime:0.000338s ]
[ 2011-11-25T20:51:27+08:00 ] SQL: SHOW COLUMNS FROM `state` [ RunTime:0.002369s ]
[ 2011-11-25T20:51:27+08:00 ] SQL: SELECT * FROM `state` WHERE userid=20 ORDER BY time desc LIMIT 1  [ RunTime:0.000508s ]
[ 2011-11-25T20:51:27+08:00 ] SQL: SHOW COLUMNS FROM `state` [ RunTime:0.002392s ]
[ 2011-11-25T20:51:27+08:00 ] SQL: SELECT * FROM `state` WHERE userid=20 ORDER BY time desc LIMIT 1  [ RunTime:0.000588s ]
[ 2011-11-25T20:51:28+08:00 ] SQL: SHOW COLUMNS FROM `state` [ RunTime:0.002318s ]
[ 2011-11-25T20:51:28+08:00 ] SQL: SELECT * FROM `state` WHERE userid=20 ORDER BY time desc LIMIT 1  [ RunTime:0.000726s ]
[ 2011-11-25T20:51:28+08:00 ] SQL: SHOW COLUMNS FROM `state` [ RunTime:0.002427s ]
[ 2011-11-25T20:51:28+08:00 ] SQL: SELECT * FROM `state` WHERE userid=20 ORDER BY time desc LIMIT 1  [ RunTime:0.000734s ]
[ 2011-11-25T20:51:49+08:00 ] SQL: SHOW COLUMNS FROM `state` [ RunTime:0.002451s ]
[ 2011-11-25T20:51:49+08:00 ] SQL: SELECT * FROM `state` WHERE userid=20 ORDER BY time desc LIMIT 1  [ RunTime:0.000675s ]
[ 2011-11-25T20:53:42+08:00 ] SQL: SHOW COLUMNS FROM `state` [ RunTime:0.002602s ]
[ 2011-11-25T20:53:42+08:00 ] SQL: SELECT * FROM `state` WHERE userid=20 ORDER BY time desc LIMIT 1  [ RunTime:0.000588s ]
[ 2011-11-25T20:53:43+08:00 ] SQL: SHOW COLUMNS FROM `state` [ RunTime:0.002330s ]
[ 2011-11-25T20:53:43+08:00 ] SQL: SELECT * FROM `state` WHERE userid=20 ORDER BY time desc LIMIT 1  [ RunTime:0.001397s ]
[ 2011-11-25T20:53:56+08:00 ] SQL: SHOW COLUMNS FROM `state` [ RunTime:0.002401s ]
[ 2011-11-25T20:53:56+08:00 ] SQL: SELECT * FROM `state` WHERE userid=20 ORDER BY time desc LIMIT 1  [ RunTime:0.000664s ]
[ 2011-11-25T20:54:01+08:00 ] SQL: SHOW COLUMNS FROM `state` [ RunTime:0.002443s ]
[ 2011-11-25T20:54:01+08:00 ] SQL: SELECT * FROM `state` WHERE userid=20 ORDER BY time desc LIMIT 1  [ RunTime:0.000639s ]
[ 2011-11-25T20:54:01+08:00 ] SQL: SHOW COLUMNS FROM `state` [ RunTime:0.002225s ]
[ 2011-11-25T20:54:01+08:00 ] SQL: SELECT * FROM `state` WHERE userid=20 ORDER BY time desc LIMIT 1  [ RunTime:0.000956s ]
[ 2011-11-25T20:54:02+08:00 ] SQL: SHOW COLUMNS FROM `state` [ RunTime:0.002330s ]
[ 2011-11-25T20:54:02+08:00 ] SQL: SELECT * FROM `state` WHERE userid=20 ORDER BY time desc LIMIT 1  [ RunTime:0.000552s ]
[ 2011-11-25T20:54:40+08:00 ] SQL: SHOW COLUMNS FROM `state` [ RunTime:0.002566s ]
[ 2011-11-25T20:54:40+08:00 ] SQL: SELECT * FROM `state` WHERE userid=20 ORDER BY time desc LIMIT 1  [ RunTime:0.000736s ]
[ 2011-11-25T21:25:15+08:00 ] SQL: SHOW COLUMNS FROM `state` [ RunTime:0.002630s ]
[ 2011-11-25T21:25:15+08:00 ] SQL: SELECT * FROM `state` WHERE userid=20 ORDER BY time desc LIMIT 1  [ RunTime:0.000489s ]
[ 2011-11-25T21:25:44+08:00 ] SQL: SHOW COLUMNS FROM `state` [ RunTime:0.002966s ]
[ 2011-11-25T21:25:44+08:00 ] SQL: SELECT * FROM `state` WHERE userid=20 ORDER BY time desc LIMIT 1  [ RunTime:0.000496s ]
[ 2011-11-25T21:44:07+08:00 ] SQL: SHOW COLUMNS FROM `state` [ RunTime:0.002441s ]
[ 2011-11-25T21:44:07+08:00 ] SQL: SELECT * FROM `state` WHERE userid=20 ORDER BY time desc LIMIT 1  [ RunTime:0.000630s ]
