[ 2011-12-22T00:01:20+08:00 ] ERR: (ThinkException) 无法加载模块Tpl
[ 2011-12-22T00:03:48+08:00 ] ERR: (ThinkException) 无法加载模块Tpl
[ 2011-12-22T00:03:49+08:00 ] ERR: (ThinkException) 无法加载模块Tpl
[ 2011-12-22T00:05:02+08:00 ] ERR: (ThinkException) 无法加载模块Tpl
[ 2011-12-22T00:05:04+08:00 ] ERR: (ThinkException) 无法加载模块Tpl
[ 2011-12-22T00:06:23+08:00 ] ERR: (ThinkException) 无法加载模块Tpl
[ 2011-12-22T00:06:24+08:00 ] ERR: (ThinkException) 无法加载模块Tpl
[ 2011-12-22T00:06:39+08:00 ] ERR: (ThinkException) 无法加载模块Tpl
[ 2011-12-22T00:07:44+08:00 ] ERR: (ThinkException) 无法加载模块Tpl
[ 2011-12-22T00:08:31+08:00 ] ERR: (ThinkException) 无法加载模块Tpl
[ 2011-12-22T00:08:31+08:00 ] ERR: (ThinkException) 无法加载模块Tpl
[ 2011-12-22T00:08:39+08:00 ] ERR: (ThinkException) 无法加载模块Tpl
[ 2011-12-22T00:09:30+08:00 ] ERR: (ThinkException) 无法加载模块Tpl
[ 2011-12-22T00:10:14+08:00 ] ERR: (ThinkException) 无法加载模块Tpl
[ 2011-12-22T00:10:14+08:00 ] ERR: (ThinkException) 无法加载模块Tpl
[ 2011-12-22T00:11:02+08:00 ] ERR: (ThinkException) 无法加载模块Tpl
[ 2011-12-22T00:11:02+08:00 ] ERR: (ThinkException) 无法加载模块Tpl
[ 2011-12-22T00:11:09+08:00 ] ERR: (ThinkException) 无法加载模块Tpl
[ 2011-12-22T00:11:14+08:00 ] ERR: (ThinkException) 无法加载模块Tpl
[ 2011-12-22T00:11:14+08:00 ] ERR: (ThinkException) 无法加载模块Tpl
[ 2011-12-22T00:11:22+08:00 ] ERR: (ThinkException) 无法加载模块Tpl
[ 2011-12-22T00:11:27+08:00 ] ERR: (ThinkException) 无法加载模块Tpl
[ 2011-12-22T00:11:27+08:00 ] ERR: (ThinkException) 无法加载模块Tpl
[ 2011-12-22T00:11:30+08:00 ] ERR: (ThinkException) 无法加载模块Tpl
[ 2011-12-22T00:17:42+08:00 ] ERR: (ThinkException) 无法加载模块Tpl
[ 2011-12-22T00:17:43+08:00 ] ERR: (ThinkException) 无法加载模块Tpl
[ 2011-12-22T00:17:46+08:00 ] ERR: (ThinkException) 无法加载模块Tpl
[ 2011-12-22T00:17:46+08:00 ] ERR: (ThinkException) 无法加载模块Tpl
[ 2011-12-22T00:17:53+08:00 ] ERR: (ThinkException) 非法操作sortimg
[ 2011-12-22T00:17:56+08:00 ] ERR: (ThinkException) 无法加载模块Tpl
[ 2011-12-22T00:17:56+08:00 ] ERR: (ThinkException) 无法加载模块Tpl
[ 2011-12-22T00:18:00+08:00 ] ERR: (ThinkException) 无法加载模块Tpl
[ 2011-12-22T00:18:02+08:00 ] ERR: (ThinkException) 无法加载模块Tpl
[ 2011-12-22T00:18:02+08:00 ] ERR: (ThinkException) 无法加载模块Tpl
[ 2011-12-22T00:21:18+08:00 ] ERR: (ThinkException) 无法加载模块Tpl
[ 2011-12-22T00:21:18+08:00 ] ERR: (ThinkException) 无法加载模块Tpl
[ 2011-12-22T00:21:18+08:00 ] ERR: (ThinkException) 无法加载模块Tpl
[ 2011-12-22T00:21:18+08:00 ] ERR: (ThinkException) 无法加载模块Tpl
[ 2011-12-22T00:22:01+08:00 ] ERR: (ThinkException) 无法加载模块Tpl
[ 2011-12-22T00:22:01+08:00 ] ERR: (ThinkException) 无法加载模块Tpl
[ 2011-12-22T00:23:13+08:00 ] ERR: (ThinkException) 无法加载模块Tpl
[ 2011-12-22T00:23:13+08:00 ] ERR: (ThinkException) 无法加载模块Tpl
[ 2011-12-22T00:24:51+08:00 ] ERR: (ThinkException) 无法加载模块Tpl
[ 2011-12-22T00:24:51+08:00 ] ERR: (ThinkException) 无法加载模块Tpl
[ 2011-12-22T00:26:41+08:00 ] ERR: (ThinkException) 无法加载模块Tpl
[ 2011-12-22T00:26:41+08:00 ] ERR: (ThinkException) 无法加载模块Tpl
[ 2011-12-22T00:26:41+08:00 ] ERR: (ThinkException) 无法加载模块Tpl
[ 2011-12-22T00:26:41+08:00 ] ERR: (ThinkException) 无法加载模块Tpl
[ 2011-12-22T00:27:29+08:00 ] ERR: (ThinkException) 无法加载模块Tpl
[ 2011-12-22T00:27:29+08:00 ] ERR: (ThinkException) 无法加载模块Tpl
[ 2011-12-22T00:27:29+08:00 ] ERR: (ThinkException) 无法加载模块Tpl
[ 2011-12-22T00:27:59+08:00 ] ERR: (ThinkException) 无法加载模块Tpl
[ 2011-12-22T00:27:59+08:00 ] ERR: (ThinkException) 无法加载模块Tpl
[ 2011-12-22T00:27:59+08:00 ] ERR: (ThinkException) 无法加载模块Tpl
[ 2011-12-22T00:29:20+08:00 ] ERR: (ThinkException) 无法加载模块Tpl
[ 2011-12-22T00:29:20+08:00 ] ERR: (ThinkException) 无法加载模块Tpl
[ 2011-12-22T00:29:20+08:00 ] ERR: (ThinkException) 无法加载模块Tpl
[ 2011-12-22T00:29:20+08:00 ] ERR: (ThinkException) 无法加载模块Tpl
[ 2011-12-22T00:31:02+08:00 ] ERR: (ThinkException) 无法加载模块Tpl
[ 2011-12-22T00:31:03+08:00 ] ERR: (ThinkException) 无法加载模块Tpl
[ 2011-12-22T00:31:03+08:00 ] ERR: (ThinkException) 无法加载模块Tpl
[ 2011-12-22T00:32:56+08:00 ] ERR: (ThinkException) 无法加载模块Tpl
[ 2011-12-22T00:32:56+08:00 ] ERR: (ThinkException) 无法加载模块Tpl
[ 2011-12-22T00:32:56+08:00 ] ERR: (ThinkException) 无法加载模块Tpl
[ 2011-12-22T00:32:58+08:00 ] ERR: (ThinkException) 无法加载模块Tpl
[ 2011-12-22T00:32:58+08:00 ] ERR: (ThinkException) 无法加载模块Tpl
[ 2011-12-22T00:32:58+08:00 ] ERR: (ThinkException) 无法加载模块Tpl
[ 2011-12-22T00:33:38+08:00 ] ERR: (ThinkException) 无法加载模块Tpl
[ 2011-12-22T00:33:39+08:00 ] ERR: (ThinkException) 无法加载模块Tpl
[ 2011-12-22T00:33:39+08:00 ] ERR: (ThinkException) 无法加载模块Tpl
[ 2011-12-22T00:33:39+08:00 ] ERR: (ThinkException) 无法加载模块Tpl
[ 2011-12-22T00:35:44+08:00 ] ERR: (ThinkException) 无法加载模块Tpl
[ 2011-12-22T00:35:44+08:00 ] ERR: (ThinkException) 无法加载模块Tpl
[ 2011-12-22T00:39:34+08:00 ] ERR: (ThinkException) 无法加载模块Tpl
[ 2011-12-22T00:39:34+08:00 ] ERR: (ThinkException) 无法加载模块Tpl
[ 2011-12-22T00:39:34+08:00 ] ERR: (ThinkException) 无法加载模块Tpl
[ 2011-12-22T00:39:34+08:00 ] ERR: (ThinkException) 无法加载模块Tpl
[ 2011-12-22T00:40:20+08:00 ] ERR: (ThinkException) 无法加载模块Tpl
[ 2011-12-22T00:40:20+08:00 ] ERR: (ThinkException) 无法加载模块Tpl
[ 2011-12-22T00:40:20+08:00 ] ERR: (ThinkException) 无法加载模块Tpl
[ 2011-12-22T00:40:20+08:00 ] ERR: (ThinkException) 无法加载模块Tpl
[ 2011-12-22T00:40:31+08:00 ] ERR: (ThinkException) 无法加载模块Tpl
[ 2011-12-22T00:40:31+08:00 ] ERR: (ThinkException) 无法加载模块Tpl
[ 2011-12-22T00:40:31+08:00 ] ERR: (ThinkException) 无法加载模块Tpl
[ 2011-12-22T00:40:59+08:00 ] ERR: (ThinkException) 无法加载模块Tpl
[ 2011-12-22T00:40:59+08:00 ] ERR: (ThinkException) 无法加载模块Tpl
[ 2011-12-22T00:40:59+08:00 ] ERR: (ThinkException) 无法加载模块Tpl
[ 2011-12-22T00:40:59+08:00 ] ERR: (ThinkException) 无法加载模块Tpl
[ 2011-12-22T00:43:17+08:00 ] ERR: (ThinkException) 无法加载模块Tpl
[ 2011-12-22T00:43:17+08:00 ] ERR: (ThinkException) 无法加载模块Tpl
[ 2011-12-22T00:43:17+08:00 ] ERR: (ThinkException) 无法加载模块Tpl
[ 2011-12-22T00:43:17+08:00 ] ERR: (ThinkException) 无法加载模块Tpl
[ 2011-12-22T00:44:44+08:00 ] ERR: (ThinkException) 无法加载模块Tpl
[ 2011-12-22T00:44:44+08:00 ] ERR: (ThinkException) 无法加载模块Tpl
[ 2011-12-22T00:44:44+08:00 ] ERR: (ThinkException) 无法加载模块Tpl
[ 2011-12-22T00:44:44+08:00 ] ERR: (ThinkException) 无法加载模块Tpl
[ 2011-12-22T00:44:57+08:00 ] ERR: (ThinkException) 无法加载模块Tpl
[ 2011-12-22T00:45:11+08:00 ] ERR: (ThinkException) 无法加载模块Tpl
[ 2011-12-22T00:45:13+08:00 ] ERR: (ThinkException) 无法加载模块Tpl
[ 2011-12-22T00:45:13+08:00 ] ERR: (ThinkException) 无法加载模块Tpl
[ 2011-12-22T00:45:14+08:00 ] ERR: (ThinkException) 无法加载模块Tpl
[ 2011-12-22T00:45:14+08:00 ] ERR: (ThinkException) 无法加载模块Tpl
[ 2011-12-22T00:46:22+08:00 ] ERR: (ThinkException) 无法加载模块Tpl
[ 2011-12-22T00:46:22+08:00 ] ERR: (ThinkException) 无法加载模块Tpl
[ 2011-12-22T00:46:22+08:00 ] ERR: (ThinkException) 无法加载模块Tpl
[ 2011-12-22T00:46:23+08:00 ] ERR: (ThinkException) 无法加载模块Tpl
[ 2011-12-22T00:46:23+08:00 ] ERR: (ThinkException) 无法加载模块Tpl
[ 2011-12-22T00:46:23+08:00 ] ERR: (ThinkException) 无法加载模块Tpl
[ 2011-12-22T00:46:43+08:00 ] ERR: (ThinkException) 无法加载模块Tpl
[ 2011-12-22T00:46:43+08:00 ] ERR: (ThinkException) 无法加载模块Tpl
[ 2011-12-22T00:46:43+08:00 ] ERR: (ThinkException) 无法加载模块Tpl
[ 2011-12-22T00:46:46+08:00 ] ERR: (ThinkException) 无法加载模块Tpl
[ 2011-12-22T00:46:46+08:00 ] ERR: (ThinkException) 无法加载模块Tpl
[ 2011-12-22T00:46:46+08:00 ] ERR: (ThinkException) 无法加载模块Tpl
[ 2011-12-22T00:46:47+08:00 ] ERR: (ThinkException) 无法加载模块Tpl
[ 2011-12-22T00:46:47+08:00 ] ERR: (ThinkException) 无法加载模块Tpl
[ 2011-12-22T00:46:47+08:00 ] ERR: (ThinkException) 无法加载模块Tpl
[ 2011-12-22T00:47:25+08:00 ] ERR: (ThinkException) 无法加载模块Tpl
[ 2011-12-22T00:47:25+08:00 ] ERR: (ThinkException) 无法加载模块Tpl
[ 2011-12-22T00:47:25+08:00 ] ERR: (ThinkException) 无法加载模块Tpl
[ 2011-12-22T00:48:36+08:00 ] ERR: (ThinkException) 无法加载模块Tpl
[ 2011-12-22T00:48:36+08:00 ] ERR: (ThinkException) 无法加载模块Tpl
[ 2011-12-22T00:48:37+08:00 ] ERR: (ThinkException) 无法加载模块Tpl
[ 2011-12-22T00:50:01+08:00 ] ERR: (ThinkException) 无法加载模块Tpl
[ 2011-12-22T00:50:01+08:00 ] ERR: (ThinkException) 无法加载模块Tpl
[ 2011-12-22T00:50:56+08:00 ] ERR: (ThinkException) 无法加载模块Tpl
[ 2011-12-22T00:50:56+08:00 ] ERR: (ThinkException) 无法加载模块Tpl
[ 2011-12-22T00:51:54+08:00 ] ERR: (ThinkException) 无法加载模块Tpl
[ 2011-12-22T00:51:54+08:00 ] ERR: (ThinkException) 无法加载模块Tpl
[ 2011-12-22T00:59:12+08:00 ] ERR: (ThinkException) 无法加载模块Tpl
[ 2011-12-22T00:59:12+08:00 ] ERR: (ThinkException) 无法加载模块Tpl
[ 2011-12-22T01:02:04+08:00 ] ERR: (ThinkException) 无法加载模块Tpl
[ 2011-12-22T01:02:04+08:00 ] ERR: (ThinkException) 无法加载模块Tpl
[ 2011-12-22T01:03:48+08:00 ] ERR: (ThinkException) 无法加载模块Tpl
[ 2011-12-22T01:03:48+08:00 ] ERR: (ThinkException) 无法加载模块Tpl
[ 2011-12-22T01:03:48+08:00 ] ERR: (ThinkException) 无法加载模块Tpl
[ 2011-12-22T01:03:48+08:00 ] ERR: (ThinkException) 无法加载模块Tpl
[ 2011-12-22T01:07:14+08:00 ] ERR: (ThinkException) 无法加载模块Tpl
[ 2011-12-22T01:07:14+08:00 ] ERR: (ThinkException) 无法加载模块Tpl
[ 2011-12-22T01:07:14+08:00 ] ERR: (ThinkException) 无法加载模块Tpl
[ 2011-12-22T01:07:14+08:00 ] ERR: (ThinkException) 无法加载模块Tpl
[ 2011-12-22T01:08:55+08:00 ] ERR: (ThinkException) 无法加载模块Tpl
[ 2011-12-22T01:09:55+08:00 ] ERR: (ThinkException) 无法加载模块Tpl
[ 2011-12-22T01:09:55+08:00 ] ERR: (ThinkException) 无法加载模块Tpl
[ 2011-12-22T01:09:55+08:00 ] ERR: (ThinkException) 无法加载模块Tpl
[ 2011-12-22T01:10:20+08:00 ] ERR: (ThinkException) 无法加载模块Tpl
[ 2011-12-22T01:10:20+08:00 ] ERR: (ThinkException) 无法加载模块Tpl
[ 2011-12-22T01:10:20+08:00 ] ERR: (ThinkException) 无法加载模块Tpl
[ 2011-12-22T01:10:21+08:00 ] ERR: (ThinkException) 无法加载模块Tpl
[ 2011-12-22T01:10:21+08:00 ] ERR: (ThinkException) 无法加载模块Tpl
[ 2011-12-22T01:10:21+08:00 ] ERR: (ThinkException) 无法加载模块Tpl
[ 2011-12-22T01:10:34+08:00 ] ERR: (ThinkException) 无法加载模块Tpl
[ 2011-12-22T01:10:34+08:00 ] ERR: (ThinkException) 无法加载模块Tpl
[ 2011-12-22T01:10:34+08:00 ] ERR: (ThinkException) 无法加载模块Tpl
[ 2011-12-22T01:10:34+08:00 ] ERR: (ThinkException) 无法加载模块Tpl
[ 2011-12-22T01:10:35+08:00 ] ERR: (ThinkException) 无法加载模块Tpl
[ 2011-12-22T01:10:35+08:00 ] ERR: (ThinkException) 无法加载模块Tpl
[ 2011-12-22T01:10:35+08:00 ] ERR: (ThinkException) 无法加载模块Tpl
[ 2011-12-22T01:10:36+08:00 ] ERR: (ThinkException) 无法加载模块Tpl
[ 2011-12-22T01:10:47+08:00 ] ERR: (ThinkException) 无法加载模块Tpl
[ 2011-12-22T01:10:47+08:00 ] ERR: (ThinkException) 无法加载模块Tpl
[ 2011-12-22T01:10:47+08:00 ] ERR: (ThinkException) 无法加载模块Tpl
[ 2011-12-22T01:23:55+08:00 ] ERR: (ThinkException) 无法加载模块Tpl
[ 2011-12-22T01:23:55+08:00 ] ERR: (ThinkException) 无法加载模块Tpl
[ 2011-12-22T01:24:59+08:00 ] ERR: (ThinkException) 无法加载模块Tpl
[ 2011-12-22T01:24:59+08:00 ] ERR: (ThinkException) 无法加载模块Tpl
[ 2011-12-22T01:28:26+08:00 ] ERR: (ThinkException) 无法加载模块Tpl
[ 2011-12-22T01:28:26+08:00 ] ERR: (ThinkException) 无法加载模块Tpl
[ 2011-12-22T01:30:57+08:00 ] ERR: (ThinkException) 无法加载模块Tpl
[ 2011-12-22T01:30:57+08:00 ] ERR: (ThinkException) 无法加载模块Tpl
[ 2011-12-22T01:32:31+08:00 ] ERR: (ThinkException) 无法加载模块Tpl
[ 2011-12-22T01:32:31+08:00 ] ERR: (ThinkException) 无法加载模块Tpl
[ 2011-12-22T01:34:03+08:00 ] ERR: (ThinkException) 无法加载模块Tpl
[ 2011-12-22T01:34:03+08:00 ] ERR: (ThinkException) 无法加载模块Tpl
[ 2011-12-22T01:35:59+08:00 ] ERR: (ThinkException) 无法加载模块Tpl
[ 2011-12-22T01:35:59+08:00 ] ERR: (ThinkException) 无法加载模块Tpl
[ 2011-12-22T01:36:04+08:00 ] ERR: (ThinkException) 无法加载模块Tpl
[ 2011-12-22T01:36:04+08:00 ] ERR: (ThinkException) 无法加载模块Tpl
[ 2011-12-22T01:40:25+08:00 ] ERR: (ThinkException) 无法加载模块Tpl
[ 2011-12-22T01:40:25+08:00 ] ERR: (ThinkException) 无法加载模块Tpl
[ 2011-12-22T01:40:26+08:00 ] ERR: (ThinkException) 无法加载模块Tpl
[ 2011-12-22T01:40:26+08:00 ] ERR: (ThinkException) 无法加载模块Tpl
[ 2011-12-22T01:40:26+08:00 ] ERR: (ThinkException) 无法加载模块Tpl
[ 2011-12-22T01:40:26+08:00 ] ERR: (ThinkException) 无法加载模块Tpl
[ 2011-12-22T01:40:41+08:00 ] ERR: (ThinkException) 无法加载模块Tpl
[ 2011-12-22T01:41:01+08:00 ] ERR: (ThinkException) 无法加载模块Tpl
[ 2011-12-22T01:41:03+08:00 ] ERR: (ThinkException) 无法加载模块Tpl
[ 2011-12-22T01:41:05+08:00 ] ERR: (ThinkException) 无法加载模块Tpl
[ 2011-12-22T01:41:05+08:00 ] ERR: (ThinkException) 无法加载模块Tpl
[ 2011-12-22T01:43:41+08:00 ] ERR: (ThinkException) 无法加载模块Tpl
[ 2011-12-22T01:43:41+08:00 ] ERR: (ThinkException) 无法加载模块Tpl
[ 2011-12-22T01:53:22+08:00 ] ERR: (ThinkException) 无法加载模块Tpl
[ 2011-12-22T01:53:22+08:00 ] ERR: (ThinkException) 无法加载模块Tpl
[ 2011-12-22T01:53:32+08:00 ] ERR: (ThinkException) 无法加载模块Tpl
[ 2011-12-22T01:53:32+08:00 ] ERR: (ThinkException) 无法加载模块Tpl
[ 2011-12-22T01:53:43+08:00 ] ERR: (ThinkException) 无法加载模块Tpl
[ 2011-12-22T01:53:45+08:00 ] ERR: (ThinkException) 无法加载模块Tpl
[ 2011-12-22T01:53:48+08:00 ] ERR: (ThinkException) 无法加载模块Tpl
[ 2011-12-22T01:53:55+08:00 ] ERR: (ThinkException) 无法加载模块Tpl
[ 2011-12-22T01:54:24+08:00 ] ERR: (ThinkException) 无法加载模块Tpl
[ 2011-12-22T01:54:24+08:00 ] ERR: (ThinkException) 无法加载模块Tpl
[ 2011-12-22T01:58:49+08:00 ] ERR: (ThinkException) 无法加载模块Tpl
[ 2011-12-22T01:58:49+08:00 ] ERR: (ThinkException) 无法加载模块Tpl
[ 2011-12-22T01:59:46+08:00 ] ERR: (ThinkException) 无法加载模块Tpl
[ 2011-12-22T01:59:46+08:00 ] ERR: (ThinkException) 无法加载模块Tpl
[ 2011-12-22T02:01:10+08:00 ] ERR: (ThinkException) 无法加载模块Tpl
[ 2011-12-22T02:01:10+08:00 ] ERR: (ThinkException) 无法加载模块Tpl
[ 2011-12-22T02:01:34+08:00 ] ERR: (ThinkException) 无法加载模块Tpl
[ 2011-12-22T02:01:34+08:00 ] ERR: (ThinkException) 无法加载模块Tpl
[ 2011-12-22T02:02:16+08:00 ] ERR: (ThinkException) 无法加载模块Tpl
[ 2011-12-22T02:02:16+08:00 ] ERR: (ThinkException) 无法加载模块Tpl
[ 2011-12-22T02:02:17+08:00 ] ERR: (ThinkException) 无法加载模块Tpl
[ 2011-12-22T02:02:17+08:00 ] ERR: (ThinkException) 无法加载模块Tpl
[ 2011-12-22T02:02:18+08:00 ] ERR: (ThinkException) 无法加载模块Tpl
[ 2011-12-22T02:02:18+08:00 ] ERR: (ThinkException) 无法加载模块Tpl
[ 2011-12-22T02:02:19+08:00 ] ERR: (ThinkException) 无法加载模块Tpl
[ 2011-12-22T02:02:19+08:00 ] ERR: (ThinkException) 无法加载模块Tpl
[ 2011-12-22T02:02:19+08:00 ] ERR: (ThinkException) 无法加载模块Tpl
[ 2011-12-22T02:02:19+08:00 ] ERR: (ThinkException) 无法加载模块Tpl
[ 2011-12-22T02:02:20+08:00 ] ERR: (ThinkException) 无法加载模块Tpl
[ 2011-12-22T02:02:20+08:00 ] ERR: (ThinkException) 无法加载模块Tpl
[ 2011-12-22T02:03:16+08:00 ] ERR: (ThinkException) 无法加载模块Tpl
[ 2011-12-22T02:03:16+08:00 ] ERR: (ThinkException) 无法加载模块Tpl
[ 2011-12-22T02:05:49+08:00 ] ERR: (ThinkException) 无法加载模块Tpl
[ 2011-12-22T02:05:49+08:00 ] ERR: (ThinkException) 无法加载模块Tpl
[ 2011-12-22T02:09:06+08:00 ] ERR: (ThinkException) 无法加载模块Tpl
[ 2011-12-22T02:09:06+08:00 ] ERR: (ThinkException) 无法加载模块Tpl
[ 2011-12-22T02:11:43+08:00 ] ERR: (ThinkException) 无法加载模块Tpl
[ 2011-12-22T02:11:46+08:00 ] ERR: (ThinkException) 无法加载模块Tpl
[ 2011-12-22T02:11:47+08:00 ] ERR: (ThinkException) 无法加载模块Tpl
[ 2011-12-22T02:12:34+08:00 ] ERR: (ThinkException) 无法加载模块Tpl
[ 2011-12-22T02:12:38+08:00 ] ERR: (ThinkException) 无法加载模块Tpl
[ 2011-12-22T02:12:39+08:00 ] ERR: (ThinkException) 无法加载模块Tpl
[ 2011-12-22T02:12:40+08:00 ] ERR: (ThinkException) 无法加载模块Tpl
[ 2011-12-22T02:12:40+08:00 ] ERR: (ThinkException) 无法加载模块Tpl
[ 2011-12-22T02:13:11+08:00 ] ERR: (ThinkException) 无法加载模块Tpl
[ 2011-12-22T02:13:13+08:00 ] ERR: (ThinkException) 无法加载模块Tpl
[ 2011-12-22T02:13:15+08:00 ] ERR: (ThinkException) 无法加载模块Tpl
[ 2011-12-22T02:13:15+08:00 ] ERR: (ThinkException) 无法加载模块Tpl
[ 2011-12-22T02:14:16+08:00 ] ERR: (ThinkException) 无法加载模块Tpl
[ 2011-12-22T02:14:16+08:00 ] ERR: (ThinkException) 无法加载模块Tpl
[ 2011-12-22T02:19:15+08:00 ] ERR: (ThinkException) 无法加载模块Tpl
[ 2011-12-22T02:19:15+08:00 ] ERR: (ThinkException) 无法加载模块Tpl
[ 2011-12-22T02:20:47+08:00 ] ERR: (ThinkException) 无法加载模块Tpl
[ 2011-12-22T02:20:47+08:00 ] ERR: (ThinkException) 无法加载模块Tpl
[ 2011-12-22T02:21:58+08:00 ] ERR: (ThinkException) 无法加载模块Tpl
[ 2011-12-22T02:21:58+08:00 ] ERR: (ThinkException) 无法加载模块Tpl
[ 2011-12-22T02:22:17+08:00 ] ERR: (ThinkException) 无法加载模块Tpl
[ 2011-12-22T02:22:17+08:00 ] ERR: (ThinkException) 无法加载模块Tpl
[ 2011-12-22T02:22:33+08:00 ] ERR: (ThinkException) 无法加载模块Tpl
[ 2011-12-22T02:22:33+08:00 ] ERR: (ThinkException) 无法加载模块Tpl
[ 2011-12-22T02:24:22+08:00 ] SQL: SHOW COLUMNS FROM `album` [ RunTime:0.002974s ]
[ 2011-12-22T02:24:22+08:00 ] SQL: SELECT * FROM `album` WHERE id=2 and userid=1 LIMIT 1  [ RunTime:0.000628s ]
[ 2011-12-22T02:24:22+08:00 ] SQL: SHOW COLUMNS FROM `albumphoto` [ RunTime:0.002689s ]
[ 2011-12-22T02:24:22+08:00 ] SQL: SELECT COUNT(*) AS tp_count FROM `albumphoto` WHERE pid=2 LIMIT 1  [ RunTime:0.000326s ]
[ 2011-12-22T02:24:22+08:00 ] NOTIC: [8] Undefined index: NowPage Page.class.php 第 131 行.
[ 2011-12-22T02:24:22+08:00 ] SQL: select * from albumphoto where pid=2 ORDER BY sortnum asc,id DESC LIMIT 0,10 [ RunTime:0.000510s ]
[ 2011-12-22T02:24:22+08:00 ] NOTIC: [8] Undefined variable: thickboxstyle Page.class.php 第 187 行.
[ 2011-12-22T02:24:22+08:00 ] NOTIC: [8] Undefined variable: thickboxstyle Page.class.php 第 189 行.
[ 2011-12-22T02:24:22+08:00 ] NOTIC: [8] Undefined variable: thickboxstyle Page.class.php 第 191 行.
[ 2011-12-22T02:24:22+08:00 ] NOTIC: [8] Undefined variable: thickboxstyle Page.class.php 第 201 行.
[ 2011-12-22T02:24:22+08:00 ] NOTIC: [8] Undefined variable: thickboxstyle Page.class.php 第 203 行.
[ 2011-12-22T02:24:22+08:00 ] NOTIC: [8] Undefined variable: albumlist 6b3a78d2c2ba5f44933a7b387ec4fb32.php 第 84 行.
[ 2011-12-22T02:24:22+08:00 ] SQL: UPDATE `album` SET `hits`=hits+1 WHERE id=2 [ RunTime:0.036150s ]
[ 2011-12-22T02:24:22+08:00 ] ERR: (ThinkException) 无法加载模块Tpl
[ 2011-12-22T02:24:22+08:00 ] ERR: (ThinkException) 无法加载模块Tpl
[ 2011-12-22T02:26:59+08:00 ] SQL: SHOW COLUMNS FROM `album` [ RunTime:0.003137s ]
[ 2011-12-22T02:26:59+08:00 ] SQL: SELECT * FROM `album` WHERE id=2 and userid=1 LIMIT 1  [ RunTime:0.000796s ]
[ 2011-12-22T02:26:59+08:00 ] SQL: SHOW COLUMNS FROM `albumphoto` [ RunTime:0.002883s ]
[ 2011-12-22T02:26:59+08:00 ] SQL: SELECT COUNT(*) AS tp_count FROM `albumphoto` WHERE pid=2 LIMIT 1  [ RunTime:0.000554s ]
[ 2011-12-22T02:26:59+08:00 ] NOTIC: [8] Undefined index: NowPage Page.class.php 第 131 行.
[ 2011-12-22T02:26:59+08:00 ] SQL: select * from albumphoto where pid=2 ORDER BY sortnum asc,id DESC LIMIT 0,10 [ RunTime:0.000476s ]
[ 2011-12-22T02:26:59+08:00 ] NOTIC: [8] Undefined variable: thickboxstyle Page.class.php 第 187 行.
[ 2011-12-22T02:26:59+08:00 ] NOTIC: [8] Undefined variable: thickboxstyle Page.class.php 第 189 行.
[ 2011-12-22T02:26:59+08:00 ] NOTIC: [8] Undefined variable: thickboxstyle Page.class.php 第 191 行.
[ 2011-12-22T02:26:59+08:00 ] NOTIC: [8] Undefined variable: thickboxstyle Page.class.php 第 201 行.
[ 2011-12-22T02:26:59+08:00 ] NOTIC: [8] Undefined variable: thickboxstyle Page.class.php 第 203 行.
[ 2011-12-22T02:26:59+08:00 ] NOTIC: [8] Undefined variable: albumlist 6b3a78d2c2ba5f44933a7b387ec4fb32.php 第 84 行.
[ 2011-12-22T02:26:59+08:00 ] SQL: UPDATE `album` SET `hits`=hits+1 WHERE id=2 [ RunTime:0.088488s ]
[ 2011-12-22T02:26:59+08:00 ] ERR: (ThinkException) 无法加载模块Tpl
[ 2011-12-22T02:26:59+08:00 ] ERR: (ThinkException) 无法加载模块Tpl
[ 2011-12-22T02:27:06+08:00 ] NOTIC: [8] Undefined offset: 1 UploadFile.class.php 第 166 行.
[ 2011-12-22T02:27:06+08:00 ] NOTIC: [2] md5_file(./Uploads/album/20111222_022706_54997.jpg) [<a href='function.md5-file'>function.md5-file</a>]: failed to open stream: No such file or directory UploadFile.class.php 第 243 行.
[ 2011-12-22T02:27:06+08:00 ] SQL: SHOW COLUMNS FROM `albumphoto` [ RunTime:0.002765s ]
[ 2011-12-22T02:27:06+08:00 ] SQL: INSERT INTO `albumphoto` (`pickey`,`pid`,`name`,`create_time`) VALUES ('b_20111222_021921_27964.jpg','2','hi',1324492026) [ RunTime:0.035190s ]
[ 2011-12-22T02:27:06+08:00 ] NOTIC: [8] Undefined index: HTTP_REFERER ~runtime.php 第 2 行.
[ 2011-12-22T02:27:38+08:00 ] SQL: SHOW COLUMNS FROM `album` [ RunTime:0.002947s ]
[ 2011-12-22T02:27:38+08:00 ] SQL: SELECT * FROM `album` WHERE id=2 and userid=1 LIMIT 1  [ RunTime:0.000418s ]
[ 2011-12-22T02:27:38+08:00 ] SQL: SHOW COLUMNS FROM `albumphoto` [ RunTime:0.002658s ]
[ 2011-12-22T02:27:38+08:00 ] SQL: SELECT COUNT(*) AS tp_count FROM `albumphoto` WHERE pid=2 LIMIT 1  [ RunTime:0.000464s ]
[ 2011-12-22T02:27:38+08:00 ] NOTIC: [8] Undefined index: NowPage Page.class.php 第 131 行.
[ 2011-12-22T02:27:38+08:00 ] SQL: select * from albumphoto where pid=2 ORDER BY sortnum asc,id DESC LIMIT 0,10 [ RunTime:0.000522s ]
[ 2011-12-22T02:27:38+08:00 ] NOTIC: [8] Undefined variable: thickboxstyle Page.class.php 第 187 行.
[ 2011-12-22T02:27:38+08:00 ] NOTIC: [8] Undefined variable: thickboxstyle Page.class.php 第 189 行.
[ 2011-12-22T02:27:38+08:00 ] NOTIC: [8] Undefined variable: thickboxstyle Page.class.php 第 191 行.
[ 2011-12-22T02:27:38+08:00 ] NOTIC: [8] Undefined variable: thickboxstyle Page.class.php 第 201 行.
[ 2011-12-22T02:27:38+08:00 ] NOTIC: [8] Undefined variable: thickboxstyle Page.class.php 第 203 行.
[ 2011-12-22T02:27:38+08:00 ] NOTIC: [8] Undefined variable: albumlist 6b3a78d2c2ba5f44933a7b387ec4fb32.php 第 84 行.
[ 2011-12-22T02:27:38+08:00 ] SQL: UPDATE `album` SET `hits`=hits+1 WHERE id=2 [ RunTime:0.085293s ]
[ 2011-12-22T02:27:38+08:00 ] ERR: (ThinkException) 无法加载模块Tpl
[ 2011-12-22T02:27:38+08:00 ] ERR: (ThinkException) 无法加载模块Tpl
[ 2011-12-22T02:27:43+08:00 ] SQL: select a.*,count(b.id) as imgnum from album as a LEFT JOIN albumphoto as b on a.id=b.pid group by a.id [ RunTime:0.000571s ]
[ 2011-12-22T02:27:43+08:00 ] NOTIC: [8] Undefined index: NowPage Page.class.php 第 131 行.
[ 2011-12-22T02:27:43+08:00 ] SQL: select a.*,count(b.id) as imgnum from album as a LEFT JOIN albumphoto as b on a.id=b.pid group by a.id  ORDER BY a.sortnum asc,a.id DESC LIMIT 0,30 [ RunTime:0.000552s ]
[ 2011-12-22T02:27:43+08:00 ] NOTIC: [8] Undefined variable: thickboxstyle Page.class.php 第 187 行.
[ 2011-12-22T02:27:43+08:00 ] NOTIC: [8] Undefined variable: thickboxstyle Page.class.php 第 189 行.
[ 2011-12-22T02:27:43+08:00 ] NOTIC: [8] Undefined variable: thickboxstyle Page.class.php 第 191 行.
[ 2011-12-22T02:27:43+08:00 ] NOTIC: [8] Undefined variable: thickboxstyle Page.class.php 第 201 行.
[ 2011-12-22T02:27:43+08:00 ] NOTIC: [8] Undefined variable: thickboxstyle Page.class.php 第 203 行.
[ 2011-12-22T02:27:43+08:00 ] ERR: (ThinkException) 无法加载模块Tpl
[ 2011-12-22T02:27:44+08:00 ] SQL: SHOW COLUMNS FROM `album` [ RunTime:0.002600s ]
[ 2011-12-22T02:27:44+08:00 ] SQL: SELECT * FROM `album` WHERE id=2 and userid=1 LIMIT 1  [ RunTime:0.000408s ]
[ 2011-12-22T02:27:44+08:00 ] SQL: SHOW COLUMNS FROM `albumphoto` [ RunTime:0.002783s ]
[ 2011-12-22T02:27:44+08:00 ] SQL: SELECT COUNT(*) AS tp_count FROM `albumphoto` WHERE pid=2 LIMIT 1  [ RunTime:0.000330s ]
[ 2011-12-22T02:27:44+08:00 ] NOTIC: [8] Undefined index: NowPage Page.class.php 第 131 行.
[ 2011-12-22T02:27:44+08:00 ] SQL: select * from albumphoto where pid=2 ORDER BY sortnum asc,id DESC LIMIT 0,10 [ RunTime:0.000581s ]
[ 2011-12-22T02:27:44+08:00 ] NOTIC: [8] Undefined variable: thickboxstyle Page.class.php 第 187 行.
[ 2011-12-22T02:27:44+08:00 ] NOTIC: [8] Undefined variable: thickboxstyle Page.class.php 第 189 行.
[ 2011-12-22T02:27:44+08:00 ] NOTIC: [8] Undefined variable: thickboxstyle Page.class.php 第 191 行.
[ 2011-12-22T02:27:44+08:00 ] NOTIC: [8] Undefined variable: thickboxstyle Page.class.php 第 201 行.
[ 2011-12-22T02:27:44+08:00 ] NOTIC: [8] Undefined variable: thickboxstyle Page.class.php 第 203 行.
[ 2011-12-22T02:27:44+08:00 ] NOTIC: [8] Undefined variable: albumlist 6b3a78d2c2ba5f44933a7b387ec4fb32.php 第 84 行.
[ 2011-12-22T02:27:44+08:00 ] SQL: UPDATE `album` SET `hits`=hits+1 WHERE id=2 [ RunTime:0.038877s ]
[ 2011-12-22T02:27:44+08:00 ] ERR: (ThinkException) 无法加载模块Tpl
[ 2011-12-22T02:27:44+08:00 ] ERR: (ThinkException) 无法加载模块Tpl
[ 2011-12-22T02:28:00+08:00 ] SQL: SHOW COLUMNS FROM `album` [ RunTime:0.002999s ]
[ 2011-12-22T02:28:00+08:00 ] SQL: SELECT * FROM `album` WHERE id=2 and userid=1 LIMIT 1  [ RunTime:0.000442s ]
[ 2011-12-22T02:28:00+08:00 ] SQL: SHOW COLUMNS FROM `albumphoto` [ RunTime:0.002767s ]
[ 2011-12-22T02:28:00+08:00 ] SQL: SELECT COUNT(*) AS tp_count FROM `albumphoto` WHERE pid=2 LIMIT 1  [ RunTime:0.000533s ]
[ 2011-12-22T02:28:00+08:00 ] NOTIC: [8] Undefined index: NowPage Page.class.php 第 131 行.
[ 2011-12-22T02:28:00+08:00 ] SQL: select * from albumphoto where pid=2 ORDER BY sortnum asc,id DESC LIMIT 0,10 [ RunTime:0.000560s ]
[ 2011-12-22T02:28:00+08:00 ] NOTIC: [8] Undefined variable: thickboxstyle Page.class.php 第 187 行.
[ 2011-12-22T02:28:00+08:00 ] NOTIC: [8] Undefined variable: thickboxstyle Page.class.php 第 189 行.
[ 2011-12-22T02:28:00+08:00 ] NOTIC: [8] Undefined variable: thickboxstyle Page.class.php 第 191 行.
[ 2011-12-22T02:28:00+08:00 ] NOTIC: [8] Undefined variable: thickboxstyle Page.class.php 第 201 行.
[ 2011-12-22T02:28:00+08:00 ] NOTIC: [8] Undefined variable: thickboxstyle Page.class.php 第 203 行.
[ 2011-12-22T02:28:00+08:00 ] NOTIC: [8] Undefined variable: albumlist 6b3a78d2c2ba5f44933a7b387ec4fb32.php 第 84 行.
[ 2011-12-22T02:28:00+08:00 ] SQL: UPDATE `album` SET `hits`=hits+1 WHERE id=2 [ RunTime:0.093912s ]
[ 2011-12-22T02:28:00+08:00 ] ERR: (ThinkException) 无法加载模块Tpl
[ 2011-12-22T02:28:00+08:00 ] ERR: (ThinkException) 无法加载模块Tpl
[ 2011-12-22T02:28:05+08:00 ] NOTIC: [8] Undefined offset: 1 UploadFile.class.php 第 166 行.
[ 2011-12-22T02:28:05+08:00 ] NOTIC: [2] md5_file(./Uploads/album/20111222_022805_94041.jpg) [<a href='function.md5-file'>function.md5-file</a>]: failed to open stream: No such file or directory UploadFile.class.php 第 243 行.
[ 2011-12-22T02:28:05+08:00 ] SQL: SHOW COLUMNS FROM `albumphoto` [ RunTime:0.002790s ]
[ 2011-12-22T02:28:05+08:00 ] SQL: INSERT INTO `albumphoto` (`pickey`,`pid`,`name`,`create_time`) VALUES ('20111222_022805_94041.jpg','2','hi',1324492085) [ RunTime:0.034217s ]
[ 2011-12-22T02:28:05+08:00 ] NOTIC: [8] Undefined index: HTTP_REFERER ~runtime.php 第 2 行.
[ 2011-12-22T02:28:21+08:00 ] SQL: SHOW COLUMNS FROM `album` [ RunTime:0.003047s ]
[ 2011-12-22T02:28:21+08:00 ] SQL: SELECT * FROM `album` WHERE id=2 and userid=1 LIMIT 1  [ RunTime:0.000700s ]
[ 2011-12-22T02:28:21+08:00 ] SQL: SHOW COLUMNS FROM `albumphoto` [ RunTime:0.002721s ]
[ 2011-12-22T02:28:21+08:00 ] SQL: SELECT COUNT(*) AS tp_count FROM `albumphoto` WHERE pid=2 LIMIT 1  [ RunTime:0.000539s ]
[ 2011-12-22T02:28:21+08:00 ] NOTIC: [8] Undefined index: NowPage Page.class.php 第 131 行.
[ 2011-12-22T02:28:21+08:00 ] SQL: select * from albumphoto where pid=2 ORDER BY sortnum asc,id DESC LIMIT 0,10 [ RunTime:0.000571s ]
[ 2011-12-22T02:28:21+08:00 ] NOTIC: [8] Undefined variable: thickboxstyle Page.class.php 第 187 行.
[ 2011-12-22T02:28:21+08:00 ] NOTIC: [8] Undefined variable: thickboxstyle Page.class.php 第 189 行.
[ 2011-12-22T02:28:21+08:00 ] NOTIC: [8] Undefined variable: thickboxstyle Page.class.php 第 191 行.
[ 2011-12-22T02:28:21+08:00 ] NOTIC: [8] Undefined variable: thickboxstyle Page.class.php 第 201 行.
[ 2011-12-22T02:28:21+08:00 ] NOTIC: [8] Undefined variable: thickboxstyle Page.class.php 第 203 行.
[ 2011-12-22T02:28:21+08:00 ] NOTIC: [8] Undefined variable: albumlist 6b3a78d2c2ba5f44933a7b387ec4fb32.php 第 84 行.
[ 2011-12-22T02:28:21+08:00 ] SQL: UPDATE `album` SET `hits`=hits+1 WHERE id=2 [ RunTime:0.092978s ]
[ 2011-12-22T02:28:21+08:00 ] ERR: (ThinkException) 无法加载模块Tpl
[ 2011-12-22T02:28:21+08:00 ] ERR: (ThinkException) 无法加载模块Tpl
[ 2011-12-22T02:29:21+08:00 ] SQL: SHOW COLUMNS FROM `album` [ RunTime:0.002706s ]
[ 2011-12-22T02:29:21+08:00 ] SQL: SELECT * FROM `album` WHERE id=2 and userid=1 LIMIT 1  [ RunTime:0.000414s ]
[ 2011-12-22T02:29:22+08:00 ] SQL: SHOW COLUMNS FROM `albumphoto` [ RunTime:0.002928s ]
[ 2011-12-22T02:29:22+08:00 ] SQL: SELECT COUNT(*) AS tp_count FROM `albumphoto` WHERE pid=2 LIMIT 1  [ RunTime:0.000282s ]
[ 2011-12-22T02:29:22+08:00 ] NOTIC: [8] Undefined index: NowPage Page.class.php 第 131 行.
[ 2011-12-22T02:29:22+08:00 ] SQL: select * from albumphoto where pid=2 ORDER BY sortnum asc,id DESC LIMIT 0,10 [ RunTime:0.000570s ]
[ 2011-12-22T02:29:22+08:00 ] NOTIC: [8] Undefined variable: thickboxstyle Page.class.php 第 187 行.
[ 2011-12-22T02:29:22+08:00 ] NOTIC: [8] Undefined variable: thickboxstyle Page.class.php 第 189 行.
[ 2011-12-22T02:29:22+08:00 ] NOTIC: [8] Undefined variable: thickboxstyle Page.class.php 第 191 行.
[ 2011-12-22T02:29:22+08:00 ] NOTIC: [8] Undefined variable: thickboxstyle Page.class.php 第 201 行.
[ 2011-12-22T02:29:22+08:00 ] NOTIC: [8] Undefined variable: thickboxstyle Page.class.php 第 203 行.
[ 2011-12-22T02:29:22+08:00 ] NOTIC: [8] Undefined variable: albumlist 6b3a78d2c2ba5f44933a7b387ec4fb32.php 第 84 行.
[ 2011-12-22T02:29:22+08:00 ] SQL: UPDATE `album` SET `hits`=hits+1 WHERE id=2 [ RunTime:0.083646s ]
[ 2011-12-22T02:29:22+08:00 ] ERR: (ThinkException) 无法加载模块Tpl
[ 2011-12-22T02:29:22+08:00 ] ERR: (ThinkException) 无法加载模块Tpl
[ 2011-12-22T02:29:23+08:00 ] SQL: SHOW COLUMNS FROM `album` [ RunTime:0.003012s ]
[ 2011-12-22T02:29:23+08:00 ] SQL: SELECT * FROM `album` WHERE id=2 and userid=1 LIMIT 1  [ RunTime:0.000572s ]
[ 2011-12-22T02:29:23+08:00 ] SQL: SHOW COLUMNS FROM `albumphoto` [ RunTime:0.002642s ]
[ 2011-12-22T02:29:23+08:00 ] SQL: SELECT COUNT(*) AS tp_count FROM `albumphoto` WHERE pid=2 LIMIT 1  [ RunTime:0.000419s ]
[ 2011-12-22T02:29:23+08:00 ] NOTIC: [8] Undefined index: NowPage Page.class.php 第 131 行.
[ 2011-12-22T02:29:23+08:00 ] SQL: select * from albumphoto where pid=2 ORDER BY sortnum asc,id DESC LIMIT 0,10 [ RunTime:0.000461s ]
[ 2011-12-22T02:29:23+08:00 ] NOTIC: [8] Undefined variable: thickboxstyle Page.class.php 第 187 行.
[ 2011-12-22T02:29:23+08:00 ] NOTIC: [8] Undefined variable: thickboxstyle Page.class.php 第 189 行.
[ 2011-12-22T02:29:23+08:00 ] NOTIC: [8] Undefined variable: thickboxstyle Page.class.php 第 191 行.
[ 2011-12-22T02:29:23+08:00 ] NOTIC: [8] Undefined variable: thickboxstyle Page.class.php 第 201 行.
[ 2011-12-22T02:29:23+08:00 ] NOTIC: [8] Undefined variable: thickboxstyle Page.class.php 第 203 行.
[ 2011-12-22T02:29:23+08:00 ] NOTIC: [8] Undefined variable: albumlist 6b3a78d2c2ba5f44933a7b387ec4fb32.php 第 84 行.
[ 2011-12-22T02:29:23+08:00 ] SQL: UPDATE `album` SET `hits`=hits+1 WHERE id=2 [ RunTime:0.101132s ]
[ 2011-12-22T02:29:23+08:00 ] ERR: (ThinkException) 无法加载模块Tpl
[ 2011-12-22T02:29:23+08:00 ] ERR: (ThinkException) 无法加载模块Tpl
[ 2011-12-22T02:29:25+08:00 ] SQL: select a.*,count(b.id) as imgnum from album as a LEFT JOIN albumphoto as b on a.id=b.pid group by a.id [ RunTime:0.000603s ]
[ 2011-12-22T02:29:25+08:00 ] NOTIC: [8] Undefined index: NowPage Page.class.php 第 131 行.
[ 2011-12-22T02:29:25+08:00 ] SQL: select a.*,count(b.id) as imgnum from album as a LEFT JOIN albumphoto as b on a.id=b.pid group by a.id  ORDER BY a.sortnum asc,a.id DESC LIMIT 0,30 [ RunTime:0.000727s ]
[ 2011-12-22T02:29:25+08:00 ] NOTIC: [8] Undefined variable: thickboxstyle Page.class.php 第 187 行.
[ 2011-12-22T02:29:25+08:00 ] NOTIC: [8] Undefined variable: thickboxstyle Page.class.php 第 189 行.
[ 2011-12-22T02:29:25+08:00 ] NOTIC: [8] Undefined variable: thickboxstyle Page.class.php 第 191 行.
[ 2011-12-22T02:29:25+08:00 ] NOTIC: [8] Undefined variable: thickboxstyle Page.class.php 第 201 行.
[ 2011-12-22T02:29:25+08:00 ] NOTIC: [8] Undefined variable: thickboxstyle Page.class.php 第 203 行.
[ 2011-12-22T02:29:25+08:00 ] ERR: (ThinkException) 无法加载模块Tpl
[ 2011-12-22T02:29:26+08:00 ] SQL: SHOW COLUMNS FROM `album` [ RunTime:0.002904s ]
[ 2011-12-22T02:29:26+08:00 ] SQL: SELECT * FROM `album` WHERE id=2 and userid=1 LIMIT 1  [ RunTime:0.000505s ]
[ 2011-12-22T02:29:26+08:00 ] SQL: SHOW COLUMNS FROM `albumphoto` [ RunTime:0.003605s ]
[ 2011-12-22T02:29:26+08:00 ] SQL: SELECT COUNT(*) AS tp_count FROM `albumphoto` WHERE pid=2 LIMIT 1  [ RunTime:0.000768s ]
[ 2011-12-22T02:29:26+08:00 ] NOTIC: [8] Undefined index: NowPage Page.class.php 第 131 行.
[ 2011-12-22T02:29:26+08:00 ] SQL: select * from albumphoto where pid=2 ORDER BY sortnum asc,id DESC LIMIT 0,10 [ RunTime:0.000643s ]
[ 2011-12-22T02:29:26+08:00 ] NOTIC: [8] Undefined variable: thickboxstyle Page.class.php 第 187 行.
[ 2011-12-22T02:29:26+08:00 ] NOTIC: [8] Undefined variable: thickboxstyle Page.class.php 第 189 行.
[ 2011-12-22T02:29:26+08:00 ] NOTIC: [8] Undefined variable: thickboxstyle Page.class.php 第 191 行.
[ 2011-12-22T02:29:26+08:00 ] NOTIC: [8] Undefined variable: thickboxstyle Page.class.php 第 201 行.
[ 2011-12-22T02:29:26+08:00 ] NOTIC: [8] Undefined variable: thickboxstyle Page.class.php 第 203 行.
[ 2011-12-22T02:29:26+08:00 ] NOTIC: [8] Undefined variable: albumlist 6b3a78d2c2ba5f44933a7b387ec4fb32.php 第 84 行.
[ 2011-12-22T02:29:26+08:00 ] SQL: UPDATE `album` SET `hits`=hits+1 WHERE id=2 [ RunTime:0.086907s ]
[ 2011-12-22T02:29:26+08:00 ] ERR: (ThinkException) 无法加载模块Tpl
[ 2011-12-22T02:29:26+08:00 ] ERR: (ThinkException) 无法加载模块Tpl
[ 2011-12-22T02:32:25+08:00 ] SQL: SHOW COLUMNS FROM `album` [ RunTime:0.002898s ]
[ 2011-12-22T02:32:25+08:00 ] SQL: SELECT * FROM `album` WHERE id=2 and userid=1 LIMIT 1  [ RunTime:0.000499s ]
[ 2011-12-22T02:32:25+08:00 ] SQL: SHOW COLUMNS FROM `albumphoto` [ RunTime:0.002696s ]
[ 2011-12-22T02:32:25+08:00 ] SQL: SELECT COUNT(*) AS tp_count FROM `albumphoto` WHERE pid=2 LIMIT 1  [ RunTime:0.000390s ]
[ 2011-12-22T02:32:25+08:00 ] NOTIC: [8] Undefined index: NowPage Page.class.php 第 131 行.
[ 2011-12-22T02:32:25+08:00 ] SQL: select * from albumphoto where pid=2 ORDER BY sortnum asc,id DESC LIMIT 0,10 [ RunTime:0.000527s ]
[ 2011-12-22T02:32:25+08:00 ] NOTIC: [8] Undefined variable: thickboxstyle Page.class.php 第 187 行.
[ 2011-12-22T02:32:25+08:00 ] NOTIC: [8] Undefined variable: thickboxstyle Page.class.php 第 189 行.
[ 2011-12-22T02:32:25+08:00 ] NOTIC: [8] Undefined variable: thickboxstyle Page.class.php 第 191 行.
[ 2011-12-22T02:32:25+08:00 ] NOTIC: [8] Undefined variable: thickboxstyle Page.class.php 第 201 行.
[ 2011-12-22T02:32:25+08:00 ] NOTIC: [8] Undefined variable: thickboxstyle Page.class.php 第 203 行.
[ 2011-12-22T02:32:26+08:00 ] SQL: UPDATE `album` SET `hits`=hits+1 WHERE id=2 [ RunTime:0.157077s ]
[ 2011-12-22T02:32:26+08:00 ] ERR: (ThinkException) 无法加载模块Tpl
[ 2011-12-22T02:32:26+08:00 ] ERR: (ThinkException) 无法加载模块Uploads
[ 2011-12-22T02:32:26+08:00 ] ERR: (ThinkException) 无法加载模块Tpl
[ 2011-12-22T02:33:10+08:00 ] SQL: SHOW COLUMNS FROM `album` [ RunTime:0.002860s ]
[ 2011-12-22T02:33:10+08:00 ] SQL: SELECT * FROM `album` WHERE id=2 and userid=1 LIMIT 1  [ RunTime:0.000476s ]
[ 2011-12-22T02:33:10+08:00 ] SQL: SHOW COLUMNS FROM `albumphoto` [ RunTime:0.002772s ]
[ 2011-12-22T02:33:10+08:00 ] SQL: SELECT COUNT(*) AS tp_count FROM `albumphoto` WHERE pid=2 LIMIT 1  [ RunTime:0.000423s ]
[ 2011-12-22T02:33:10+08:00 ] NOTIC: [8] Undefined index: NowPage Page.class.php 第 131 行.
[ 2011-12-22T02:33:10+08:00 ] SQL: select * from albumphoto where pid=2 ORDER BY sortnum asc,id DESC LIMIT 0,10 [ RunTime:0.000541s ]
[ 2011-12-22T02:33:10+08:00 ] NOTIC: [8] Undefined variable: thickboxstyle Page.class.php 第 187 行.
[ 2011-12-22T02:33:10+08:00 ] NOTIC: [8] Undefined variable: thickboxstyle Page.class.php 第 189 行.
[ 2011-12-22T02:33:10+08:00 ] NOTIC: [8] Undefined variable: thickboxstyle Page.class.php 第 191 行.
[ 2011-12-22T02:33:10+08:00 ] NOTIC: [8] Undefined variable: thickboxstyle Page.class.php 第 201 行.
[ 2011-12-22T02:33:10+08:00 ] NOTIC: [8] Undefined variable: thickboxstyle Page.class.php 第 203 行.
[ 2011-12-22T02:33:10+08:00 ] SQL: UPDATE `album` SET `hits`=hits+1 WHERE id=2 [ RunTime:0.039783s ]
[ 2011-12-22T02:33:10+08:00 ] ERR: (ThinkException) 无法加载模块Tpl
[ 2011-12-22T02:33:10+08:00 ] ERR: (ThinkException) 无法加载模块Tpl
[ 2011-12-22T02:33:26+08:00 ] NOTIC: [8] Undefined offset: 1 UploadFile.class.php 第 166 行.
[ 2011-12-22T02:33:26+08:00 ] NOTIC: [2] md5_file(./Uploads/album/20111222_023326_62206.jpg) [<a href='function.md5-file'>function.md5-file</a>]: failed to open stream: No such file or directory UploadFile.class.php 第 243 行.
[ 2011-12-22T02:33:27+08:00 ] SQL: SHOW COLUMNS FROM `albumphoto` [ RunTime:0.002520s ]
[ 2011-12-22T02:33:27+08:00 ] SQL: INSERT INTO `albumphoto` (`pickey`,`pid`,`name`,`create_time`) VALUES ('20111222_023326_62206.jpg','2','hi',1324492407) [ RunTime:0.085259s ]
[ 2011-12-22T02:33:27+08:00 ] NOTIC: [8] Undefined index: HTTP_REFERER ~runtime.php 第 2 行.
[ 2011-12-22T02:33:32+08:00 ] SQL: SHOW COLUMNS FROM `album` [ RunTime:0.002781s ]
[ 2011-12-22T02:33:32+08:00 ] SQL: SELECT * FROM `album` WHERE id=2 and userid=1 LIMIT 1  [ RunTime:0.000465s ]
[ 2011-12-22T02:33:32+08:00 ] SQL: SHOW COLUMNS FROM `albumphoto` [ RunTime:0.002613s ]
[ 2011-12-22T02:33:32+08:00 ] SQL: SELECT COUNT(*) AS tp_count FROM `albumphoto` WHERE pid=2 LIMIT 1  [ RunTime:0.000468s ]
[ 2011-12-22T02:33:32+08:00 ] NOTIC: [8] Undefined index: NowPage Page.class.php 第 131 行.
[ 2011-12-22T02:33:32+08:00 ] SQL: select * from albumphoto where pid=2 ORDER BY sortnum asc,id DESC LIMIT 0,10 [ RunTime:0.000535s ]
[ 2011-12-22T02:33:32+08:00 ] NOTIC: [8] Undefined variable: thickboxstyle Page.class.php 第 187 行.
[ 2011-12-22T02:33:32+08:00 ] NOTIC: [8] Undefined variable: thickboxstyle Page.class.php 第 189 行.
[ 2011-12-22T02:33:32+08:00 ] NOTIC: [8] Undefined variable: thickboxstyle Page.class.php 第 191 行.
[ 2011-12-22T02:33:32+08:00 ] NOTIC: [8] Undefined variable: thickboxstyle Page.class.php 第 201 行.
[ 2011-12-22T02:33:32+08:00 ] NOTIC: [8] Undefined variable: thickboxstyle Page.class.php 第 203 行.
[ 2011-12-22T02:33:32+08:00 ] SQL: UPDATE `album` SET `hits`=hits+1 WHERE id=2 [ RunTime:0.087706s ]
[ 2011-12-22T02:33:32+08:00 ] ERR: (ThinkException) 无法加载模块Tpl
[ 2011-12-22T02:33:32+08:00 ] ERR: (ThinkException) 无法加载模块Tpl
[ 2011-12-22T02:37:30+08:00 ] SQL: SHOW COLUMNS FROM `album` [ RunTime:0.002609s ]
[ 2011-12-22T02:37:30+08:00 ] SQL: SELECT * FROM `album` WHERE id=2 and userid=1 LIMIT 1  [ RunTime:0.000428s ]
[ 2011-12-22T02:37:30+08:00 ] SQL: SHOW COLUMNS FROM `albumphoto` [ RunTime:0.002516s ]
[ 2011-12-22T02:37:30+08:00 ] SQL: SELECT COUNT(*) AS tp_count FROM `albumphoto` WHERE pid=2 LIMIT 1  [ RunTime:0.000381s ]
[ 2011-12-22T02:37:30+08:00 ] NOTIC: [8] Undefined index: NowPage Page.class.php 第 131 行.
[ 2011-12-22T02:37:30+08:00 ] SQL: select * from albumphoto where pid=2 ORDER BY sortnum asc,id DESC LIMIT 0,10 [ RunTime:0.000535s ]
[ 2011-12-22T02:37:30+08:00 ] NOTIC: [8] Undefined variable: thickboxstyle Page.class.php 第 187 行.
[ 2011-12-22T02:37:30+08:00 ] NOTIC: [8] Undefined variable: thickboxstyle Page.class.php 第 189 行.
[ 2011-12-22T02:37:30+08:00 ] NOTIC: [8] Undefined variable: thickboxstyle Page.class.php 第 191 行.
[ 2011-12-22T02:37:30+08:00 ] NOTIC: [8] Undefined variable: thickboxstyle Page.class.php 第 201 行.
[ 2011-12-22T02:37:30+08:00 ] NOTIC: [8] Undefined variable: thickboxstyle Page.class.php 第 203 行.
[ 2011-12-22T02:37:30+08:00 ] SQL: UPDATE `album` SET `hits`=hits+1 WHERE id=2 [ RunTime:0.095469s ]
[ 2011-12-22T02:37:31+08:00 ] ERR: (ThinkException) 无法加载模块Tpl
[ 2011-12-22T02:37:31+08:00 ] ERR: (ThinkException) 无法加载模块Tpl
[ 2011-12-22T02:37:37+08:00 ] NOTIC: [8] Undefined offset: 1 UploadFile.class.php 第 166 行.
[ 2011-12-22T02:37:37+08:00 ] NOTIC: [2] md5_file(./Uploads/album/20111222_023737_95294.jpg) [<a href='function.md5-file'>function.md5-file</a>]: failed to open stream: No such file or directory UploadFile.class.php 第 243 行.
[ 2011-12-22T02:37:37+08:00 ] SQL: SHOW COLUMNS FROM `albumphoto` [ RunTime:0.002685s ]
[ 2011-12-22T02:37:37+08:00 ] SQL: INSERT INTO `albumphoto` (`pickey`,`pid`,`name`,`create_time`) VALUES ('20111222_023737_95294.jpg','2','hi',1324492657) [ RunTime:0.045620s ]
[ 2011-12-22T02:37:37+08:00 ] NOTIC: [8] Undefined index: HTTP_REFERER ~runtime.php 第 2 行.
[ 2011-12-22T02:37:39+08:00 ] SQL: SHOW COLUMNS FROM `album` [ RunTime:0.002671s ]
[ 2011-12-22T02:37:39+08:00 ] SQL: SELECT * FROM `album` WHERE id=2 and userid=1 LIMIT 1  [ RunTime:0.000492s ]
[ 2011-12-22T02:37:39+08:00 ] SQL: SHOW COLUMNS FROM `albumphoto` [ RunTime:0.002659s ]
[ 2011-12-22T02:37:39+08:00 ] SQL: SELECT COUNT(*) AS tp_count FROM `albumphoto` WHERE pid=2 LIMIT 1  [ RunTime:0.000447s ]
[ 2011-12-22T02:37:39+08:00 ] NOTIC: [8] Undefined index: NowPage Page.class.php 第 131 行.
[ 2011-12-22T02:37:39+08:00 ] SQL: select * from albumphoto where pid=2 ORDER BY sortnum asc,id DESC LIMIT 0,10 [ RunTime:0.000551s ]
[ 2011-12-22T02:37:39+08:00 ] NOTIC: [8] Undefined variable: thickboxstyle Page.class.php 第 187 行.
[ 2011-12-22T02:37:39+08:00 ] NOTIC: [8] Undefined variable: thickboxstyle Page.class.php 第 189 行.
[ 2011-12-22T02:37:39+08:00 ] NOTIC: [8] Undefined variable: thickboxstyle Page.class.php 第 191 行.
[ 2011-12-22T02:37:39+08:00 ] NOTIC: [8] Undefined variable: thickboxstyle Page.class.php 第 201 行.
[ 2011-12-22T02:37:39+08:00 ] NOTIC: [8] Undefined variable: thickboxstyle Page.class.php 第 203 行.
[ 2011-12-22T02:37:39+08:00 ] SQL: UPDATE `album` SET `hits`=hits+1 WHERE id=2 [ RunTime:0.036725s ]
[ 2011-12-22T02:37:39+08:00 ] ERR: (ThinkException) 无法加载模块Tpl
[ 2011-12-22T02:37:39+08:00 ] ERR: (ThinkException) 无法加载模块Tpl
[ 2011-12-22T02:43:53+08:00 ] SQL: SHOW COLUMNS FROM `album` [ RunTime:0.003086s ]
[ 2011-12-22T02:43:53+08:00 ] SQL: SELECT * FROM `album` WHERE id=2 and userid=1 LIMIT 1  [ RunTime:0.000718s ]
[ 2011-12-22T02:43:53+08:00 ] SQL: SHOW COLUMNS FROM `albumphoto` [ RunTime:0.002906s ]
[ 2011-12-22T02:43:53+08:00 ] SQL: SELECT COUNT(*) AS tp_count FROM `albumphoto` WHERE pid=2 LIMIT 1  [ RunTime:0.000562s ]
[ 2011-12-22T02:43:53+08:00 ] NOTIC: [8] Undefined index: NowPage Page.class.php 第 131 行.
[ 2011-12-22T02:43:53+08:00 ] SQL: select * from albumphoto where pid=2 ORDER BY sortnum asc,id DESC LIMIT 0,10 [ RunTime:0.000569s ]
[ 2011-12-22T02:43:53+08:00 ] NOTIC: [8] Undefined variable: thickboxstyle Page.class.php 第 187 行.
[ 2011-12-22T02:43:53+08:00 ] NOTIC: [8] Undefined variable: thickboxstyle Page.class.php 第 189 行.
[ 2011-12-22T02:43:53+08:00 ] NOTIC: [8] Undefined variable: thickboxstyle Page.class.php 第 191 行.
[ 2011-12-22T02:43:53+08:00 ] NOTIC: [8] Undefined variable: thickboxstyle Page.class.php 第 201 行.
[ 2011-12-22T02:43:53+08:00 ] NOTIC: [8] Undefined variable: thickboxstyle Page.class.php 第 203 行.
[ 2011-12-22T02:43:53+08:00 ] SQL: UPDATE `album` SET `hits`=hits+1 WHERE id=2 [ RunTime:0.083645s ]
[ 2011-12-22T02:43:53+08:00 ] ERR: (ThinkException) 无法加载模块Tpl
[ 2011-12-22T02:43:53+08:00 ] ERR: (ThinkException) 无法加载模块Tpl
[ 2011-12-22T02:44:00+08:00 ] SQL: SHOW COLUMNS FROM `album` [ RunTime:0.003037s ]
[ 2011-12-22T02:44:00+08:00 ] SQL: SELECT * FROM `album` WHERE id=2 and userid=1 LIMIT 1  [ RunTime:0.000587s ]
[ 2011-12-22T02:44:00+08:00 ] SQL: SHOW COLUMNS FROM `albumphoto` [ RunTime:0.002523s ]
[ 2011-12-22T02:44:00+08:00 ] SQL: SELECT COUNT(*) AS tp_count FROM `albumphoto` WHERE pid=2 LIMIT 1  [ RunTime:0.000480s ]
[ 2011-12-22T02:44:00+08:00 ] NOTIC: [8] Undefined index: NowPage Page.class.php 第 131 行.
[ 2011-12-22T02:44:00+08:00 ] SQL: select * from albumphoto where pid=2 ORDER BY sortnum asc,id DESC LIMIT 0,10 [ RunTime:0.000570s ]
[ 2011-12-22T02:44:00+08:00 ] NOTIC: [8] Undefined variable: thickboxstyle Page.class.php 第 187 行.
[ 2011-12-22T02:44:00+08:00 ] NOTIC: [8] Undefined variable: thickboxstyle Page.class.php 第 189 行.
[ 2011-12-22T02:44:00+08:00 ] NOTIC: [8] Undefined variable: thickboxstyle Page.class.php 第 191 行.
[ 2011-12-22T02:44:00+08:00 ] NOTIC: [8] Undefined variable: thickboxstyle Page.class.php 第 201 行.
[ 2011-12-22T02:44:00+08:00 ] NOTIC: [8] Undefined variable: thickboxstyle Page.class.php 第 203 行.
[ 2011-12-22T02:44:00+08:00 ] SQL: UPDATE `album` SET `hits`=hits+1 WHERE id=2 [ RunTime:0.082912s ]
[ 2011-12-22T02:44:00+08:00 ] ERR: (ThinkException) 无法加载模块Tpl
[ 2011-12-22T02:44:00+08:00 ] ERR: (ThinkException) 无法加载模块Tpl
[ 2011-12-22T02:44:28+08:00 ] SQL: SHOW COLUMNS FROM `album` [ RunTime:0.003633s ]
[ 2011-12-22T02:44:28+08:00 ] SQL: SELECT * FROM `album` WHERE id=2 and userid=1 LIMIT 1  [ RunTime:0.000588s ]
[ 2011-12-22T02:44:28+08:00 ] SQL: SHOW COLUMNS FROM `albumphoto` [ RunTime:0.002682s ]
[ 2011-12-22T02:44:28+08:00 ] SQL: SELECT COUNT(*) AS tp_count FROM `albumphoto` WHERE pid=2 LIMIT 1  [ RunTime:0.000546s ]
[ 2011-12-22T02:44:28+08:00 ] NOTIC: [8] Undefined index: NowPage Page.class.php 第 131 行.
[ 2011-12-22T02:44:28+08:00 ] SQL: select * from albumphoto where pid=2 ORDER BY sortnum asc,id DESC LIMIT 0,10 [ RunTime:0.000548s ]
[ 2011-12-22T02:44:28+08:00 ] NOTIC: [8] Undefined variable: thickboxstyle Page.class.php 第 187 行.
[ 2011-12-22T02:44:28+08:00 ] NOTIC: [8] Undefined variable: thickboxstyle Page.class.php 第 189 行.
[ 2011-12-22T02:44:28+08:00 ] NOTIC: [8] Undefined variable: thickboxstyle Page.class.php 第 191 行.
[ 2011-12-22T02:44:28+08:00 ] NOTIC: [8] Undefined variable: thickboxstyle Page.class.php 第 201 行.
[ 2011-12-22T02:44:28+08:00 ] NOTIC: [8] Undefined variable: thickboxstyle Page.class.php 第 203 行.
[ 2011-12-22T02:44:29+08:00 ] SQL: UPDATE `album` SET `hits`=hits+1 WHERE id=2 [ RunTime:0.073828s ]
[ 2011-12-22T02:44:29+08:00 ] ERR: (ThinkException) 无法加载模块Tpl
[ 2011-12-22T02:44:29+08:00 ] ERR: (ThinkException) 无法加载模块Tpl
[ 2011-12-22T02:45:56+08:00 ] SQL: SHOW COLUMNS FROM `album` [ RunTime:0.002903s ]
[ 2011-12-22T02:45:56+08:00 ] SQL: SELECT * FROM `album` WHERE id=2 and userid=1 LIMIT 1  [ RunTime:0.000654s ]
[ 2011-12-22T02:45:56+08:00 ] SQL: SHOW COLUMNS FROM `albumphoto` [ RunTime:0.002669s ]
[ 2011-12-22T02:45:56+08:00 ] SQL: SELECT COUNT(*) AS tp_count FROM `albumphoto` WHERE pid=2 LIMIT 1  [ RunTime:0.000477s ]
[ 2011-12-22T02:45:56+08:00 ] NOTIC: [8] Undefined index: NowPage Page.class.php 第 131 行.
[ 2011-12-22T02:45:56+08:00 ] SQL: select * from albumphoto where pid=2 ORDER BY sortnum asc,id DESC LIMIT 0,10 [ RunTime:0.000532s ]
[ 2011-12-22T02:45:56+08:00 ] NOTIC: [8] Undefined variable: thickboxstyle Page.class.php 第 187 行.
[ 2011-12-22T02:45:56+08:00 ] NOTIC: [8] Undefined variable: thickboxstyle Page.class.php 第 189 行.
[ 2011-12-22T02:45:56+08:00 ] NOTIC: [8] Undefined variable: thickboxstyle Page.class.php 第 191 行.
[ 2011-12-22T02:45:56+08:00 ] NOTIC: [8] Undefined variable: thickboxstyle Page.class.php 第 201 行.
[ 2011-12-22T02:45:56+08:00 ] NOTIC: [8] Undefined variable: thickboxstyle Page.class.php 第 203 行.
[ 2011-12-22T02:45:57+08:00 ] SQL: UPDATE `album` SET `hits`=hits+1 WHERE id=2 [ RunTime:0.130146s ]
[ 2011-12-22T02:45:57+08:00 ] ERR: (ThinkException) 无法加载模块Tpl
[ 2011-12-22T02:45:57+08:00 ] ERR: (ThinkException) 无法加载模块Tpl
[ 2011-12-22T02:46:30+08:00 ] ERR: (ThinkException) 无法加载模块Tpl
[ 2011-12-22T02:46:39+08:00 ] SQL: SHOW COLUMNS FROM `state` [ RunTime:0.002800s ]
[ 2011-12-22T02:46:39+08:00 ] SQL: SELECT * FROM `state` WHERE userid=1 ORDER BY time desc LIMIT 10  [ RunTime:0.000585s ]
[ 2011-12-22T02:46:39+08:00 ] SQL: SHOW COLUMNS FROM `user` [ RunTime:0.002742s ]
[ 2011-12-22T02:46:39+08:00 ] SQL: SELECT * FROM `user` WHERE userid=1 LIMIT 1  [ RunTime:0.000645s ]
[ 2011-12-22T02:46:39+08:00 ] SQL: SHOW COLUMNS FROM `stateattach` [ RunTime:0.002835s ]
[ 2011-12-22T02:46:39+08:00 ] SQL: SELECT * FROM `stateattach` WHERE stateId=3 [ RunTime:0.000718s ]
[ 2011-12-22T02:46:39+08:00 ] SQL: SHOW COLUMNS FROM `statecomment` [ RunTime:0.002897s ]
[ 2011-12-22T02:46:39+08:00 ] SQL: SELECT * FROM `statecomment` WHERE stateId=3 ORDER BY time [ RunTime:0.000899s ]
[ 2011-12-22T02:46:39+08:00 ] SQL: SELECT * FROM `user` WHERE userid=1 LIMIT 1  [ RunTime:0.000448s ]
[ 2011-12-22T02:46:39+08:00 ] SQL: SELECT * FROM `stateattach` WHERE stateId=2 [ RunTime:0.000374s ]
[ 2011-12-22T02:46:39+08:00 ] SQL: SELECT * FROM `statecomment` WHERE stateId=2 ORDER BY time [ RunTime:0.000438s ]
[ 2011-12-22T02:46:39+08:00 ] SQL: SELECT * FROM `user` WHERE userid=1 LIMIT 1  [ RunTime:0.000364s ]
[ 2011-12-22T02:46:39+08:00 ] SQL: SELECT * FROM `stateattach` WHERE stateId=1 [ RunTime:0.000360s ]
[ 2011-12-22T02:46:39+08:00 ] SQL: SELECT * FROM `statecomment` WHERE stateId=1 ORDER BY time [ RunTime:0.000456s ]
[ 2011-12-22T02:46:39+08:00 ] SQL: SHOW COLUMNS FROM `user` [ RunTime:0.002695s ]
[ 2011-12-22T02:46:39+08:00 ] SQL: SELECT * FROM `user` WHERE ( `usrid` = '1' ) LIMIT 1  [ RunTime:0.000506s ]
[ 2011-12-22T02:46:39+08:00 ] SQL: SELECT * FROM `state` WHERE userid= ORDER BY time desc LIMIT 20  [ RunTime:0.000264s ]
[ 2011-12-22T02:46:39+08:00 ] NOTIC: [8] Undefined offset: 0 StateModel.class.php 第 66 行.
[ 2011-12-22T02:46:39+08:00 ] NOTIC: [8] Undefined offset: 1 StateModel.class.php 第 66 行.
[ 2011-12-22T02:46:39+08:00 ] NOTIC: [8] Undefined offset: 2 StateModel.class.php 第 66 行.
[ 2011-12-22T02:46:39+08:00 ] NOTIC: [8] Undefined offset: 3 StateModel.class.php 第 66 行.
[ 2011-12-22T02:46:39+08:00 ] NOTIC: [8] Undefined offset: 4 StateModel.class.php 第 66 行.
[ 2011-12-22T02:46:39+08:00 ] NOTIC: [8] Undefined offset: 5 StateModel.class.php 第 66 行.
[ 2011-12-22T02:46:39+08:00 ] NOTIC: [8] Undefined offset: 6 StateModel.class.php 第 66 行.
[ 2011-12-22T02:46:39+08:00 ] NOTIC: [8] Undefined offset: 7 StateModel.class.php 第 66 行.
[ 2011-12-22T02:46:39+08:00 ] NOTIC: [8] Undefined offset: 8 StateModel.class.php 第 66 行.
[ 2011-12-22T02:46:39+08:00 ] NOTIC: [8] Undefined offset: 9 StateModel.class.php 第 66 行.
[ 2011-12-22T02:46:39+08:00 ] NOTIC: [8] Undefined offset: 10 StateModel.class.php 第 66 行.
[ 2011-12-22T02:46:39+08:00 ] NOTIC: [8] Undefined offset: 11 StateModel.class.php 第 66 行.
[ 2011-12-22T02:46:39+08:00 ] NOTIC: [8] Undefined offset: 12 StateModel.class.php 第 66 行.
[ 2011-12-22T02:46:39+08:00 ] NOTIC: [8] Undefined offset: 13 StateModel.class.php 第 66 行.
[ 2011-12-22T02:46:39+08:00 ] NOTIC: [8] Undefined offset: 14 StateModel.class.php 第 66 行.
[ 2011-12-22T02:46:39+08:00 ] NOTIC: [8] Undefined offset: 15 StateModel.class.php 第 66 行.
[ 2011-12-22T02:46:39+08:00 ] NOTIC: [8] Undefined offset: 16 StateModel.class.php 第 66 行.
[ 2011-12-22T02:46:39+08:00 ] NOTIC: [8] Undefined offset: 17 StateModel.class.php 第 66 行.
[ 2011-12-22T02:46:39+08:00 ] NOTIC: [8] Undefined offset: 18 StateModel.class.php 第 66 行.
[ 2011-12-22T02:46:39+08:00 ] NOTIC: [8] Undefined offset: 19 StateModel.class.php 第 66 行.
[ 2011-12-22T02:46:39+08:00 ] ERR: (ThinkException) 无法加载模块Tpl
[ 2011-12-22T02:46:41+08:00 ] SQL: select a.*,count(b.id) as imgnum from album as a LEFT JOIN albumphoto as b on a.id=b.pid group by a.id [ RunTime:0.000764s ]
[ 2011-12-22T02:46:41+08:00 ] NOTIC: [8] Undefined index: NowPage Page.class.php 第 131 行.
[ 2011-12-22T02:46:41+08:00 ] SQL: select a.*,count(b.id) as imgnum from album as a LEFT JOIN albumphoto as b on a.id=b.pid group by a.id  ORDER BY a.sortnum asc,a.id DESC LIMIT 0,30 [ RunTime:0.000678s ]
[ 2011-12-22T02:46:41+08:00 ] NOTIC: [8] Undefined variable: thickboxstyle Page.class.php 第 187 行.
[ 2011-12-22T02:46:41+08:00 ] NOTIC: [8] Undefined variable: thickboxstyle Page.class.php 第 189 行.
[ 2011-12-22T02:46:41+08:00 ] NOTIC: [8] Undefined variable: thickboxstyle Page.class.php 第 191 行.
[ 2011-12-22T02:46:41+08:00 ] NOTIC: [8] Undefined variable: thickboxstyle Page.class.php 第 201 行.
[ 2011-12-22T02:46:41+08:00 ] NOTIC: [8] Undefined variable: thickboxstyle Page.class.php 第 203 行.
[ 2011-12-22T02:46:41+08:00 ] ERR: (ThinkException) 无法加载模块Tpl
[ 2011-12-22T02:46:43+08:00 ] SQL: SHOW COLUMNS FROM `album` [ RunTime:0.002531s ]
[ 2011-12-22T02:46:43+08:00 ] SQL: SELECT * FROM `album` WHERE id=2 and userid=1 LIMIT 1  [ RunTime:0.000513s ]
[ 2011-12-22T02:46:43+08:00 ] SQL: SHOW COLUMNS FROM `albumphoto` [ RunTime:0.002624s ]
[ 2011-12-22T02:46:43+08:00 ] SQL: SELECT COUNT(*) AS tp_count FROM `albumphoto` WHERE pid=2 LIMIT 1  [ RunTime:0.000486s ]
[ 2011-12-22T02:46:43+08:00 ] NOTIC: [8] Undefined index: NowPage Page.class.php 第 131 行.
[ 2011-12-22T02:46:43+08:00 ] SQL: select * from albumphoto where pid=2 ORDER BY sortnum asc,id DESC LIMIT 0,10 [ RunTime:0.000612s ]
[ 2011-12-22T02:46:43+08:00 ] NOTIC: [8] Undefined variable: thickboxstyle Page.class.php 第 187 行.
[ 2011-12-22T02:46:43+08:00 ] NOTIC: [8] Undefined variable: thickboxstyle Page.class.php 第 189 行.
[ 2011-12-22T02:46:43+08:00 ] NOTIC: [8] Undefined variable: thickboxstyle Page.class.php 第 191 行.
[ 2011-12-22T02:46:43+08:00 ] NOTIC: [8] Undefined variable: thickboxstyle Page.class.php 第 201 行.
[ 2011-12-22T02:46:43+08:00 ] NOTIC: [8] Undefined variable: thickboxstyle Page.class.php 第 203 行.
[ 2011-12-22T02:46:43+08:00 ] SQL: UPDATE `album` SET `hits`=hits+1 WHERE id=2 [ RunTime:0.038141s ]
[ 2011-12-22T02:46:43+08:00 ] ERR: (ThinkException) 无法加载模块Tpl
[ 2011-12-22T02:46:43+08:00 ] ERR: (ThinkException) 无法加载模块Tpl
[ 2011-12-22T02:50:32+08:00 ] SQL: select a.*,count(b.id) as imgnum from album as a LEFT JOIN albumphoto as b on a.id=b.pid group by a.id [ RunTime:0.000605s ]
[ 2011-12-22T02:50:32+08:00 ] NOTIC: [8] Undefined index: NowPage Page.class.php 第 131 行.
[ 2011-12-22T02:50:32+08:00 ] SQL: select a.*,count(b.id) as imgnum from album as a LEFT JOIN albumphoto as b on a.id=b.pid group by a.id  ORDER BY a.sortnum asc,a.id DESC LIMIT 0,30 [ RunTime:0.000571s ]
[ 2011-12-22T02:50:32+08:00 ] NOTIC: [8] Undefined variable: thickboxstyle Page.class.php 第 187 行.
[ 2011-12-22T02:50:32+08:00 ] NOTIC: [8] Undefined variable: thickboxstyle Page.class.php 第 189 行.
[ 2011-12-22T02:50:32+08:00 ] NOTIC: [8] Undefined variable: thickboxstyle Page.class.php 第 191 行.
[ 2011-12-22T02:50:32+08:00 ] NOTIC: [8] Undefined variable: thickboxstyle Page.class.php 第 201 行.
[ 2011-12-22T02:50:32+08:00 ] NOTIC: [8] Undefined variable: thickboxstyle Page.class.php 第 203 行.
[ 2011-12-22T02:50:32+08:00 ] ERR: (ThinkException) 无法加载模块Tpl
[ 2011-12-22T02:54:03+08:00 ] SQL: SHOW COLUMNS FROM `album` [ RunTime:0.060898s ]
[ 2011-12-22T02:54:03+08:00 ] SQL: SELECT * FROM `album` WHERE id=2 and userid=1 LIMIT 1  [ RunTime:0.000515s ]
[ 2011-12-22T02:54:03+08:00 ] SQL: SHOW COLUMNS FROM `albumphoto` [ RunTime:0.002626s ]
[ 2011-12-22T02:54:03+08:00 ] SQL: SELECT COUNT(*) AS tp_count FROM `albumphoto` WHERE pid=2 LIMIT 1  [ RunTime:0.000288s ]
[ 2011-12-22T02:54:03+08:00 ] NOTIC: [8] Undefined index: NowPage Page.class.php 第 131 行.
[ 2011-12-22T02:54:03+08:00 ] SQL: select * from albumphoto where pid=2 ORDER BY sortnum asc,id DESC LIMIT 0,10 [ RunTime:0.000700s ]
[ 2011-12-22T02:54:03+08:00 ] NOTIC: [8] Undefined variable: thickboxstyle Page.class.php 第 187 行.
[ 2011-12-22T02:54:03+08:00 ] NOTIC: [8] Undefined variable: thickboxstyle Page.class.php 第 189 行.
[ 2011-12-22T02:54:03+08:00 ] NOTIC: [8] Undefined variable: thickboxstyle Page.class.php 第 191 行.
[ 2011-12-22T02:54:03+08:00 ] NOTIC: [8] Undefined variable: thickboxstyle Page.class.php 第 201 行.
[ 2011-12-22T02:54:03+08:00 ] NOTIC: [8] Undefined variable: thickboxstyle Page.class.php 第 203 行.
[ 2011-12-22T02:54:03+08:00 ] SQL: UPDATE `album` SET `hits`=hits+1 WHERE id=2 [ RunTime:0.033028s ]
[ 2011-12-22T02:54:03+08:00 ] ERR: (ThinkException) 无法加载模块Tpl
[ 2011-12-22T02:54:03+08:00 ] ERR: (ThinkException) 无法加载模块Tpl
[ 2011-12-22T02:56:45+08:00 ] SQL: SHOW COLUMNS FROM `album` [ RunTime:0.002903s ]
[ 2011-12-22T02:56:45+08:00 ] SQL: SELECT * FROM `album` WHERE id=2 and userid=1 LIMIT 1  [ RunTime:0.001427s ]
[ 2011-12-22T02:56:45+08:00 ] SQL: SHOW COLUMNS FROM `albumphoto` [ RunTime:0.004021s ]
[ 2011-12-22T02:56:45+08:00 ] SQL: SELECT COUNT(*) AS tp_count FROM `albumphoto` WHERE pid=2 LIMIT 1  [ RunTime:0.000435s ]
[ 2011-12-22T02:56:45+08:00 ] NOTIC: [8] Undefined index: NowPage Page.class.php 第 131 行.
[ 2011-12-22T02:56:45+08:00 ] SQL: select * from albumphoto where pid=2 ORDER BY sortnum asc,id DESC LIMIT 0,10 [ RunTime:0.000489s ]
[ 2011-12-22T02:56:45+08:00 ] NOTIC: [8] Undefined variable: thickboxstyle Page.class.php 第 187 行.
[ 2011-12-22T02:56:45+08:00 ] NOTIC: [8] Undefined variable: thickboxstyle Page.class.php 第 189 行.
[ 2011-12-22T02:56:45+08:00 ] NOTIC: [8] Undefined variable: thickboxstyle Page.class.php 第 191 行.
[ 2011-12-22T02:56:45+08:00 ] NOTIC: [8] Undefined variable: thickboxstyle Page.class.php 第 201 行.
[ 2011-12-22T02:56:45+08:00 ] NOTIC: [8] Undefined variable: thickboxstyle Page.class.php 第 203 行.
[ 2011-12-22T02:56:45+08:00 ] SQL: UPDATE `album` SET `hits`=hits+1 WHERE id=2 [ RunTime:0.073232s ]
[ 2011-12-22T02:56:46+08:00 ] ERR: (ThinkException) 无法加载模块Tpl
[ 2011-12-22T02:56:46+08:00 ] ERR: (ThinkException) 无法加载模块Tpl
[ 2011-12-22T02:57:30+08:00 ] SQL: SHOW COLUMNS FROM `album` [ RunTime:0.003052s ]
[ 2011-12-22T02:57:30+08:00 ] SQL: SELECT * FROM `album` WHERE id=2 and userid=1 LIMIT 1  [ RunTime:0.000891s ]
[ 2011-12-22T02:57:30+08:00 ] SQL: SHOW COLUMNS FROM `albumphoto` [ RunTime:0.002780s ]
[ 2011-12-22T02:57:30+08:00 ] SQL: SELECT COUNT(*) AS tp_count FROM `albumphoto` WHERE pid=2 LIMIT 1  [ RunTime:0.000662s ]
[ 2011-12-22T02:57:30+08:00 ] NOTIC: [8] Undefined index: NowPage Page.class.php 第 131 行.
[ 2011-12-22T02:57:30+08:00 ] SQL: select * from albumphoto where pid=2 ORDER BY sortnum asc,id DESC LIMIT 0,10 [ RunTime:0.000597s ]
[ 2011-12-22T02:57:30+08:00 ] NOTIC: [8] Undefined variable: thickboxstyle Page.class.php 第 187 行.
[ 2011-12-22T02:57:30+08:00 ] NOTIC: [8] Undefined variable: thickboxstyle Page.class.php 第 189 行.
[ 2011-12-22T02:57:30+08:00 ] NOTIC: [8] Undefined variable: thickboxstyle Page.class.php 第 191 行.
[ 2011-12-22T02:57:30+08:00 ] NOTIC: [8] Undefined variable: thickboxstyle Page.class.php 第 201 行.
[ 2011-12-22T02:57:30+08:00 ] NOTIC: [8] Undefined variable: thickboxstyle Page.class.php 第 203 行.
[ 2011-12-22T02:57:30+08:00 ] SQL: UPDATE `album` SET `hits`=hits+1 WHERE id=2 [ RunTime:0.085019s ]
[ 2011-12-22T02:57:30+08:00 ] ERR: (ThinkException) 无法加载模块Tpl
[ 2011-12-22T02:57:30+08:00 ] ERR: (ThinkException) 无法加载模块Tpl
[ 2011-12-22T02:59:52+08:00 ] SQL: select a.*,count(b.id) as imgnum from album as a LEFT JOIN albumphoto as b on a.id=b.pid group by a.id [ RunTime:0.000779s ]
[ 2011-12-22T02:59:52+08:00 ] NOTIC: [8] Undefined index: NowPage Page.class.php 第 131 行.
[ 2011-12-22T02:59:52+08:00 ] SQL: select a.*,count(b.id) as imgnum from album as a LEFT JOIN albumphoto as b on a.id=b.pid group by a.id  ORDER BY a.sortnum asc,a.id DESC LIMIT 0,30 [ RunTime:0.000672s ]
[ 2011-12-22T02:59:52+08:00 ] NOTIC: [8] Undefined variable: thickboxstyle Page.class.php 第 187 行.
[ 2011-12-22T02:59:52+08:00 ] NOTIC: [8] Undefined variable: thickboxstyle Page.class.php 第 189 行.
[ 2011-12-22T02:59:52+08:00 ] NOTIC: [8] Undefined variable: thickboxstyle Page.class.php 第 191 行.
[ 2011-12-22T02:59:52+08:00 ] NOTIC: [8] Undefined variable: thickboxstyle Page.class.php 第 201 行.
[ 2011-12-22T02:59:52+08:00 ] NOTIC: [8] Undefined variable: thickboxstyle Page.class.php 第 203 行.
[ 2011-12-22T02:59:53+08:00 ] ERR: (ThinkException) 无法加载模块Tpl
[ 2011-12-22T02:59:57+08:00 ] SQL: select a.*,count(b.id) as imgnum from album as a LEFT JOIN albumphoto as b on a.id=b.pid group by a.id [ RunTime:0.000602s ]
[ 2011-12-22T02:59:57+08:00 ] NOTIC: [8] Undefined index: NowPage Page.class.php 第 131 行.
[ 2011-12-22T02:59:57+08:00 ] SQL: select a.*,count(b.id) as imgnum from album as a LEFT JOIN albumphoto as b on a.id=b.pid group by a.id  ORDER BY a.sortnum asc,a.id DESC LIMIT 0,30 [ RunTime:0.000561s ]
[ 2011-12-22T02:59:57+08:00 ] NOTIC: [8] Undefined variable: thickboxstyle Page.class.php 第 187 行.
[ 2011-12-22T02:59:57+08:00 ] NOTIC: [8] Undefined variable: thickboxstyle Page.class.php 第 189 行.
[ 2011-12-22T02:59:57+08:00 ] NOTIC: [8] Undefined variable: thickboxstyle Page.class.php 第 191 行.
[ 2011-12-22T02:59:57+08:00 ] NOTIC: [8] Undefined variable: thickboxstyle Page.class.php 第 201 行.
[ 2011-12-22T02:59:57+08:00 ] NOTIC: [8] Undefined variable: thickboxstyle Page.class.php 第 203 行.
[ 2011-12-22T02:59:57+08:00 ] ERR: (ThinkException) 无法加载模块Tpl
[ 2011-12-22T10:48:14+08:00 ] SQL: SHOW COLUMNS FROM `state` [ RunTime:0.111637s ]
[ 2011-12-22T10:48:14+08:00 ] SQL: SELECT * FROM `state` WHERE userid=1 ORDER BY time desc LIMIT 10  [ RunTime:0.024473s ]
[ 2011-12-22T10:48:14+08:00 ] SQL: SHOW COLUMNS FROM `user` [ RunTime:0.002791s ]
[ 2011-12-22T10:48:14+08:00 ] SQL: SELECT * FROM `user` WHERE userid=1 LIMIT 1  [ RunTime:0.000530s ]
[ 2011-12-22T10:48:14+08:00 ] SQL: SHOW COLUMNS FROM `stateattach` [ RunTime:0.076217s ]
[ 2011-12-22T10:48:14+08:00 ] SQL: SELECT * FROM `stateattach` WHERE stateId=3 [ RunTime:0.000468s ]
[ 2011-12-22T10:48:14+08:00 ] SQL: SHOW COLUMNS FROM `statecomment` [ RunTime:0.039405s ]
[ 2011-12-22T10:48:14+08:00 ] SQL: SELECT * FROM `statecomment` WHERE stateId=3 ORDER BY time [ RunTime:0.000542s ]
[ 2011-12-22T10:48:14+08:00 ] SQL: SELECT * FROM `user` WHERE userid=1 LIMIT 1  [ RunTime:0.000367s ]
[ 2011-12-22T10:48:14+08:00 ] SQL: SELECT * FROM `stateattach` WHERE stateId=2 [ RunTime:0.000419s ]
[ 2011-12-22T10:48:14+08:00 ] SQL: SELECT * FROM `statecomment` WHERE stateId=2 ORDER BY time [ RunTime:0.008543s ]
[ 2011-12-22T10:48:14+08:00 ] SQL: SELECT * FROM `user` WHERE userid=1 LIMIT 1  [ RunTime:0.000334s ]
[ 2011-12-22T10:48:14+08:00 ] SQL: SELECT * FROM `stateattach` WHERE stateId=1 [ RunTime:0.000405s ]
[ 2011-12-22T10:48:14+08:00 ] SQL: SELECT * FROM `statecomment` WHERE stateId=1 ORDER BY time [ RunTime:0.000416s ]
[ 2011-12-22T10:48:14+08:00 ] SQL: SHOW COLUMNS FROM `user` [ RunTime:0.002683s ]
[ 2011-12-22T10:48:14+08:00 ] SQL: SELECT * FROM `user` WHERE ( `usrid` = '1' ) LIMIT 1  [ RunTime:0.000330s ]
[ 2011-12-22T10:48:14+08:00 ] SQL: SELECT * FROM `state` WHERE userid= ORDER BY time desc LIMIT 20  [ RunTime:0.000299s ]
[ 2011-12-22T10:48:14+08:00 ] NOTIC: [8] Undefined offset: 0 StateModel.class.php 第 66 行.
[ 2011-12-22T10:48:14+08:00 ] NOTIC: [8] Undefined offset: 1 StateModel.class.php 第 66 行.
[ 2011-12-22T10:48:14+08:00 ] NOTIC: [8] Undefined offset: 2 StateModel.class.php 第 66 行.
[ 2011-12-22T10:48:14+08:00 ] NOTIC: [8] Undefined offset: 3 StateModel.class.php 第 66 行.
[ 2011-12-22T10:48:14+08:00 ] NOTIC: [8] Undefined offset: 4 StateModel.class.php 第 66 行.
[ 2011-12-22T10:48:14+08:00 ] NOTIC: [8] Undefined offset: 5 StateModel.class.php 第 66 行.
[ 2011-12-22T10:48:14+08:00 ] NOTIC: [8] Undefined offset: 6 StateModel.class.php 第 66 行.
[ 2011-12-22T10:48:14+08:00 ] NOTIC: [8] Undefined offset: 7 StateModel.class.php 第 66 行.
[ 2011-12-22T10:48:14+08:00 ] NOTIC: [8] Undefined offset: 8 StateModel.class.php 第 66 行.
[ 2011-12-22T10:48:14+08:00 ] NOTIC: [8] Undefined offset: 9 StateModel.class.php 第 66 行.
[ 2011-12-22T10:48:14+08:00 ] NOTIC: [8] Undefined offset: 10 StateModel.class.php 第 66 行.
[ 2011-12-22T10:48:14+08:00 ] NOTIC: [8] Undefined offset: 11 StateModel.class.php 第 66 行.
[ 2011-12-22T10:48:14+08:00 ] NOTIC: [8] Undefined offset: 12 StateModel.class.php 第 66 行.
[ 2011-12-22T10:48:14+08:00 ] NOTIC: [8] Undefined offset: 13 StateModel.class.php 第 66 行.
[ 2011-12-22T10:48:14+08:00 ] NOTIC: [8] Undefined offset: 14 StateModel.class.php 第 66 行.
[ 2011-12-22T10:48:14+08:00 ] NOTIC: [8] Undefined offset: 15 StateModel.class.php 第 66 行.
[ 2011-12-22T10:48:14+08:00 ] NOTIC: [8] Undefined offset: 16 StateModel.class.php 第 66 行.
[ 2011-12-22T10:48:14+08:00 ] NOTIC: [8] Undefined offset: 17 StateModel.class.php 第 66 行.
[ 2011-12-22T10:48:14+08:00 ] NOTIC: [8] Undefined offset: 18 StateModel.class.php 第 66 行.
[ 2011-12-22T10:48:14+08:00 ] NOTIC: [8] Undefined offset: 19 StateModel.class.php 第 66 行.
[ 2011-12-22T10:48:14+08:00 ] ERR: (ThinkException) 无法加载模块Tpl
[ 2011-12-22T10:48:19+08:00 ] SQL: select a.*,count(b.id) as imgnum from album as a LEFT JOIN albumphoto as b on a.id=b.pid group by a.id [ RunTime:0.142156s ]
[ 2011-12-22T10:48:19+08:00 ] NOTIC: [8] Undefined index: NowPage Page.class.php 第 131 行.
[ 2011-12-22T10:48:19+08:00 ] SQL: select a.*,count(b.id) as imgnum from album as a LEFT JOIN albumphoto as b on a.id=b.pid group by a.id  ORDER BY a.sortnum asc,a.id DESC LIMIT 0,30 [ RunTime:0.000738s ]
[ 2011-12-22T10:48:19+08:00 ] NOTIC: [8] Undefined variable: thickboxstyle Page.class.php 第 187 行.
[ 2011-12-22T10:48:19+08:00 ] NOTIC: [8] Undefined variable: thickboxstyle Page.class.php 第 189 行.
[ 2011-12-22T10:48:19+08:00 ] NOTIC: [8] Undefined variable: thickboxstyle Page.class.php 第 191 行.
[ 2011-12-22T10:48:19+08:00 ] NOTIC: [8] Undefined variable: thickboxstyle Page.class.php 第 201 行.
[ 2011-12-22T10:48:19+08:00 ] NOTIC: [8] Undefined variable: thickboxstyle Page.class.php 第 203 行.
[ 2011-12-22T10:48:19+08:00 ] ERR: (ThinkException) 无法加载模块Tpl
[ 2011-12-22T10:48:22+08:00 ] SQL: select a.*,count(b.id) as imgnum from album as a LEFT JOIN albumphoto as b on a.id=b.pid group by a.id order by a.sortnum asc,a.id desc [ RunTime:0.000697s ]
[ 2011-12-22T10:48:22+08:00 ] SQL: SHOW COLUMNS FROM `albumphoto` [ RunTime:0.002720s ]
[ 2011-12-22T10:48:22+08:00 ] SQL: SELECT * FROM `albumphoto` ORDER BY id desc [ RunTime:0.000281s ]
[ 2011-12-22T10:48:22+08:00 ] ERR: (ThinkException) 无法加载模块Tpl
[ 2011-12-22T10:48:22+08:00 ] ERR: (ThinkException) 无法加载模块Tpl
[ 2011-12-22T10:48:45+08:00 ] ERR: (ThinkException) 无法加载模块Tpl
[ 2011-12-22T10:48:45+08:00 ] ERR: (ThinkException) 无法加载模块Tpl
[ 2011-12-22T10:50:56+08:00 ] ERR: (ThinkException) 无法加载模块Tpl
[ 2011-12-22T10:51:49+08:00 ] ERR: (ThinkException) 无法加载模块Tpl
[ 2011-12-22T10:52:35+08:00 ] ERR: (ThinkException) 无法加载模块Tpl
[ 2011-12-22T10:53:14+08:00 ] ERR: (ThinkException) 无法加载模块Tpl
[ 2011-12-22T10:53:15+08:00 ] ERR: (ThinkException) 无法加载模块Tpl
[ 2011-12-22T10:53:18+08:00 ] ERR: (ThinkException) 无法加载模块Tpl
[ 2011-12-22T10:53:27+08:00 ] ERR: (ThinkException) 无法加载模块Tpl
[ 2011-12-22T10:53:58+08:00 ] ERR: (ThinkException) 无法加载模块Tpl
[ 2011-12-22T10:58:34+08:00 ] ERR: (ThinkException) 无法加载模块Tpl
[ 2011-12-22T10:58:49+08:00 ] ERR: (ThinkException) 无法加载模块Tpl
[ 2011-12-22T10:59:47+08:00 ] ERR: (ThinkException) 无法加载模块Tpl
[ 2011-12-22T11:00:13+08:00 ] ERR: (ThinkException) 无法加载模块Tpl
[ 2011-12-22T11:00:21+08:00 ] ERR: (ThinkException) 无法加载模块Tpl
[ 2011-12-22T11:09:06+08:00 ] ERR: (ThinkException) 无法加载模块Tpl
[ 2011-12-22T11:10:47+08:00 ] ERR: (ThinkException) 无法加载模块Tpl
[ 2011-12-22T11:12:26+08:00 ] ERR: (ThinkException) 无法加载模块Tpl
[ 2011-12-22T11:12:45+08:00 ] ERR: (ThinkException) 无法加载模块Tpl
[ 2011-12-22T11:13:04+08:00 ] ERR: (ThinkException) 无法加载模块Tpl
[ 2011-12-22T11:19:44+08:00 ] ERR: (ThinkException) 无法加载模块Tpl
[ 2011-12-22T11:19:54+08:00 ] ERR: (ThinkException) 无法加载模块Tpl
[ 2011-12-22T11:19:57+08:00 ] ERR: (ThinkException) 无法加载模块Tpl
[ 2011-12-22T11:20:00+08:00 ] ERR: (ThinkException) 无法加载模块Tpl
[ 2011-12-22T11:20:24+08:00 ] ERR: (ThinkException) 无法加载模块Tpl
[ 2011-12-22T11:21:15+08:00 ] ERR: (ThinkException) 无法加载模块Tpl
[ 2011-12-22T11:22:39+08:00 ] ERR: (ThinkException) 无法加载模块Tpl
[ 2011-12-22T11:22:39+08:00 ] ERR: (ThinkException) 无法加载模块Tpl
[ 2011-12-22T11:23:10+08:00 ] ERR: (ThinkException) 无法加载模块Tpl
[ 2011-12-22T11:23:10+08:00 ] ERR: (ThinkException) 无法加载模块Tpl
[ 2011-12-22T11:24:48+08:00 ] ERR: (ThinkException) 无法加载模块Tpl
[ 2011-12-22T11:24:48+08:00 ] ERR: (ThinkException) 无法加载模块Tpl
[ 2011-12-22T11:25:05+08:00 ] ERR: (ThinkException) 无法加载模块Tpl
[ 2011-12-22T11:25:43+08:00 ] ERR: (ThinkException) 无法加载模块Tpl
[ 2011-12-22T11:26:48+08:00 ] ERR: (ThinkException) 无法加载模块Tpl
[ 2011-12-22T11:27:13+08:00 ] ERR: (ThinkException) 无法加载模块Tpl
[ 2011-12-22T11:27:14+08:00 ] ERR: (ThinkException) 无法加载模块Tpl
[ 2011-12-22T11:28:27+08:00 ] ERR: (ThinkException) 无法加载模块Tpl
[ 2011-12-22T11:29:23+08:00 ] ERR: (ThinkException) 无法加载模块Tpl
[ 2011-12-22T11:29:49+08:00 ] ERR: (ThinkException) 无法加载模块Tpl
[ 2011-12-22T11:30:06+08:00 ] ERR: (ThinkException) 无法加载模块Tpl
[ 2011-12-22T11:30:39+08:00 ] ERR: (ThinkException) 无法加载模块Tpl
[ 2011-12-22T11:31:49+08:00 ] ERR: (ThinkException) 无法加载模块Tpl
[ 2011-12-22T11:31:51+08:00 ] ERR: (ThinkException) 无法加载模块Tpl
[ 2011-12-22T11:32:03+08:00 ] ERR: (ThinkException) 无法加载模块Tpl
[ 2011-12-22T11:32:05+08:00 ] ERR: (ThinkException) 无法加载模块Tpl
[ 2011-12-22T11:33:07+08:00 ] ERR: (ThinkException) 无法加载模块Tpl
[ 2011-12-22T11:33:08+08:00 ] ERR: (ThinkException) 无法加载模块Tpl
[ 2011-12-22T11:33:43+08:00 ] ERR: (ThinkException) 无法加载模块Tpl
[ 2011-12-22T11:33:46+08:00 ] ERR: (ThinkException) 无法加载模块Tpl
[ 2011-12-22T11:34:36+08:00 ] ERR: (ThinkException) 无法加载模块Tpl
[ 2011-12-22T11:35:11+08:00 ] ERR: (ThinkException) 无法加载模块Tpl
[ 2011-12-22T11:35:46+08:00 ] ERR: (ThinkException) 无法加载模块Tpl
[ 2011-12-22T11:35:47+08:00 ] ERR: (ThinkException) 无法加载模块Tpl
[ 2011-12-22T11:35:48+08:00 ] ERR: (ThinkException) 无法加载模块Tpl
[ 2011-12-22T11:36:01+08:00 ] ERR: (ThinkException) 无法加载模块Tpl
[ 2011-12-22T11:36:02+08:00 ] ERR: (ThinkException) 无法加载模块Tpl
[ 2011-12-22T11:36:03+08:00 ] ERR: (ThinkException) 无法加载模块Tpl
[ 2011-12-22T11:36:04+08:00 ] ERR: (ThinkException) 无法加载模块Tpl
[ 2011-12-22T11:36:05+08:00 ] ERR: (ThinkException) 无法加载模块Tpl
[ 2011-12-22T11:38:40+08:00 ] ERR: (ThinkException) 无法加载模块Tpl
[ 2011-12-22T11:39:04+08:00 ] ERR: (ThinkException) 无法加载模块Tpl
[ 2011-12-22T11:39:09+08:00 ] ERR: (ThinkException) 无法加载模块Tpl
[ 2011-12-22T11:39:11+08:00 ] ERR: (ThinkException) 无法加载模块Tpl
[ 2011-12-22T11:39:14+08:00 ] ERR: (ThinkException) 无法加载模块Tpl
[ 2011-12-22T11:39:21+08:00 ] ERR: (ThinkException) 无法加载模块Tpl
[ 2011-12-22T11:39:21+08:00 ] ERR: (ThinkException) 无法加载模块Tpl
[ 2011-12-22T11:40:18+08:00 ] ERR: (ThinkException) 无法加载模块Tpl
[ 2011-12-22T11:40:18+08:00 ] ERR: (ThinkException) 无法加载模块Tpl
[ 2011-12-22T11:40:53+08:00 ] ERR: (ThinkException) 无法加载模块Tpl
[ 2011-12-22T11:40:53+08:00 ] ERR: (ThinkException) 无法加载模块Tpl
[ 2011-12-22T11:42:47+08:00 ] ERR: (ThinkException) 无法加载模块Tpl
[ 2011-12-22T11:42:47+08:00 ] ERR: (ThinkException) 无法加载模块Tpl
[ 2011-12-22T11:42:49+08:00 ] ERR: (ThinkException) 无法加载模块Tpl
[ 2011-12-22T11:42:49+08:00 ] ERR: (ThinkException) 无法加载模块Tpl
[ 2011-12-22T11:44:17+08:00 ] ERR: (ThinkException) 无法加载模块Tpl
[ 2011-12-22T11:44:17+08:00 ] ERR: (ThinkException) 无法加载模块Tpl
[ 2011-12-22T11:44:33+08:00 ] ERR: (ThinkException) 无法加载模块Tpl
[ 2011-12-22T11:44:33+08:00 ] ERR: (ThinkException) 无法加载模块Tpl
[ 2011-12-22T11:45:20+08:00 ] ERR: (ThinkException) 无法加载模块Tpl
[ 2011-12-22T11:45:20+08:00 ] ERR: (ThinkException) 无法加载模块Tpl
[ 2011-12-22T11:45:30+08:00 ] ERR: (ThinkException) 无法加载模块Tpl
[ 2011-12-22T11:45:30+08:00 ] ERR: (ThinkException) 无法加载模块Tpl
[ 2011-12-22T11:45:33+08:00 ] ERR: (ThinkException) 无法加载模块Tpl
[ 2011-12-22T11:45:33+08:00 ] ERR: (ThinkException) 无法加载模块Tpl
[ 2011-12-22T11:46:27+08:00 ] ERR: (ThinkException) 无法加载模块Tpl
[ 2011-12-22T11:46:27+08:00 ] ERR: (ThinkException) 无法加载模块Tpl
[ 2011-12-22T11:51:16+08:00 ] ERR: (ThinkException) 无法加载模块Tpl
[ 2011-12-22T11:51:16+08:00 ] ERR: (ThinkException) 无法加载模块Tpl
[ 2011-12-22T11:51:49+08:00 ] ERR: (ThinkException) 无法加载模块Tpl
[ 2011-12-22T11:51:49+08:00 ] ERR: (ThinkException) 无法加载模块Tpl
[ 2011-12-22T11:52:30+08:00 ] ERR: (ThinkException) 无法加载模块Tpl
[ 2011-12-22T11:52:30+08:00 ] ERR: (ThinkException) 无法加载模块Tpl
[ 2011-12-22T11:53:05+08:00 ] ERR: (ThinkException) 无法加载模块Tpl
[ 2011-12-22T11:53:05+08:00 ] ERR: (ThinkException) 无法加载模块Tpl
[ 2011-12-22T11:53:29+08:00 ] ERR: (ThinkException) 无法加载模块Tpl
[ 2011-12-22T11:53:29+08:00 ] ERR: (ThinkException) 无法加载模块Tpl
[ 2011-12-22T11:53:54+08:00 ] ERR: (ThinkException) 无法加载模块Tpl
[ 2011-12-22T11:53:54+08:00 ] ERR: (ThinkException) 无法加载模块Tpl
[ 2011-12-22T11:55:53+08:00 ] ERR: (ThinkException) 无法加载模块Tpl
[ 2011-12-22T11:55:53+08:00 ] ERR: (ThinkException) 无法加载模块Tpl
[ 2011-12-22T11:56:17+08:00 ] ERR: (ThinkException) 无法加载模块Tpl
[ 2011-12-22T11:56:17+08:00 ] ERR: (ThinkException) 无法加载模块Tpl
[ 2011-12-22T11:57:54+08:00 ] ERR: (ThinkException) 无法加载模块Tpl
[ 2011-12-22T11:57:54+08:00 ] ERR: (ThinkException) 无法加载模块Tpl
[ 2011-12-22T11:57:54+08:00 ] ERR: (ThinkException) 无法加载模块Tpl
[ 2011-12-22T11:57:55+08:00 ] ERR: (ThinkException) 无法加载模块Tpl
[ 2011-12-22T11:58:07+08:00 ] ERR: (ThinkException) 无法加载模块Tpl
[ 2011-12-22T11:58:07+08:00 ] ERR: (ThinkException) 无法加载模块Tpl
[ 2011-12-22T11:59:11+08:00 ] ERR: (ThinkException) 无法加载模块Tpl
[ 2011-12-22T11:59:11+08:00 ] ERR: (ThinkException) 无法加载模块Tpl
[ 2011-12-22T11:59:32+08:00 ] ERR: (ThinkException) 无法加载模块Tpl
[ 2011-12-22T11:59:32+08:00 ] ERR: (ThinkException) 无法加载模块Tpl
[ 2011-12-22T12:00:58+08:00 ] ERR: (ThinkException) 无法加载模块Tpl
[ 2011-12-22T12:00:58+08:00 ] ERR: (ThinkException) 无法加载模块Tpl
[ 2011-12-22T12:01:25+08:00 ] ERR: (ThinkException) 无法加载模块Tpl
[ 2011-12-22T12:01:25+08:00 ] ERR: (ThinkException) 无法加载模块Tpl
[ 2011-12-22T12:02:16+08:00 ] ERR: (ThinkException) 无法加载模块Tpl
[ 2011-12-22T12:02:16+08:00 ] ERR: (ThinkException) 无法加载模块Tpl
[ 2011-12-22T12:02:39+08:00 ] ERR: (ThinkException) 无法加载模块Tpl
[ 2011-12-22T12:02:39+08:00 ] ERR: (ThinkException) 无法加载模块Tpl
[ 2011-12-22T12:02:46+08:00 ] ERR: (ThinkException) 无法加载模块Tpl
[ 2011-12-22T12:02:46+08:00 ] ERR: (ThinkException) 无法加载模块Tpl
[ 2011-12-22T12:05:45+08:00 ] ERR: (ThinkException) 无法加载模块Tpl
[ 2011-12-22T12:05:45+08:00 ] ERR: (ThinkException) 无法加载模块Tpl
[ 2011-12-22T12:06:05+08:00 ] ERR: (ThinkException) 无法加载模块Tpl
[ 2011-12-22T12:06:05+08:00 ] ERR: (ThinkException) 无法加载模块Tpl
[ 2011-12-22T12:06:31+08:00 ] ERR: (ThinkException) 无法加载模块Tpl
[ 2011-12-22T12:06:31+08:00 ] ERR: (ThinkException) 无法加载模块Tpl
[ 2011-12-22T12:06:43+08:00 ] ERR: (ThinkException) 无法加载模块Tpl
[ 2011-12-22T12:06:43+08:00 ] ERR: (ThinkException) 无法加载模块Tpl
[ 2011-12-22T12:09:12+08:00 ] ERR: (ThinkException) 无法加载模块Tpl
[ 2011-12-22T12:09:53+08:00 ] ERR: (ThinkException) 无法加载模块Tpl
[ 2011-12-22T12:10:09+08:00 ] ERR: (ThinkException) 无法加载模块Tpl
[ 2011-12-22T12:10:26+08:00 ] ERR: (ThinkException) 无法加载模块Tpl
[ 2011-12-22T12:10:26+08:00 ] ERR: (ThinkException) 无法加载模块Tpl
[ 2011-12-22T12:37:01+08:00 ] ERR: (ThinkException) 无法加载模块Tpl
[ 2011-12-22T12:37:01+08:00 ] ERR: (ThinkException) 无法加载模块Tpl
[ 2011-12-22T12:38:33+08:00 ] ERR: (ThinkException) 无法加载模块Tpl
[ 2011-12-22T12:38:33+08:00 ] ERR: (ThinkException) 无法加载模块Tpl
[ 2011-12-22T12:40:35+08:00 ] ERR: (ThinkException) 无法加载模块Tpl
[ 2011-12-22T12:40:35+08:00 ] ERR: (ThinkException) 无法加载模块Tpl
[ 2011-12-22T12:44:27+08:00 ] ERR: (ThinkException) 无法加载模块Tpl
[ 2011-12-22T12:44:27+08:00 ] ERR: (ThinkException) 无法加载模块Tpl
[ 2011-12-22T12:48:24+08:00 ] ERR: (ThinkException) 无法加载模块Tpl
[ 2011-12-22T12:48:24+08:00 ] ERR: (ThinkException) 无法加载模块Tpl
[ 2011-12-22T12:56:58+08:00 ] ERR: (ThinkException) 无法加载模块Tpl
[ 2011-12-22T12:56:58+08:00 ] ERR: (ThinkException) 无法加载模块Tpl
[ 2011-12-22T12:57:19+08:00 ] ERR: (ThinkException) 无法加载模块Tpl
[ 2011-12-22T12:57:19+08:00 ] ERR: (ThinkException) 无法加载模块Tpl
[ 2011-12-22T12:58:16+08:00 ] ERR: (ThinkException) 无法加载模块Tpl
[ 2011-12-22T12:58:16+08:00 ] ERR: (ThinkException) 无法加载模块Tpl
[ 2011-12-22T12:58:50+08:00 ] ERR: (ThinkException) 无法加载模块Tpl
[ 2011-12-22T12:58:50+08:00 ] ERR: (ThinkException) 无法加载模块Tpl
[ 2011-12-22T13:00:58+08:00 ] ERR: (ThinkException) 无法加载模块Tpl
[ 2011-12-22T13:00:58+08:00 ] ERR: (ThinkException) 无法加载模块Tpl
[ 2011-12-22T13:02:00+08:00 ] ERR: (ThinkException) 无法加载模块Tpl
[ 2011-12-22T13:02:00+08:00 ] ERR: (ThinkException) 无法加载模块Uploads
[ 2011-12-22T13:03:35+08:00 ] ERR: (ThinkException) 无法加载模块Tpl
[ 2011-12-22T13:03:42+08:00 ] ERR: (ThinkException) 无法加载模块Tpl
[ 2011-12-22T13:03:42+08:00 ] ERR: (ThinkException) 无法加载模块Tpl
[ 2011-12-22T13:06:48+08:00 ] ERR: (ThinkException) 无法加载模块Tpl
[ 2011-12-22T13:06:48+08:00 ] ERR: (ThinkException) 无法加载模块Tpl
[ 2011-12-22T13:06:55+08:00 ] ERR: (ThinkException) 无法加载模块Tpl
[ 2011-12-22T13:06:55+08:00 ] ERR: (ThinkException) 无法加载模块Tpl
[ 2011-12-22T13:12:08+08:00 ] ERR: (ThinkException) 无法加载模块Tpl
[ 2011-12-22T13:12:08+08:00 ] ERR: (ThinkException) 无法加载模块Tpl
[ 2011-12-22T13:12:14+08:00 ] ERR: (ThinkException) 无法加载模块Tpl
[ 2011-12-22T13:12:14+08:00 ] ERR: (ThinkException) 无法加载模块Tpl
[ 2011-12-22T13:17:31+08:00 ] ERR: (ThinkException) 无法加载模块Tpl
[ 2011-12-22T13:17:31+08:00 ] ERR: (ThinkException) 无法加载模块Tpl
[ 2011-12-22T13:18:45+08:00 ] ERR: (ThinkException) 无法加载模块Tpl
[ 2011-12-22T13:18:45+08:00 ] ERR: (ThinkException) 无法加载模块Tpl
[ 2011-12-22T13:18:47+08:00 ] ERR: (ThinkException) 无法加载模块Tpl
[ 2011-12-22T13:18:49+08:00 ] ERR: (ThinkException) 无法加载模块Tpl
[ 2011-12-22T13:18:49+08:00 ] ERR: (ThinkException) 无法加载模块Tpl
[ 2011-12-22T13:18:51+08:00 ] ERR: (ThinkException) 无法加载模块Tpl
[ 2011-12-22T13:18:51+08:00 ] ERR: (ThinkException) 无法加载模块Tpl
[ 2011-12-22T13:19:22+08:00 ] ERR: (ThinkException) 无法加载模块Tpl
[ 2011-12-22T13:19:25+08:00 ] ERR: (ThinkException) 无法加载模块Tpl
[ 2011-12-22T13:19:35+08:00 ] ERR: (ThinkException) 无法加载模块Tpl
[ 2011-12-22T13:19:44+08:00 ] ERR: (ThinkException) 无法加载模块Tpl
[ 2011-12-22T13:19:44+08:00 ] ERR: (ThinkException) 无法加载模块Tpl
[ 2011-12-22T13:24:24+08:00 ] ERR: (ThinkException) 无法加载模块Tpl
[ 2011-12-22T13:24:24+08:00 ] ERR: (ThinkException) 无法加载模块Tpl
[ 2011-12-22T13:24:28+08:00 ] ERR: (ThinkException) 无法加载模块Tpl
[ 2011-12-22T13:24:41+08:00 ] ERR: (ThinkException) 无法加载模块Tpl
[ 2011-12-22T13:24:44+08:00 ] ERR: (ThinkException) 无法加载模块Tpl
[ 2011-12-22T13:24:44+08:00 ] ERR: (ThinkException) 无法加载模块Tpl
[ 2011-12-22T13:25:10+08:00 ] ERR: (ThinkException) 无法加载模块Tpl
[ 2011-12-22T13:25:10+08:00 ] ERR: (ThinkException) 无法加载模块Tpl
[ 2011-12-22T13:27:40+08:00 ] ERR: (ThinkException) 无法加载模块Tpl
[ 2011-12-22T13:27:40+08:00 ] ERR: (ThinkException) 无法加载模块Tpl
[ 2011-12-22T13:27:42+08:00 ] ERR: (ThinkException) 无法加载模块Tpl
[ 2011-12-22T13:27:42+08:00 ] ERR: (ThinkException) 无法加载模块Tpl
[ 2011-12-22T13:27:48+08:00 ] ERR: (ThinkException) 无法加载模块Tpl
[ 2011-12-22T13:27:57+08:00 ] ERR: (ThinkException) 无法加载模块Tpl
[ 2011-12-22T13:28:00+08:00 ] ERR: (ThinkException) 无法加载模块Tpl
[ 2011-12-22T13:28:00+08:00 ] ERR: (ThinkException) 无法加载模块Tpl
[ 2011-12-22T13:28:21+08:00 ] ERR: (ThinkException) 无法加载模块Tpl
[ 2011-12-22T13:28:21+08:00 ] ERR: (ThinkException) 无法加载模块Tpl
[ 2011-12-22T13:28:29+08:00 ] ERR: (ThinkException) 无法加载模块Tpl
[ 2011-12-22T13:28:30+08:00 ] ERR: (ThinkException) 无法加载模块Tpl
[ 2011-12-22T13:28:30+08:00 ] ERR: (ThinkException) 无法加载模块Tpl
[ 2011-12-22T13:29:10+08:00 ] ERR: (ThinkException) 无法加载模块Tpl
[ 2011-12-22T13:29:10+08:00 ] ERR: (ThinkException) 无法加载模块Tpl
[ 2011-12-22T13:29:59+08:00 ] ERR: (ThinkException) 无法加载模块Tpl
[ 2011-12-22T13:29:59+08:00 ] ERR: (ThinkException) 无法加载模块Tpl
[ 2011-12-22T13:37:03+08:00 ] ERR: (ThinkException) 无法加载模块Tpl
[ 2011-12-22T13:37:27+08:00 ] ERR: (ThinkException) 无法加载模块Tpl
[ 2011-12-22T13:37:34+08:00 ] ERR: (ThinkException) 无法加载模块Tpl
[ 2011-12-22T13:37:39+08:00 ] ERR: (ThinkException) 无法加载模块Tpl
[ 2011-12-22T13:37:39+08:00 ] ERR: (ThinkException) 无法加载模块Tpl
[ 2011-12-22T13:37:43+08:00 ] ERR: (ThinkException) 无法加载模块Tpl
[ 2011-12-22T13:37:43+08:00 ] ERR: (ThinkException) 无法加载模块Tpl
[ 2011-12-22T15:53:30+08:00 ] ERR: (ThinkException) 无法加载模块Tpl
[ 2011-12-22T15:53:30+08:00 ] ERR: (ThinkException) 无法加载模块Tpl
[ 2011-12-22T15:53:36+08:00 ] ERR: (ThinkException) 无法加载模块Tpl
[ 2011-12-22T15:53:36+08:00 ] ERR: (ThinkException) 无法加载模块Tpl
[ 2011-12-22T15:53:47+08:00 ] ERR: (ThinkException) 无法加载模块Tpl
[ 2011-12-22T15:53:47+08:00 ] ERR: (ThinkException) 无法加载模块Tpl
[ 2011-12-22T15:55:33+08:00 ] ERR: (ThinkException) 无法加载模块Tpl
[ 2011-12-22T15:55:33+08:00 ] ERR: (ThinkException) 无法加载模块Tpl
[ 2011-12-22T15:55:35+08:00 ] ERR: (ThinkException) 无法加载模块Tpl
[ 2011-12-22T15:55:35+08:00 ] ERR: (ThinkException) 无法加载模块Tpl
[ 2011-12-22T15:55:38+08:00 ] ERR: (ThinkException) 无法加载模块Tpl
[ 2011-12-22T15:55:38+08:00 ] ERR: (ThinkException) 无法加载模块Tpl
[ 2011-12-22T15:56:46+08:00 ] ERR: (ThinkException) 无法加载模块Tpl
[ 2011-12-22T15:56:46+08:00 ] ERR: (ThinkException) 无法加载模块Tpl
[ 2011-12-22T16:35:39+08:00 ] ERR: (ThinkException) 无法加载模块Tpl
[ 2011-12-22T16:35:39+08:00 ] ERR: (ThinkException) 无法加载模块Tpl
[ 2011-12-22T16:38:23+08:00 ] ERR: (ThinkException) 无法加载模块Tpl
[ 2011-12-22T16:38:23+08:00 ] ERR: (ThinkException) 无法加载模块Tpl
[ 2011-12-22T16:38:54+08:00 ] ERR: (ThinkException) 无法加载模块Tpl
[ 2011-12-22T16:38:54+08:00 ] ERR: (ThinkException) 无法加载模块Tpl
[ 2011-12-22T16:39:21+08:00 ] ERR: (ThinkException) 无法加载模块Tpl
[ 2011-12-22T16:39:21+08:00 ] ERR: (ThinkException) 无法加载模块Tpl
[ 2011-12-22T16:39:28+08:00 ] ERR: (ThinkException) 无法加载模块Tpl
[ 2011-12-22T16:39:28+08:00 ] ERR: (ThinkException) 无法加载模块Tpl
[ 2011-12-22T16:42:43+08:00 ] ERR: (ThinkException) 无法加载模块Tpl
[ 2011-12-22T16:42:43+08:00 ] ERR: (ThinkException) 无法加载模块Tpl
[ 2011-12-22T16:43:19+08:00 ] ERR: (ThinkException) 无法加载模块Tpl
[ 2011-12-22T16:43:19+08:00 ] ERR: (ThinkException) 无法加载模块Tpl
[ 2011-12-22T16:43:28+08:00 ] ERR: (ThinkException) 无法加载模块Tpl
[ 2011-12-22T16:43:28+08:00 ] ERR: (ThinkException) 无法加载模块Tpl
[ 2011-12-22T16:43:29+08:00 ] ERR: (ThinkException) 无法加载模块Tpl
[ 2011-12-22T16:43:29+08:00 ] ERR: (ThinkException) 无法加载模块Tpl
[ 2011-12-22T16:47:39+08:00 ] ERR: (ThinkException) 无法加载模块Tpl
[ 2011-12-22T16:47:39+08:00 ] ERR: (ThinkException) 无法加载模块Tpl
[ 2011-12-22T16:48:05+08:00 ] ERR: (ThinkException) 无法加载模块Tpl
[ 2011-12-22T16:48:05+08:00 ] ERR: (ThinkException) 无法加载模块Tpl
[ 2011-12-22T16:48:34+08:00 ] ERR: (ThinkException) 无法加载模块Tpl
[ 2011-12-22T16:48:34+08:00 ] ERR: (ThinkException) 无法加载模块Tpl
[ 2011-12-22T16:49:13+08:00 ] ERR: (ThinkException) 无法加载模块Tpl
[ 2011-12-22T16:49:13+08:00 ] ERR: (ThinkException) 无法加载模块Tpl
[ 2011-12-22T16:52:14+08:00 ] ERR: (ThinkException) 无法加载模块Tpl
[ 2011-12-22T16:52:14+08:00 ] ERR: (ThinkException) 无法加载模块Tpl
[ 2011-12-22T16:52:20+08:00 ] ERR: (ThinkException) 无法加载模块Tpl
[ 2011-12-22T16:52:20+08:00 ] ERR: (ThinkException) 无法加载模块Tpl
[ 2011-12-22T16:54:23+08:00 ] ERR: (ThinkException) 无法加载模块Tpl
[ 2011-12-22T16:54:23+08:00 ] ERR: (ThinkException) 无法加载模块Tpl
[ 2011-12-22T16:54:25+08:00 ] ERR: (ThinkException) 无法加载模块Tpl
[ 2011-12-22T16:54:25+08:00 ] ERR: (ThinkException) 无法加载模块Tpl
[ 2011-12-22T16:54:41+08:00 ] ERR: (ThinkException) 无法加载模块Tpl
[ 2011-12-22T16:54:41+08:00 ] ERR: (ThinkException) 无法加载模块Tpl
[ 2011-12-22T16:54:57+08:00 ] ERR: (ThinkException) 无法加载模块Tpl
[ 2011-12-22T16:54:57+08:00 ] ERR: (ThinkException) 无法加载模块Tpl
[ 2011-12-22T16:54:58+08:00 ] ERR: (ThinkException) 无法加载模块Tpl
[ 2011-12-22T16:54:58+08:00 ] ERR: (ThinkException) 无法加载模块Tpl
[ 2011-12-22T16:55:33+08:00 ] ERR: (ThinkException) 无法加载模块Tpl
[ 2011-12-22T16:55:33+08:00 ] ERR: (ThinkException) 无法加载模块Tpl
[ 2011-12-22T16:55:46+08:00 ] ERR: (ThinkException) 无法加载模块Tpl
[ 2011-12-22T16:55:46+08:00 ] ERR: (ThinkException) 无法加载模块Tpl
[ 2011-12-22T16:56:06+08:00 ] ERR: (ThinkException) 无法加载模块Tpl
[ 2011-12-22T16:56:07+08:00 ] ERR: (ThinkException) 无法加载模块Tpl
[ 2011-12-22T16:56:52+08:00 ] ERR: (ThinkException) 无法加载模块Tpl
[ 2011-12-22T16:56:52+08:00 ] ERR: (ThinkException) 无法加载模块Tpl
[ 2011-12-22T16:57:32+08:00 ] ERR: (ThinkException) 无法加载模块Tpl
[ 2011-12-22T16:57:49+08:00 ] ERR: (ThinkException) 无法加载模块Tpl
[ 2011-12-22T16:57:55+08:00 ] ERR: (ThinkException) 无法加载模块Tpl
[ 2011-12-22T16:57:55+08:00 ] ERR: (ThinkException) 无法加载模块Tpl
[ 2011-12-22T16:58:29+08:00 ] ERR: (ThinkException) 无法加载模块Tpl
[ 2011-12-22T16:58:29+08:00 ] ERR: (ThinkException) 无法加载模块Tpl
[ 2011-12-22T16:59:05+08:00 ] ERR: (ThinkException) 无法加载模块Tpl
[ 2011-12-22T16:59:05+08:00 ] ERR: (ThinkException) 无法加载模块Tpl
[ 2011-12-22T17:00:16+08:00 ] ERR: (ThinkException) 无法加载模块Tpl
[ 2011-12-22T17:00:16+08:00 ] ERR: (ThinkException) 无法加载模块Tpl
[ 2011-12-22T17:00:27+08:00 ] ERR: (ThinkException) 无法加载模块Tpl
[ 2011-12-22T17:00:29+08:00 ] ERR: (ThinkException) 无法加载模块Tpl
[ 2011-12-22T17:00:44+08:00 ] ERR: (ThinkException) 无法加载模块Tpl
[ 2011-12-22T17:01:08+08:00 ] ERR: (ThinkException) 无法加载模块Tpl
[ 2011-12-22T17:05:25+08:00 ] ERR: (ThinkException) 无法加载模块Tpl
[ 2011-12-22T17:05:35+08:00 ] ERR: (ThinkException) 无法加载模块Tpl
[ 2011-12-22T17:06:36+08:00 ] ERR: (ThinkException) 无法加载模块Tpl
[ 2011-12-22T17:07:55+08:00 ] ERR: (ThinkException) 无法加载模块Tpl
[ 2011-12-22T17:08:29+08:00 ] ERR: (ThinkException) 无法加载模块Tpl
[ 2011-12-22T17:08:41+08:00 ] ERR: (ThinkException) 无法加载模块Tpl
[ 2011-12-22T17:09:27+08:00 ] ERR: (ThinkException) 无法加载模块Tpl
[ 2011-12-22T17:11:17+08:00 ] ERR: (ThinkException) 无法加载模块Tpl
[ 2011-12-22T17:13:41+08:00 ] ERR: (ThinkException) 无法加载模块Tpl
[ 2011-12-22T17:13:48+08:00 ] ERR: (ThinkException) 无法加载模块Tpl
[ 2011-12-22T17:14:14+08:00 ] ERR: (ThinkException) 无法加载模块Tpl
[ 2011-12-22T17:14:55+08:00 ] ERR: (ThinkException) 无法加载模块Tpl
[ 2011-12-22T17:15:02+08:00 ] ERR: (ThinkException) 无法加载模块Tpl
[ 2011-12-22T17:15:12+08:00 ] ERR: (ThinkException) 无法加载模块Tpl
[ 2011-12-22T17:15:15+08:00 ] ERR: (ThinkException) 无法加载模块Tpl
[ 2011-12-22T17:15:34+08:00 ] ERR: (ThinkException) 无法加载模块Tpl
[ 2011-12-22T17:16:16+08:00 ] ERR: (ThinkException) 无法加载模块Tpl
[ 2011-12-22T17:16:17+08:00 ] ERR: (ThinkException) 无法加载模块Tpl
[ 2011-12-22T17:16:41+08:00 ] ERR: (ThinkException) 无法加载模块Tpl
[ 2011-12-22T17:17:12+08:00 ] ERR: (ThinkException) 无法加载模块Tpl
[ 2011-12-22T17:20:14+08:00 ] ERR: (ThinkException) 无法加载模块albu
[ 2011-12-22T17:20:45+08:00 ] ERR: (ThinkException) 无法加载模块Tpl
[ 2011-12-22T17:21:00+08:00 ] ERR: (ThinkException) 无法加载模块Tpl
[ 2011-12-22T17:21:02+08:00 ] ERR: (ThinkException) 无法加载模块Tpl
[ 2011-12-22T17:22:01+08:00 ] ERR: (ThinkException) 无法加载模块Tpl
[ 2011-12-22T17:22:19+08:00 ] ERR: (ThinkException) 无法加载模块Tpl
[ 2011-12-22T17:22:29+08:00 ] ERR: (ThinkException) 无法加载模块Tpl
[ 2011-12-22T17:22:38+08:00 ] ERR: (ThinkException) 无法加载模块Tpl
[ 2011-12-22T17:22:58+08:00 ] ERR: (ThinkException) 无法加载模块Tpl
[ 2011-12-22T17:23:10+08:00 ] ERR: (ThinkException) 无法加载模块Tpl
[ 2011-12-22T17:23:24+08:00 ] ERR: (ThinkException) 无法加载模块Tpl
[ 2011-12-22T17:23:36+08:00 ] ERR: (ThinkException) 无法加载模块Tpl
[ 2011-12-22T17:23:43+08:00 ] ERR: (ThinkException) 无法加载模块Tpl
[ 2011-12-22T17:23:43+08:00 ] ERR: (ThinkException) 无法加载模块Tpl
[ 2011-12-22T17:24:47+08:00 ] ERR: (ThinkException) 无法加载模块Tpl
[ 2011-12-22T17:24:47+08:00 ] ERR: (ThinkException) 无法加载模块Tpl
[ 2011-12-22T17:37:02+08:00 ] ERR: (ThinkException) 无法加载模块Tpl
[ 2011-12-22T17:37:05+08:00 ] ERR: (ThinkException) 无法加载模块Tpl
[ 2011-12-22T17:37:48+08:00 ] ERR: (ThinkException) 无法加载模块Tpl
[ 2011-12-22T17:38:11+08:00 ] ERR: (ThinkException) 无法加载模块Tpl
[ 2011-12-22T17:38:11+08:00 ] ERR: (ThinkException) 无法加载模块Tpl
[ 2011-12-22T17:38:22+08:00 ] ERR: (ThinkException) 无法加载模块Tpl
[ 2011-12-22T17:38:25+08:00 ] ERR: (ThinkException) 无法加载模块Tpl
[ 2011-12-22T17:38:25+08:00 ] ERR: (ThinkException) 无法加载模块Tpl
[ 2011-12-22T17:38:45+08:00 ] ERR: (ThinkException) 无法加载模块Tpl
[ 2011-12-22T17:40:19+08:00 ] ERR: (ThinkException) 无法加载模块Tpl
[ 2011-12-22T17:40:21+08:00 ] ERR: (ThinkException) 无法加载模块Tpl
[ 2011-12-22T17:40:39+08:00 ] ERR: (ThinkException) 无法加载模块Tpl
[ 2011-12-22T17:45:04+08:00 ] ERR: (ThinkException) 无法加载模块Tpl
[ 2011-12-22T17:45:15+08:00 ] ERR: (ThinkException) 无法加载模块Tpl
[ 2011-12-22T17:45:18+08:00 ] ERR: (ThinkException) 无法加载模块Tpl
[ 2011-12-22T17:45:26+08:00 ] ERR: (ThinkException) 无法加载模块Tpl
[ 2011-12-22T17:45:28+08:00 ] ERR: (ThinkException) 无法加载模块IMPS
[ 2011-12-22T17:45:29+08:00 ] ERR: (ThinkException) 无法加载模块Tpl
[ 2011-12-22T17:45:35+08:00 ] ERR: (ThinkException) 无法加载模块IMPS
[ 2011-12-22T17:45:36+08:00 ] ERR: (ThinkException) 无法加载模块Tpl
[ 2011-12-22T17:49:20+08:00 ] ERR: (ThinkException) 无法加载模块Tpl
[ 2011-12-22T17:49:56+08:00 ] ERR: (ThinkException) 无法加载模块Tpl
[ 2011-12-22T17:49:56+08:00 ] ERR: (ThinkException) 无法加载模块Tpl
[ 2011-12-22T17:50:00+08:00 ] ERR: (ThinkException) 无法加载模块Tpl
[ 2011-12-22T17:50:31+08:00 ] ERR: (ThinkException) 无法加载模块Tpl
[ 2011-12-22T17:50:40+08:00 ] ERR: (ThinkException) 无法加载模块Tpl
[ 2011-12-22T18:00:04+08:00 ] ERR: (ThinkException) 无法加载模块Tpl
[ 2011-12-22T18:00:07+08:00 ] ERR: (ThinkException) 无法加载模块Tpl
[ 2011-12-22T18:00:12+08:00 ] ERR: (ThinkException) 无法加载模块Tpl
[ 2011-12-22T18:00:27+08:00 ] ERR: (ThinkException) 无法加载模块Tpl
[ 2011-12-22T18:00:29+08:00 ] ERR: (ThinkException) 无法加载模块Tpl
[ 2011-12-22T18:00:53+08:00 ] ERR: (ThinkException) 无法加载模块Tpl
[ 2011-12-22T18:00:55+08:00 ] ERR: (ThinkException) 无法加载模块Tpl
[ 2011-12-22T18:01:26+08:00 ] ERR: (ThinkException) 无法加载模块Tpl
[ 2011-12-22T18:01:41+08:00 ] ERR: (ThinkException) 无法加载模块Tpl
[ 2011-12-22T18:01:44+08:00 ] ERR: (ThinkException) 无法加载模块Tpl
[ 2011-12-22T19:53:47+08:00 ] ERR: (ThinkException) 无法加载模块Tpl
[ 2011-12-22T19:53:49+08:00 ] ERR: (ThinkException) 无法加载模块Tpl
[ 2011-12-22T19:53:54+08:00 ] ERR: (ThinkException) 无法加载模块Tpl
[ 2011-12-22T19:53:59+08:00 ] ERR: (ThinkException) 无法加载模块Tpl
[ 2011-12-22T19:54:00+08:00 ] ERR: (ThinkException) 无法加载模块Tpl
[ 2011-12-22T19:54:01+08:00 ] ERR: (ThinkException) 无法加载模块Tpl
[ 2011-12-22T19:54:03+08:00 ] ERR: (ThinkException) 无法加载模块Tpl
[ 2011-12-22T19:54:05+08:00 ] ERR: (ThinkException) 无法加载模块Tpl
[ 2011-12-22T19:54:07+08:00 ] ERR: (ThinkException) 无法加载模块Tpl
[ 2011-12-22T19:54:08+08:00 ] ERR: (ThinkException) 无法加载模块IMPS
[ 2011-12-22T19:54:10+08:00 ] ERR: (ThinkException) 无法加载模块Tpl
[ 2011-12-22T19:54:13+08:00 ] ERR: (ThinkException) 无法加载模块Tpl
[ 2011-12-22T19:54:17+08:00 ] ERR: (ThinkException) 无法加载模块Tpl
[ 2011-12-22T19:54:18+08:00 ] ERR: (ThinkException) 无法加载模块Tpl
[ 2011-12-22T19:59:47+08:00 ] ERR: (ThinkException) 无法加载模块Tpl
[ 2011-12-22T20:00:02+08:00 ] ERR: (ThinkException) 非法操作images
[ 2011-12-22T20:00:02+08:00 ] ERR: (ThinkException) 非法操作images
[ 2011-12-22T20:00:02+08:00 ] ERR: (ThinkException) 非法操作images
[ 2011-12-22T20:00:02+08:00 ] ERR: (ThinkException) 无法加载模块Tpl
[ 2011-12-22T20:00:05+08:00 ] ERR: (ThinkException) 无法加载模块Tpl
[ 2011-12-22T20:00:05+08:00 ] ERR: (ThinkException) 无法加载模块Tpl
[ 2011-12-22T20:00:06+08:00 ] ERR: (ThinkException) 无法加载模块Tpl
[ 2011-12-22T20:00:09+08:00 ] ERR: (ThinkException) 无法加载模块Tpl
[ 2011-12-22T20:00:09+08:00 ] ERR: (ThinkException) 无法加载模块Tpl
[ 2011-12-22T20:00:18+08:00 ] ERR: (ThinkException) 无法加载模块Tpl
[ 2011-12-22T20:01:15+08:00 ] ERR: (ThinkException) 无法加载模块Tpl
[ 2011-12-22T20:04:40+08:00 ] ERR: (ThinkException) 无法加载模块Tpl
[ 2011-12-22T20:04:40+08:00 ] ERR: (ThinkException) 无法加载模块Tpl
[ 2011-12-22T20:04:41+08:00 ] ERR: (ThinkException) 无法加载模块Tpl
[ 2011-12-22T22:08:11+08:00 ] ERR: (ThinkException) 无法加载模块Tpl
[ 2011-12-22T22:13:04+08:00 ] ERR: (ThinkException) 无法加载模块Tpl
[ 2011-12-22T22:41:29+08:00 ] ERR: (ThinkException) 无法加载模块Tpl
[ 2011-12-22T22:41:32+08:00 ] ERR: (ThinkException) 无法加载模块Tpl
[ 2011-12-22T22:41:35+08:00 ] ERR: (ThinkException) 无法加载模块Tpl
[ 2011-12-22T22:59:05+08:00 ] ERR: (ThinkException) 无法加载模块Tpl
[ 2011-12-22T22:59:46+08:00 ] ERR: (ThinkException) 无法加载模块Tpl
[ 2011-12-22T23:24:09+08:00 ] ERR: (ThinkException) 无法加载模块Tpl
