[ 2011-11-24T01:22:17+08:00 ] SQL: SHOW COLUMNS FROM `user` [ RunTime:0.024477s ]
[ 2011-11-24T01:22:17+08:00 ] SQL: SELECT * FROM `user` WHERE ( `username` = 'li' ) LIMIT 1  [ RunTime:0.000340s ]
[ 2011-11-24T01:22:17+08:00 ] SQL: SHOW COLUMNS FROM `validation` [ RunTime:0.002280s ]
[ 2011-11-24T01:22:17+08:00 ] NOTIC: [8] Undefined index: id PublicAction.class.php 第 56 行.
[ 2011-11-24T01:22:17+08:00 ] SQL: SELECT * FROM `validation` WHERE ( `userid` = null ) LIMIT 1  [ RunTime:0.008282s ]
[ 2011-11-24T01:26:45+08:00 ] ERR: (ThinkException) 无法加载模块IMPS
[ 2011-11-24T01:26:45+08:00 ] ERR: (ThinkException) 无法加载模块IMPS
[ 2011-11-24T01:26:47+08:00 ] ERR: (ThinkException) 无法加载模块IMPS
[ 2011-11-24T01:26:47+08:00 ] ERR: (ThinkException) 无法加载模块IMPS
[ 2011-11-24T01:28:26+08:00 ] NOTIC: [8] Undefined index: gender PublicAction.class.php 第 93 行.
[ 2011-11-24T01:28:26+08:00 ] SQL: SHOW COLUMNS FROM `user` [ RunTime:0.002313s ]
[ 2011-11-24T01:28:26+08:00 ] SQL: SELECT * FROM `user` WHERE ( `username` = '用户名' ) LIMIT 1  [ RunTime:0.043754s ]
[ 2011-11-24T01:28:26+08:00 ] SQL: INSERT INTO `user` (`username`,`password`,`email`,`gender`) VALUES ('用户名','密码','邮箱','M') [ RunTime:0.093083s ]
[ 2011-11-24T01:28:26+08:00 ] SQL: SHOW COLUMNS FROM `validation` [ RunTime:0.002384s ]
[ 2011-11-24T01:28:26+08:00 ] SQL: SELECT MAX(id) AS tp_max FROM `validation` LIMIT 1  [ RunTime:0.000517s ]
[ 2011-11-24T01:28:30+08:00 ] NOTIC: [8] Undefined index: gender PublicAction.class.php 第 93 行.
[ 2011-11-24T01:28:30+08:00 ] SQL: SHOW COLUMNS FROM `user` [ RunTime:0.002249s ]
[ 2011-11-24T01:28:30+08:00 ] SQL: SELECT * FROM `user` WHERE ( `username` = '用户名' ) LIMIT 1  [ RunTime:0.000531s ]
[ 2011-11-24T01:28:31+08:00 ] SQL: INSERT INTO `user` (`username`,`password`,`email`,`gender`) VALUES ('用户名','密码','邮箱','M') [ RunTime:0.080377s ]
[ 2011-11-24T01:28:31+08:00 ] SQL: SHOW COLUMNS FROM `validation` [ RunTime:0.002697s ]
[ 2011-11-24T01:28:31+08:00 ] SQL: SELECT MAX(id) AS tp_max FROM `validation` LIMIT 1  [ RunTime:0.000649s ]
[ 2011-11-24T01:30:02+08:00 ] SQL: SHOW COLUMNS FROM `user` [ RunTime:0.002325s ]
[ 2011-11-24T01:30:02+08:00 ] SQL: SELECT * FROM `user` WHERE ( `username` = '用户名' ) LIMIT 1  [ RunTime:0.000628s ]
[ 2011-11-24T01:30:02+08:00 ] SQL: INSERT INTO `user` (`username`,`password`,`email`,`gender`) VALUES ('用户名','密码','邮箱','F') [ RunTime:0.085398s ]
[ 2011-11-24T01:30:02+08:00 ] SQL: SHOW COLUMNS FROM `validation` [ RunTime:0.002707s ]
[ 2011-11-24T01:30:02+08:00 ] SQL: SELECT MAX(id) AS tp_max FROM `validation` LIMIT 1  [ RunTime:0.000588s ]
[ 2011-11-24T01:39:10+08:00 ] SQL: SHOW COLUMNS FROM `user` [ RunTime:0.002399s ]
[ 2011-11-24T01:39:10+08:00 ] SQL: SELECT * FROM `user` WHERE ( `username` = '用户名' ) LIMIT 1  [ RunTime:0.000246s ]
[ 2011-11-24T01:39:10+08:00 ] SQL: INSERT INTO `user` (`username`,`password`,`email`,`gender`) VALUES ('用户名','密码','邮箱','F') [ RunTime:0.084000s ]
[ 2011-11-24T01:39:10+08:00 ] SQL: SHOW COLUMNS FROM `validation` [ RunTime:0.002122s ]
[ 2011-11-24T01:39:10+08:00 ] SQL: SELECT MAX(id) AS tp_max FROM `validation` LIMIT 1  [ RunTime:0.000851s ]
[ 2011-11-24T16:35:13+08:00 ] NOTIC: [8] Use of undefined constant result - assumed 'result' ValidationService.class.php 第 77 行.
[ 2011-11-24T16:35:13+08:00 ] SQL: SHOW COLUMNS FROM `validation` [ RunTime:0.084595s ]
[ 2011-11-24T16:35:13+08:00 ] SQL: SELECT * FROM `validation` WHERE ( `id` = 'r' ) AND ( `code` = 'r' ) LIMIT 1  [ RunTime:0.015222s ]
[ 2011-11-24T16:38:53+08:00 ] NOTIC: [8] Use of undefined constant result - assumed 'result' ValidationService.class.php 第 77 行.
[ 2011-11-24T16:38:53+08:00 ] SQL: SHOW COLUMNS FROM `validation` [ RunTime:0.002716s ]
[ 2011-11-24T16:38:53+08:00 ] SQL: SELECT * FROM `validation` WHERE ( `id` = 'r' ) AND ( `code` = 'r' ) LIMIT 1  [ RunTime:0.000536s ]
[ 2011-11-24T16:39:30+08:00 ] NOTIC: [8] Use of undefined constant result - assumed 'result' ValidationService.class.php 第 77 行.
[ 2011-11-24T16:39:30+08:00 ] SQL: SHOW COLUMNS FROM `validation` [ RunTime:0.003087s ]
[ 2011-11-24T16:39:30+08:00 ] SQL: SELECT * FROM `validation` WHERE ( `id` = 'r' ) AND ( `code` = 'r' ) LIMIT 1  [ RunTime:0.000527s ]
[ 2011-11-24T16:41:24+08:00 ] NOTIC: [8] Use of undefined constant result - assumed 'result' ValidationService.class.php 第 77 行.
[ 2011-11-24T16:41:24+08:00 ] SQL: SHOW COLUMNS FROM `validation` [ RunTime:0.002199s ]
[ 2011-11-24T16:41:24+08:00 ] SQL: SELECT * FROM `validation` WHERE ( `id` = 'r' ) AND ( `code` = 'r' ) LIMIT 1  [ RunTime:0.000394s ]
[ 2011-11-24T16:42:11+08:00 ] NOTIC: [8] Use of undefined constant result - assumed 'result' ValidationService.class.php 第 77 行.
[ 2011-11-24T16:42:11+08:00 ] SQL: SHOW COLUMNS FROM `validation` [ RunTime:0.002400s ]
[ 2011-11-24T16:42:11+08:00 ] SQL: SELECT * FROM `validation` WHERE ( `id` = 'r' ) AND ( `code` = 'r' ) LIMIT 1  [ RunTime:0.000480s ]
[ 2011-11-24T16:43:28+08:00 ] SQL: SHOW COLUMNS FROM `validation` [ RunTime:0.058053s ]
[ 2011-11-24T16:43:28+08:00 ] SQL: SELECT * FROM `validation` WHERE ( `id` = '4' ) AND ( `code` = 'ce4914a5c38154dd405b5b3d9654d0b5' ) LIMIT 1  [ RunTime:0.017281s ]
[ 2011-11-24T16:43:28+08:00 ] NOTIC: [8] Undefined index: res PublicAction.class.php 第 200 行.
[ 2011-11-24T16:44:58+08:00 ] SQL: SHOW COLUMNS FROM `validation` [ RunTime:0.060138s ]
[ 2011-11-24T16:44:58+08:00 ] SQL: SELECT * FROM `validation` WHERE ( `id` = '4' ) AND ( `code` = 'ce4914a5c38154dd405b5b3d9654d0b5' ) LIMIT 1  [ RunTime:0.000802s ]
[ 2011-11-24T16:45:27+08:00 ] SQL: SHOW COLUMNS FROM `validation` [ RunTime:0.002638s ]
[ 2011-11-24T16:45:27+08:00 ] SQL: SELECT * FROM `validation` WHERE ( `id` = '4' ) AND ( `code` = 'ce4914a5c38154dd405b5b3d9654d0b5' ) LIMIT 1  [ RunTime:0.000610s ]
[ 2011-11-24T16:46:03+08:00 ] SQL: SHOW COLUMNS FROM `validation` [ RunTime:0.002492s ]
[ 2011-11-24T16:46:03+08:00 ] SQL: SELECT * FROM `validation` WHERE ( `id` = '4' ) AND ( `code` = 'ce4914a5c38154dd405b5b3d9654d0b5' ) LIMIT 1  [ RunTime:0.000368s ]
[ 2011-11-24T16:46:14+08:00 ] SQL: SHOW COLUMNS FROM `validation` [ RunTime:0.002211s ]
[ 2011-11-24T16:46:14+08:00 ] SQL: SELECT * FROM `validation` WHERE ( `id` = '4' ) AND ( `code` = 'ce4914a5c38154dd405b5b3d9654d0b5' ) LIMIT 1  [ RunTime:0.000556s ]
[ 2011-11-24T16:46:15+08:00 ] SQL: SHOW COLUMNS FROM `validation` [ RunTime:0.003039s ]
[ 2011-11-24T16:46:15+08:00 ] SQL: SELECT * FROM `validation` WHERE ( `id` = '4' ) AND ( `code` = 'ce4914a5c38154dd405b5b3d9654d0b5' ) LIMIT 1  [ RunTime:0.000652s ]
[ 2011-11-24T16:52:10+08:00 ] SQL: SHOW COLUMNS FROM `validation` [ RunTime:0.002574s ]
[ 2011-11-24T16:52:10+08:00 ] SQL: SELECT * FROM `validation` WHERE ( `id` = '4' ) AND ( `code` = '$ids' ) LIMIT 1  [ RunTime:0.000472s ]
[ 2011-11-24T16:52:34+08:00 ] SQL: SHOW COLUMNS FROM `validation` [ RunTime:0.002239s ]
[ 2011-11-24T16:52:34+08:00 ] SQL: SELECT * FROM `validation` WHERE ( `id` = '4' ) AND ( `code` = '$ids' ) LIMIT 1  [ RunTime:0.000553s ]
[ 2011-11-24T16:52:47+08:00 ] SQL: SHOW COLUMNS FROM `validation` [ RunTime:0.002896s ]
[ 2011-11-24T16:52:47+08:00 ] SQL: SELECT * FROM `validation` WHERE ( `id` = '4' ) AND ( `code` = 'ce4914a5c38154dd405b5b3d9654d0b5' ) LIMIT 1  [ RunTime:0.000491s ]
[ 2011-11-24T16:54:28+08:00 ] SQL: SHOW COLUMNS FROM `validation` [ RunTime:0.002306s ]
[ 2011-11-24T16:54:28+08:00 ] SQL: SELECT * FROM `validation` WHERE ( `id` = '2' ) AND ( `code` = '23232323' ) LIMIT 1  [ RunTime:0.000595s ]
[ 2011-11-24T16:54:28+08:00 ] SQL: UPDATE `validation` SET `userid`='1',`code`='23232323',`status`=1 WHERE ( `id` = '2' ) [ RunTime:0.137659s ]
[ 2011-11-24T16:57:51+08:00 ] SQL: SHOW COLUMNS FROM `user` [ RunTime:0.002242s ]
[ 2011-11-24T16:57:51+08:00 ] SQL: SELECT * FROM `user` WHERE ( `username` = 'lili' ) LIMIT 1  [ RunTime:0.000391s ]
[ 2011-11-24T16:57:51+08:00 ] SQL: INSERT INTO `user` (`username`,`password`,`email`,`gender`) VALUES ('lili','lili','liwenhaosuper@126.com','M') [ RunTime:0.109528s ]
[ 2011-11-24T16:57:51+08:00 ] SQL: SHOW COLUMNS FROM `validation` [ RunTime:0.002517s ]
[ 2011-11-24T16:57:51+08:00 ] SQL: SELECT MAX(id) AS tp_max FROM `validation` LIMIT 1  [ RunTime:0.055933s ]
[ 2011-11-24T16:57:52+08:00 ] SQL: SHOW COLUMNS FROM `validation` [ RunTime:0.002556s ]
[ 2011-11-24T16:57:52+08:00 ] SQL: INSERT INTO `validation` (`userid`,`code`,`status`) VALUES (20,'304dbee8afac9f91bc211009ce9de3e8',0) [ RunTime:0.078759s ]
[ 2011-11-24T16:59:12+08:00 ] SQL: SHOW COLUMNS FROM `user` [ RunTime:0.002559s ]
[ 2011-11-24T16:59:12+08:00 ] SQL: SELECT * FROM `user` WHERE ( `username` = 'lili' ) LIMIT 1  [ RunTime:0.000354s ]
[ 2011-11-24T16:59:12+08:00 ] SQL: SHOW COLUMNS FROM `validation` [ RunTime:0.002403s ]
[ 2011-11-24T16:59:12+08:00 ] NOTIC: [8] Undefined index: id PublicAction.class.php 第 56 行.
[ 2011-11-24T16:59:12+08:00 ] SQL: SELECT * FROM `validation` WHERE ( `userid` = null ) LIMIT 1  [ RunTime:0.031756s ]
[ 2011-11-24T17:03:24+08:00 ] SQL: SHOW COLUMNS FROM `user` [ RunTime:0.002222s ]
[ 2011-11-24T17:03:24+08:00 ] SQL: SELECT * FROM `user` WHERE ( `username` = 'lili' ) LIMIT 1  [ RunTime:0.000511s ]
[ 2011-11-24T17:03:24+08:00 ] SQL: SHOW COLUMNS FROM `validation` [ RunTime:0.002234s ]
[ 2011-11-24T17:03:24+08:00 ] NOTIC: [8] Undefined index: id PublicAction.class.php 第 56 行.
[ 2011-11-24T17:03:24+08:00 ] SQL: SELECT * FROM `validation` WHERE ( `userid` = null ) LIMIT 1  [ RunTime:0.000425s ]
[ 2011-11-24T17:04:24+08:00 ] SQL: SHOW COLUMNS FROM `user` [ RunTime:0.002413s ]
[ 2011-11-24T17:04:24+08:00 ] SQL: SELECT * FROM `user` WHERE ( `username` = 'lili' ) LIMIT 1  [ RunTime:0.000292s ]
[ 2011-11-24T17:04:24+08:00 ] SQL: SHOW COLUMNS FROM `validation` [ RunTime:0.001987s ]
[ 2011-11-24T17:04:24+08:00 ] SQL: SELECT * FROM `validation` WHERE ( `userid` = '20' ) LIMIT 1  [ RunTime:0.000391s ]
[ 2011-11-24T17:09:17+08:00 ] SQL: SHOW COLUMNS FROM `validation` [ RunTime:0.002447s ]
[ 2011-11-24T17:09:17+08:00 ] SQL: SELECT * FROM `validation` WHERE ( `id` = '1' ) AND ( `code` = '304dbee8afac9f91bc211009ce9de3e8' ) LIMIT 1  [ RunTime:0.000555s ]
[ 2011-11-24T17:10:27+08:00 ] SQL: SHOW COLUMNS FROM `validation` [ RunTime:0.002603s ]
[ 2011-11-24T17:10:27+08:00 ] SQL: SELECT * FROM `validation` WHERE ( `id` = '1' ) AND ( `code` = '304dbee8afac9f91bc211009ce9de3e8' ) LIMIT 1  [ RunTime:0.000524s ]
[ 2011-11-24T17:15:51+08:00 ] SQL: SHOW COLUMNS FROM `user` [ RunTime:0.002550s ]
[ 2011-11-24T17:15:51+08:00 ] SQL: SELECT * FROM `user` WHERE ( `username` = 'lilili' ) LIMIT 1  [ RunTime:0.000637s ]
[ 2011-11-24T17:15:51+08:00 ] SQL: INSERT INTO `user` (`username`,`password`,`email`,`gender`) VALUES ('lilili','lilili','liwenhaosuper@126.com','F') [ RunTime:0.091532s ]
[ 2011-11-24T17:15:51+08:00 ] SQL: SHOW COLUMNS FROM `validation` [ RunTime:0.002496s ]
[ 2011-11-24T17:15:51+08:00 ] NOTIC: [8] Undefined variable: validateCode PublicAction.class.php 第 102 行.
[ 2011-11-24T17:15:51+08:00 ] SQL: INSERT INTO `validation` (`userid`,`code`,`status`) VALUES (21,null,0) [ RunTime:0.000518s ]
[ 2011-11-24T17:18:15+08:00 ] SQL: SHOW COLUMNS FROM `user` [ RunTime:0.002205s ]
[ 2011-11-24T17:18:15+08:00 ] SQL: SELECT * FROM `user` WHERE ( `username` = '2222' ) LIMIT 1  [ RunTime:0.000416s ]
[ 2011-11-24T17:18:15+08:00 ] SQL: INSERT INTO `user` (`username`,`password`,`email`,`gender`) VALUES ('2222','2222','liwenhaosuper@126.com','F') [ RunTime:0.066226s ]
[ 2011-11-24T17:18:15+08:00 ] SQL: SHOW COLUMNS FROM `validation` [ RunTime:0.002414s ]
[ 2011-11-24T17:18:15+08:00 ] NOTIC: [8] Undefined variable: validateCode PublicAction.class.php 第 102 行.
[ 2011-11-24T17:18:15+08:00 ] SQL: INSERT INTO `validation` (`userid`,`code`,`status`) VALUES (22,null,0) [ RunTime:0.000293s ]
[ 2011-11-24T17:21:00+08:00 ] SQL: SHOW COLUMNS FROM `user` [ RunTime:0.003095s ]
[ 2011-11-24T17:21:00+08:00 ] SQL: SELECT * FROM `user` WHERE ( `username` = 'aaaaaaaaaaaa' ) LIMIT 1  [ RunTime:0.000512s ]
[ 2011-11-24T17:21:00+08:00 ] SQL: INSERT INTO `user` (`username`,`password`,`email`,`gender`) VALUES ('aaaaaaaaaaaa','$validationId','liwenhaosuper@126.com','F') [ RunTime:0.056524s ]
[ 2011-11-24T17:21:00+08:00 ] SQL: SHOW COLUMNS FROM `validation` [ RunTime:0.003196s ]
[ 2011-11-24T17:21:00+08:00 ] NOTIC: [8] Undefined variable: validateCode PublicAction.class.php 第 102 行.
[ 2011-11-24T17:21:00+08:00 ] SQL: INSERT INTO `validation` (`userid`,`code`,`status`) VALUES (23,null,0) [ RunTime:0.000246s ]
[ 2011-11-24T17:27:53+08:00 ] SQL: SHOW COLUMNS FROM `validation` [ RunTime:0.002443s ]
[ 2011-11-24T17:27:53+08:00 ] SQL: SELECT * FROM `validation` WHERE ( `userid` = '20' ) AND ( `code` = '304dbee8afac9f91bc211009ce9de3e8' ) LIMIT 1  [ RunTime:0.000516s ]
[ 2011-11-24T17:27:53+08:00 ] SQL: UPDATE `validation` SET `userid`='20',`code`='304dbee8afac9f91bc211009ce9de3e8',`status`=1 WHERE ( `id` = '5' ) [ RunTime:0.065557s ]
[ 2011-11-24T17:28:18+08:00 ] SQL: SHOW COLUMNS FROM `user` [ RunTime:0.002787s ]
[ 2011-11-24T17:28:18+08:00 ] SQL: SELECT * FROM `user` WHERE ( `username` = 'lili' ) LIMIT 1  [ RunTime:0.000846s ]
[ 2011-11-24T17:28:18+08:00 ] SQL: SHOW COLUMNS FROM `validation` [ RunTime:0.002706s ]
[ 2011-11-24T17:28:18+08:00 ] SQL: SELECT * FROM `validation` WHERE ( `userid` = '20' ) LIMIT 1  [ RunTime:0.000446s ]
[ 2011-11-24T17:43:58+08:00 ] SQL: SHOW COLUMNS FROM `user` [ RunTime:0.002391s ]
[ 2011-11-24T17:43:58+08:00 ] SQL: SELECT * FROM `user` WHERE ( `username` = 'test' ) LIMIT 1  [ RunTime:0.000656s ]
[ 2011-11-24T17:43:58+08:00 ] SQL: INSERT INTO `user` (`username`,`password`,`email`,`gender`) VALUES ('test','test','liwenhaosuper@126.com','F') [ RunTime:0.069132s ]
[ 2011-11-24T17:43:59+08:00 ] SQL: SHOW COLUMNS FROM `validation` [ RunTime:0.002596s ]
[ 2011-11-24T17:43:59+08:00 ] SQL: INSERT INTO `validation` (`userid`,`code`,`status`) VALUES (24,'304dbee8afac9f91bc211009ce9de3e8',0) [ RunTime:0.053607s ]
[ 2011-11-24T17:44:33+08:00 ] SQL: SHOW COLUMNS FROM `user` [ RunTime:0.002303s ]
[ 2011-11-24T17:44:33+08:00 ] SQL: SELECT * FROM `user` WHERE ( `username` = 'test' ) LIMIT 1  [ RunTime:0.000389s ]
[ 2011-11-24T17:44:33+08:00 ] SQL: SHOW COLUMNS FROM `validation` [ RunTime:0.002102s ]
[ 2011-11-24T17:44:33+08:00 ] SQL: SELECT * FROM `validation` WHERE ( `userid` = '24' ) LIMIT 1  [ RunTime:0.000399s ]
[ 2011-11-24T17:45:25+08:00 ] SQL: SHOW COLUMNS FROM `validation` [ RunTime:0.002316s ]
[ 2011-11-24T17:45:25+08:00 ] SQL: SELECT * FROM `validation` WHERE ( `userid` = '24' ) AND ( `code` = '304dbee8afac9f91bc211009ce9de3e8' ) LIMIT 1  [ RunTime:0.000559s ]
[ 2011-11-24T17:45:25+08:00 ] SQL: UPDATE `validation` SET `userid`='24',`code`='304dbee8afac9f91bc211009ce9de3e8',`status`=1 WHERE ( `id` = '6' ) [ RunTime:0.032136s ]
[ 2011-11-24T17:45:40+08:00 ] SQL: SHOW COLUMNS FROM `user` [ RunTime:0.002260s ]
[ 2011-11-24T17:45:40+08:00 ] SQL: SELECT * FROM `user` WHERE ( `username` = 'test' ) LIMIT 1  [ RunTime:0.000383s ]
[ 2011-11-24T17:45:40+08:00 ] SQL: SHOW COLUMNS FROM `validation` [ RunTime:0.002065s ]
[ 2011-11-24T17:45:40+08:00 ] SQL: SELECT * FROM `validation` WHERE ( `userid` = '24' ) LIMIT 1  [ RunTime:0.000468s ]
